#
# A fatal error has been detected by the Java Runtime Environment:
#
#  EXCEPTION_ACCESS_VIOLATION (0xc0000005) at pc=0x00007ffaf7491050, pid=6148, tid=5824
#
# JRE version: OpenJDK Runtime Environment JBR-11.0.10.8-1145.96-jcef (11.0.10+8) (build 11.0.10+8-b1145.96)
# Java VM: OpenJDK 64-Bit Server VM JBR-11.0.10.8-1145.96-jcef (11.0.10+8-b1145.96, mixed mode, tiered, compressed oops, g1 gc, windows-amd64)
# Problematic frame:
# C  [skiko.dll+0x751050]
#
# No core dump will be written. Minidumps are not enabled by default on client versions of Windows
#
# If you would like to submit a bug report, please visit:
#   https://bugreport.java.com/bugreport/crash.jsp
# The crash happened outside the Java Virtual Machine in native code.
# See problematic frame for where to report the bug.
#

---------------  S U M M A R Y ------------

Command Line: -javaagent:D:\JetBrains\IntelliJ IDEA Community Edition 2020.2.3\lib\idea_rt.jar=49251:D:\JetBrains\IntelliJ IDEA Community Edition 2020.2.3\bin -Dfile.encoding=UTF-8 MainKt

Host: Intel(R) Core(TM) i5-3210M CPU @ 2.50GHz, 4 cores, 7G,  Windows 8.1 , 64 bit Build 9600 (6.3.9600.17031)
Time: Wed Apr 21 17:42:20 2021 Arab Standard Time elapsed time: 14.204623 seconds (0d 0h 0m 14s)

---------------  T H R E A D  ---------------

Current thread (0x000000d300888000):  JavaThread "AWT-EventQueue-0" [_thread_in_native, id=5824, stack(0x000000d301860000,0x000000d301960000)]

Stack: [0x000000d301860000,0x000000d301960000],  sp=0x000000d3019569e8,  free space=986k
Native frames: (J=compiled Java code, j=interpreted, Vv=VM code, C=native code)
C  [skiko.dll+0x751050]

Java frames: (J=compiled Java code, j=interpreted, Vv=VM code)
j  org.jetbrains.skija.paragraph.Paragraph._nLayout(JF)V+0
j  org.jetbrains.skija.paragraph.Paragraph.layout(F)Lorg/jetbrains/skija/paragraph/Paragraph;+8
j  androidx.compose.ui.text.platform.DesktopParagraphIntrinsics.<init>(Ljava/lang/String;Landroidx/compose/ui/text/TextStyle;Ljava/util/List;Ljava/util/List;Landroidx/compose/ui/unit/Density;Landroidx/compose/ui/text/font/Font$ResourceLoader;)V+105
j  androidx.compose.ui.text.platform.DesktopParagraphIntrinsicsKt.ActualParagraphIntrinsics(Ljava/lang/String;Landroidx/compose/ui/text/TextStyle;Ljava/util/List;Ljava/util/List;Landroidx/compose/ui/unit/Density;Landroidx/compose/ui/text/font/Font$ResourceLoader;)Landroidx/compose/ui/text/ParagraphIntrinsics;+50
j  androidx.compose.ui.text.ParagraphIntrinsicsKt.ParagraphIntrinsics(Ljava/lang/String;Landroidx/compose/ui/text/TextStyle;Ljava/util/List;Ljava/util/List;Landroidx/compose/ui/unit/Density;Landroidx/compose/ui/text/font/Font$ResourceLoader;)Landroidx/compose/ui/text/ParagraphIntrinsics;+46
j  androidx.compose.ui.text.MultiParagraphIntrinsics.<init>(Landroidx/compose/ui/text/AnnotatedString;Landroidx/compose/ui/text/TextStyle;Ljava/util/List;Landroidx/compose/ui/unit/Density;Landroidx/compose/ui/text/font/Font$ResourceLoader;)V+269
j  androidx.compose.ui.text.TextDelegate.layoutIntrinsics(Landroidx/compose/ui/unit/LayoutDirection;)V+72
j  androidx.compose.ui.text.TextDelegate.layoutText-urungq4(JLandroidx/compose/ui/unit/LayoutDirection;)Landroidx/compose/ui/text/MultiParagraph;+2
j  androidx.compose.ui.text.TextDelegate.layout-BAnaFRY(JLandroidx/compose/ui/unit/LayoutDirection;Landroidx/compose/ui/text/TextLayoutResult;)Landroidx/compose/ui/text/TextLayoutResult;+148
j  androidx.compose.foundation.text.TextController$measure$1.invoke(Landroidx/compose/ui/layout/MeasureScope;Ljava/util/List;J)Landroidx/compose/ui/layout/MeasureResult;+39
j  androidx.compose.foundation.text.TextController$measure$1.invoke(Ljava/lang/Object;Ljava/lang/Object;Ljava/lang/Object;)Ljava/lang/Object;+16
j  androidx.compose.ui.layout.LayoutKt$measureBlocksOf$1.measure-8A2P9vY(Landroidx/compose/ui/layout/MeasureScope;Ljava/util/List;J)Landroidx/compose/ui/layout/MeasureResult;+22
j  androidx.compose.ui.node.InnerPlaceable.performMeasure-BRTryo0(J)Landroidx/compose/ui/layout/Placeable;+22
j  androidx.compose.ui.node.LayoutNodeWrapper.measure-BRTryo0(J)Landroidx/compose/ui/layout/Placeable;+7
j  androidx.compose.ui.node.DelegatingLayoutNodeWrapper.performMeasure-BRTryo0(J)Landroidx/compose/ui/layout/Placeable;+5
j  androidx.compose.ui.node.LayoutNodeWrapper.measure-BRTryo0(J)Landroidx/compose/ui/layout/Placeable;+7
j  androidx.compose.ui.node.DelegatingLayoutNodeWrapper.performMeasure-BRTryo0(J)Landroidx/compose/ui/layout/Placeable;+5
j  androidx.compose.ui.node.LayoutNodeWrapper.measure-BRTryo0(J)Landroidx/compose/ui/layout/Placeable;+7
j  androidx.compose.ui.node.DelegatingLayoutNodeWrapper.performMeasure-BRTryo0(J)Landroidx/compose/ui/layout/Placeable;+5
j  androidx.compose.ui.node.LayoutNodeWrapper.measure-BRTryo0(J)Landroidx/compose/ui/layout/Placeable;+7
j  androidx.compose.ui.node.DelegatingLayoutNodeWrapper.performMeasure-BRTryo0(J)Landroidx/compose/ui/layout/Placeable;+5
j  androidx.compose.ui.node.LayoutNodeWrapper.measure-BRTryo0(J)Landroidx/compose/ui/layout/Placeable;+7
j  androidx.compose.ui.node.DelegatingLayoutNodeWrapper.performMeasure-BRTryo0(J)Landroidx/compose/ui/layout/Placeable;+5
j  androidx.compose.ui.node.LayoutNodeWrapper.measure-BRTryo0(J)Landroidx/compose/ui/layout/Placeable;+7
j  androidx.compose.ui.graphics.SimpleGraphicsLayerModifier.measure-za8Wrwc(Landroidx/compose/ui/layout/MeasureScope;Landroidx/compose/ui/layout/Measurable;J)Landroidx/compose/ui/layout/MeasureResult;+14
j  androidx.compose.ui.node.ModifiedLayoutNode.performMeasure-BRTryo0(J)Landroidx/compose/ui/layout/Placeable;+35
j  androidx.compose.ui.node.LayoutNodeWrapper.measure-BRTryo0(J)Landroidx/compose/ui/layout/Placeable;+7
j  androidx.compose.ui.node.DelegatingLayoutNodeWrapper.performMeasure-BRTryo0(J)Landroidx/compose/ui/layout/Placeable;+5
j  androidx.compose.ui.node.LayoutNodeWrapper.measure-BRTryo0(J)Landroidx/compose/ui/layout/Placeable;+7
j  androidx.compose.ui.node.OuterMeasurablePlaceable$remeasure$2.invoke()V+11
j  androidx.compose.ui.node.OuterMeasurablePlaceable$remeasure$2.invoke()Ljava/lang/Object;+1
j  androidx.compose.runtime.snapshots.SnapshotStateObserver.observeReads(Ljava/lang/Object;Lkotlin/jvm/functions/Function1;Lkotlin/jvm/functions/Function0;)V+143
j  androidx.compose.ui.node.OwnerSnapshotObserver.observeReads$ui(Landroidx/compose/ui/node/OwnerScope;Lkotlin/jvm/functions/Function1;Lkotlin/jvm/functions/Function0;)V+25
j  androidx.compose.ui.node.OwnerSnapshotObserver.observeMeasureSnapshotReads$ui(Landroidx/compose/ui/node/LayoutNode;Lkotlin/jvm/functions/Function0;)V+22
j  androidx.compose.ui.node.OuterMeasurablePlaceable.remeasure-BRTryo0(J)Z+223
j  androidx.compose.ui.node.OuterMeasurablePlaceable.measure-BRTryo0(J)Landroidx/compose/ui/layout/Placeable;+111
j  androidx.compose.ui.node.LayoutNode.measure-BRTryo0(J)Landroidx/compose/ui/layout/Placeable;+5
j  androidx.compose.foundation.layout.RowColumnImplKt$rowColumnMeasureBlocks$1.invoke(Landroidx/compose/ui/layout/MeasureScope;Ljava/util/List;J)Landroidx/compose/ui/layout/MeasureResult;+250
j  androidx.compose.foundation.layout.RowColumnImplKt$rowColumnMeasureBlocks$1.invoke(Ljava/lang/Object;Ljava/lang/Object;Ljava/lang/Object;)Ljava/lang/Object;+16
j  androidx.compose.ui.layout.LayoutKt$measureBlocksOf$1.measure-8A2P9vY(Landroidx/compose/ui/layout/MeasureScope;Ljava/util/List;J)Landroidx/compose/ui/layout/MeasureResult;+22
j  androidx.compose.ui.node.InnerPlaceable.performMeasure-BRTryo0(J)Landroidx/compose/ui/layout/Placeable;+22
j  androidx.compose.ui.node.LayoutNodeWrapper.measure-BRTryo0(J)Landroidx/compose/ui/layout/Placeable;+7
j  androidx.compose.foundation.layout.WrapContentModifier.measure-za8Wrwc(Landroidx/compose/ui/layout/MeasureScope;Landroidx/compose/ui/layout/Measurable;J)Landroidx/compose/ui/layout/MeasureResult;+124
j  androidx.compose.ui.node.ModifiedLayoutNode.performMeasure-BRTryo0(J)Landroidx/compose/ui/layout/Placeable;+35
j  androidx.compose.ui.node.LayoutNodeWrapper.measure-BRTryo0(J)Landroidx/compose/ui/layout/Placeable;+7
j  androidx.compose.ui.node.DelegatingLayoutNodeWrapper.performMeasure-BRTryo0(J)Landroidx/compose/ui/layout/Placeable;+5
j  androidx.compose.ui.node.LayoutNodeWrapper.measure-BRTryo0(J)Landroidx/compose/ui/layout/Placeable;+7
j  androidx.compose.ui.node.OuterMeasurablePlaceable$remeasure$2.invoke()V+11
j  androidx.compose.ui.node.OuterMeasurablePlaceable$remeasure$2.invoke()Ljava/lang/Object;+1
j  androidx.compose.runtime.snapshots.SnapshotStateObserver.observeReads(Ljava/lang/Object;Lkotlin/jvm/functions/Function1;Lkotlin/jvm/functions/Function0;)V+143
j  androidx.compose.ui.node.OwnerSnapshotObserver.observeReads$ui(Landroidx/compose/ui/node/OwnerScope;Lkotlin/jvm/functions/Function1;Lkotlin/jvm/functions/Function0;)V+25
j  androidx.compose.ui.node.OwnerSnapshotObserver.observeMeasureSnapshotReads$ui(Landroidx/compose/ui/node/LayoutNode;Lkotlin/jvm/functions/Function0;)V+22
j  androidx.compose.ui.node.OuterMeasurablePlaceable.remeasure-BRTryo0(J)Z+223
j  androidx.compose.ui.node.OuterMeasurablePlaceable.measure-BRTryo0(J)Landroidx/compose/ui/layout/Placeable;+111
j  androidx.compose.ui.node.LayoutNode.measure-BRTryo0(J)Landroidx/compose/ui/layout/Placeable;+5
j  androidx.compose.material.SurfaceKt$SurfaceLayout$1$1.invoke(Landroidx/compose/ui/layout/MeasureScope;Ljava/util/List;J)Landroidx/compose/ui/layout/MeasureResult;+73
j  androidx.compose.material.SurfaceKt$SurfaceLayout$1$1.invoke(Ljava/lang/Object;Ljava/lang/Object;Ljava/lang/Object;)Ljava/lang/Object;+16
j  androidx.compose.ui.layout.LayoutKt$MeasuringIntrinsicsMeasureBlocks$1.measure-8A2P9vY(Landroidx/compose/ui/layout/MeasureScope;Ljava/util/List;J)Landroidx/compose/ui/layout/MeasureResult;+22
j  androidx.compose.ui.node.InnerPlaceable.performMeasure-BRTryo0(J)Landroidx/compose/ui/layout/Placeable;+22
j  androidx.compose.ui.node.LayoutNodeWrapper.measure-BRTryo0(J)Landroidx/compose/ui/layout/Placeable;+7
j  androidx.compose.ui.graphics.SimpleGraphicsLayerModifier.measure-za8Wrwc(Landroidx/compose/ui/layout/MeasureScope;Landroidx/compose/ui/layout/Measurable;J)Landroidx/compose/ui/layout/MeasureResult;+14
j  androidx.compose.ui.node.ModifiedLayoutNode.performMeasure-BRTryo0(J)Landroidx/compose/ui/layout/Placeable;+35
j  androidx.compose.ui.node.LayoutNodeWrapper.measure-BRTryo0(J)Landroidx/compose/ui/layout/Placeable;+7
j  androidx.compose.ui.node.DelegatingLayoutNodeWrapper.performMeasure-BRTryo0(J)Landroidx/compose/ui/layout/Placeable;+5
j  androidx.compose.ui.node.LayoutNodeWrapper.measure-BRTryo0(J)Landroidx/compose/ui/layout/Placeable;+7
j  androidx.compose.ui.graphics.SimpleGraphicsLayerModifier.measure-za8Wrwc(Landroidx/compose/ui/layout/MeasureScope;Landroidx/compose/ui/layout/Measurable;J)Landroidx/compose/ui/layout/MeasureResult;+14
j  androidx.compose.ui.node.ModifiedLayoutNode.performMeasure-BRTryo0(J)Landroidx/compose/ui/layout/Placeable;+35
j  androidx.compose.ui.node.LayoutNodeWrapper.measure-BRTryo0(J)Landroidx/compose/ui/layout/Placeable;+7
j  androidx.compose.foundation.layout.PaddingModifier.measure-za8Wrwc(Landroidx/compose/ui/layout/MeasureScope;Landroidx/compose/ui/layout/Measurable;J)Landroidx/compose/ui/layout/MeasureResult;+69
j  androidx.compose.ui.node.ModifiedLayoutNode.performMeasure-BRTryo0(J)Landroidx/compose/ui/layout/Placeable;+35
j  androidx.compose.ui.node.LayoutNodeWrapper.measure-BRTryo0(J)Landroidx/compose/ui/layout/Placeable;+7
j  androidx.compose.foundation.layout.WrapContentModifier.measure-za8Wrwc(Landroidx/compose/ui/layout/MeasureScope;Landroidx/compose/ui/layout/Measurable;J)Landroidx/compose/ui/layout/MeasureResult;+124
j  androidx.compose.ui.node.ModifiedLayoutNode.performMeasure-BRTryo0(J)Landroidx/compose/ui/layout/Placeable;+35
j  androidx.compose.ui.node.LayoutNodeWrapper.measure-BRTryo0(J)Landroidx/compose/ui/layout/Placeable;+7
j  androidx.compose.foundation.layout.FillModifier.measure-za8Wrwc(Landroidx/compose/ui/layout/MeasureScope;Landroidx/compose/ui/layout/Measurable;J)Landroidx/compose/ui/layout/MeasureResult;+168
j  androidx.compose.ui.node.ModifiedLayoutNode.performMeasure-BRTryo0(J)Landroidx/compose/ui/layout/Placeable;+35
j  androidx.compose.ui.node.LayoutNodeWrapper.measure-BRTryo0(J)Landroidx/compose/ui/layout/Placeable;+7
j  androidx.compose.ui.node.OuterMeasurablePlaceable$remeasure$2.invoke()V+11
j  androidx.compose.ui.node.OuterMeasurablePlaceable$remeasure$2.invoke()Ljava/lang/Object;+1
j  androidx.compose.runtime.snapshots.SnapshotStateObserver.observeReads(Ljava/lang/Object;Lkotlin/jvm/functions/Function1;Lkotlin/jvm/functions/Function0;)V+143
j  androidx.compose.ui.node.OwnerSnapshotObserver.observeReads$ui(Landroidx/compose/ui/node/OwnerScope;Lkotlin/jvm/functions/Function1;Lkotlin/jvm/functions/Function0;)V+25
j  androidx.compose.ui.node.OwnerSnapshotObserver.observeMeasureSnapshotReads$ui(Landroidx/compose/ui/node/LayoutNode;Lkotlin/jvm/functions/Function0;)V+22
j  androidx.compose.ui.node.OuterMeasurablePlaceable.remeasure-BRTryo0(J)Z+223
j  androidx.compose.ui.node.OuterMeasurablePlaceable.measure-BRTryo0(J)Landroidx/compose/ui/layout/Placeable;+111
j  androidx.compose.ui.node.LayoutNode.measure-BRTryo0(J)Landroidx/compose/ui/layout/Placeable;+5
j  androidx.compose.foundation.layout.RowColumnImplKt$rowColumnMeasureBlocks$1.invoke(Landroidx/compose/ui/layout/MeasureScope;Ljava/util/List;J)Landroidx/compose/ui/layout/MeasureResult;+250
j  androidx.compose.foundation.layout.RowColumnImplKt$rowColumnMeasureBlocks$1.invoke(Ljava/lang/Object;Ljava/lang/Object;Ljava/lang/Object;)Ljava/lang/Object;+16
j  androidx.compose.ui.layout.LayoutKt$measureBlocksOf$1.measure-8A2P9vY(Landroidx/compose/ui/layout/MeasureScope;Ljava/util/List;J)Landroidx/compose/ui/layout/MeasureResult;+22
j  androidx.compose.ui.node.InnerPlaceable.performMeasure-BRTryo0(J)Landroidx/compose/ui/layout/Placeable;+22
j  androidx.compose.ui.node.LayoutNodeWrapper.measure-BRTryo0(J)Landroidx/compose/ui/layout/Placeable;+7
j  androidx.compose.ui.node.OuterMeasurablePlaceable$remeasure$2.invoke()V+11
j  androidx.compose.ui.node.OuterMeasurablePlaceable$remeasure$2.invoke()Ljava/lang/Object;+1
j  androidx.compose.runtime.snapshots.SnapshotStateObserver.observeReads(Ljava/lang/Object;Lkotlin/jvm/functions/Function1;Lkotlin/jvm/functions/Function0;)V+143
j  androidx.compose.ui.node.OwnerSnapshotObserver.observeReads$ui(Landroidx/compose/ui/node/OwnerScope;Lkotlin/jvm/functions/Function1;Lkotlin/jvm/functions/Function0;)V+25
j  androidx.compose.ui.node.OwnerSnapshotObserver.observeMeasureSnapshotReads$ui(Landroidx/compose/ui/node/LayoutNode;Lkotlin/jvm/functions/Function0;)V+22
j  androidx.compose.ui.node.OuterMeasurablePlaceable.remeasure-BRTryo0(J)Z+223
j  androidx.compose.ui.node.OuterMeasurablePlaceable.measure-BRTryo0(J)Landroidx/compose/ui/layout/Placeable;+111
j  androidx.compose.ui.node.LayoutNode.measure-BRTryo0(J)Landroidx/compose/ui/layout/Placeable;+5
j  androidx.compose.foundation.layout.RowColumnImplKt$rowColumnMeasureBlocks$1.invoke(Landroidx/compose/ui/layout/MeasureScope;Ljava/util/List;J)Landroidx/compose/ui/layout/MeasureResult;+250
j  androidx.compose.foundation.layout.RowColumnImplKt$rowColumnMeasureBlocks$1.invoke(Ljava/lang/Object;Ljava/lang/Object;Ljava/lang/Object;)Ljava/lang/Object;+16
j  androidx.compose.ui.layout.LayoutKt$measureBlocksOf$1.measure-8A2P9vY(Landroidx/compose/ui/layout/MeasureScope;Ljava/util/List;J)Landroidx/compose/ui/layout/MeasureResult;+22
j  androidx.compose.ui.node.InnerPlaceable.performMeasure-BRTryo0(J)Landroidx/compose/ui/layout/Placeable;+22
j  androidx.compose.ui.node.LayoutNodeWrapper.measure-BRTryo0(J)Landroidx/compose/ui/layout/Placeable;+7
j  androidx.compose.ui.node.OuterMeasurablePlaceable$remeasure$2.invoke()V+11
j  androidx.compose.ui.node.OuterMeasurablePlaceable$remeasure$2.invoke()Ljava/lang/Object;+1
j  androidx.compose.runtime.snapshots.SnapshotStateObserver.observeReads(Ljava/lang/Object;Lkotlin/jvm/functions/Function1;Lkotlin/jvm/functions/Function0;)V+143
j  androidx.compose.ui.node.OwnerSnapshotObserver.observeReads$ui(Landroidx/compose/ui/node/OwnerScope;Lkotlin/jvm/functions/Function1;Lkotlin/jvm/functions/Function0;)V+25
j  androidx.compose.ui.node.OwnerSnapshotObserver.observeMeasureSnapshotReads$ui(Landroidx/compose/ui/node/LayoutNode;Lkotlin/jvm/functions/Function0;)V+22
j  androidx.compose.ui.node.OuterMeasurablePlaceable.remeasure-BRTryo0(J)Z+223
j  androidx.compose.ui.node.OuterMeasurablePlaceable.measure-BRTryo0(J)Landroidx/compose/ui/layout/Placeable;+111
j  androidx.compose.ui.node.LayoutNode.measure-BRTryo0(J)Landroidx/compose/ui/layout/Placeable;+5
j  androidx.compose.material.SurfaceKt$SurfaceLayout$1$1.invoke(Landroidx/compose/ui/layout/MeasureScope;Ljava/util/List;J)Landroidx/compose/ui/layout/MeasureResult;+73
j  androidx.compose.material.SurfaceKt$SurfaceLayout$1$1.invoke(Ljava/lang/Object;Ljava/lang/Object;Ljava/lang/Object;)Ljava/lang/Object;+16
j  androidx.compose.ui.layout.LayoutKt$MeasuringIntrinsicsMeasureBlocks$1.measure-8A2P9vY(Landroidx/compose/ui/layout/MeasureScope;Ljava/util/List;J)Landroidx/compose/ui/layout/MeasureResult;+22
j  androidx.compose.ui.node.InnerPlaceable.performMeasure-BRTryo0(J)Landroidx/compose/ui/layout/Placeable;+22
j  androidx.compose.ui.node.LayoutNodeWrapper.measure-BRTryo0(J)Landroidx/compose/ui/layout/Placeable;+7
j  androidx.compose.ui.graphics.SimpleGraphicsLayerModifier.measure-za8Wrwc(Landroidx/compose/ui/layout/MeasureScope;Landroidx/compose/ui/layout/Measurable;J)Landroidx/compose/ui/layout/MeasureResult;+14
j  androidx.compose.ui.node.ModifiedLayoutNode.performMeasure-BRTryo0(J)Landroidx/compose/ui/layout/Placeable;+35
j  androidx.compose.ui.node.LayoutNodeWrapper.measure-BRTryo0(J)Landroidx/compose/ui/layout/Placeable;+7
j  androidx.compose.ui.node.DelegatingLayoutNodeWrapper.performMeasure-BRTryo0(J)Landroidx/compose/ui/layout/Placeable;+5
j  androidx.compose.ui.node.LayoutNodeWrapper.measure-BRTryo0(J)Landroidx/compose/ui/layout/Placeable;+7
j  androidx.compose.ui.graphics.SimpleGraphicsLayerModifier.measure-za8Wrwc(Landroidx/compose/ui/layout/MeasureScope;Landroidx/compose/ui/layout/Measurable;J)Landroidx/compose/ui/layout/MeasureResult;+14
j  androidx.compose.ui.node.ModifiedLayoutNode.performMeasure-BRTryo0(J)Landroidx/compose/ui/layout/Placeable;+35
j  androidx.compose.ui.node.LayoutNodeWrapper.measure-BRTryo0(J)Landroidx/compose/ui/layout/Placeable;+7
j  androidx.compose.foundation.layout.FillModifier.measure-za8Wrwc(Landroidx/compose/ui/layout/MeasureScope;Landroidx/compose/ui/layout/Measurable;J)Landroidx/compose/ui/layout/MeasureResult;+168
j  androidx.compose.ui.node.ModifiedLayoutNode.performMeasure-BRTryo0(J)Landroidx/compose/ui/layout/Placeable;+35
j  androidx.compose.ui.node.LayoutNodeWrapper.measure-BRTryo0(J)Landroidx/compose/ui/layout/Placeable;+7
j  androidx.compose.foundation.layout.PaddingModifier.measure-za8Wrwc(Landroidx/compose/ui/layout/MeasureScope;Landroidx/compose/ui/layout/Measurable;J)Landroidx/compose/ui/layout/MeasureResult;+69
j  androidx.compose.ui.node.ModifiedLayoutNode.performMeasure-BRTryo0(J)Landroidx/compose/ui/layout/Placeable;+35
j  androidx.compose.ui.node.LayoutNodeWrapper.measure-BRTryo0(J)Landroidx/compose/ui/layout/Placeable;+7
j  androidx.compose.foundation.layout.FillModifier.measure-za8Wrwc(Landroidx/compose/ui/layout/MeasureScope;Landroidx/compose/ui/layout/Measurable;J)Landroidx/compose/ui/layout/MeasureResult;+168
j  androidx.compose.ui.node.ModifiedLayoutNode.performMeasure-BRTryo0(J)Landroidx/compose/ui/layout/Placeable;+35
j  androidx.compose.ui.node.LayoutNodeWrapper.measure-BRTryo0(J)Landroidx/compose/ui/layout/Placeable;+7
j  androidx.compose.ui.node.OuterMeasurablePlaceable$remeasure$2.invoke()V+11
j  androidx.compose.ui.node.OuterMeasurablePlaceable$remeasure$2.invoke()Ljava/lang/Object;+1
j  androidx.compose.runtime.snapshots.SnapshotStateObserver.observeReads(Ljava/lang/Object;Lkotlin/jvm/functions/Function1;Lkotlin/jvm/functions/Function0;)V+143
j  androidx.compose.ui.node.OwnerSnapshotObserver.observeReads$ui(Landroidx/compose/ui/node/OwnerScope;Lkotlin/jvm/functions/Function1;Lkotlin/jvm/functions/Function0;)V+25
j  androidx.compose.ui.node.OwnerSnapshotObserver.observeMeasureSnapshotReads$ui(Landroidx/compose/ui/node/LayoutNode;Lkotlin/jvm/functions/Function0;)V+22
j  androidx.compose.ui.node.OuterMeasurablePlaceable.remeasure-BRTryo0(J)Z+223
j  androidx.compose.ui.node.OuterMeasurablePlaceable.measure-BRTryo0(J)Landroidx/compose/ui/layout/Placeable;+111
j  androidx.compose.ui.node.LayoutNode.measure-BRTryo0(J)Landroidx/compose/ui/layout/Placeable;+5
j  androidx.compose.ui.platform.DesktopSelectionKt$Wrap$1$1.invoke(Landroidx/compose/ui/layout/MeasureScope;Ljava/util/List;J)Landroidx/compose/ui/layout/MeasureResult;+92
j  androidx.compose.ui.platform.DesktopSelectionKt$Wrap$1$1.invoke(Ljava/lang/Object;Ljava/lang/Object;Ljava/lang/Object;)Ljava/lang/Object;+16
j  androidx.compose.ui.layout.LayoutKt$MeasuringIntrinsicsMeasureBlocks$1.measure-8A2P9vY(Landroidx/compose/ui/layout/MeasureScope;Ljava/util/List;J)Landroidx/compose/ui/layout/MeasureResult;+22
j  androidx.compose.ui.node.InnerPlaceable.performMeasure-BRTryo0(J)Landroidx/compose/ui/layout/Placeable;+22
j  androidx.compose.ui.node.LayoutNodeWrapper.measure-BRTryo0(J)Landroidx/compose/ui/layout/Placeable;+7
j  androidx.compose.ui.node.DelegatingLayoutNodeWrapper.performMeasure-BRTryo0(J)Landroidx/compose/ui/layout/Placeable;+5
j  androidx.compose.ui.node.LayoutNodeWrapper.measure-BRTryo0(J)Landroidx/compose/ui/layout/Placeable;+7
j  androidx.compose.ui.node.DelegatingLayoutNodeWrapper.performMeasure-BRTryo0(J)Landroidx/compose/ui/layout/Placeable;+5
j  androidx.compose.ui.node.LayoutNodeWrapper.measure-BRTryo0(J)Landroidx/compose/ui/layout/Placeable;+7
j  androidx.compose.ui.node.OuterMeasurablePlaceable$remeasure$2.invoke()V+11
j  androidx.compose.ui.node.OuterMeasurablePlaceable$remeasure$2.invoke()Ljava/lang/Object;+1
j  androidx.compose.runtime.snapshots.SnapshotStateObserver.observeReads(Ljava/lang/Object;Lkotlin/jvm/functions/Function1;Lkotlin/jvm/functions/Function0;)V+143
j  androidx.compose.ui.node.OwnerSnapshotObserver.observeReads$ui(Landroidx/compose/ui/node/OwnerScope;Lkotlin/jvm/functions/Function1;Lkotlin/jvm/functions/Function0;)V+25
j  androidx.compose.ui.node.OwnerSnapshotObserver.observeMeasureSnapshotReads$ui(Landroidx/compose/ui/node/LayoutNode;Lkotlin/jvm/functions/Function0;)V+22
j  androidx.compose.ui.node.OuterMeasurablePlaceable.remeasure-BRTryo0(J)Z+223
j  androidx.compose.ui.node.OuterMeasurablePlaceable.measure-BRTryo0(J)Landroidx/compose/ui/layout/Placeable;+111
j  androidx.compose.ui.node.LayoutNode.measure-BRTryo0(J)Landroidx/compose/ui/layout/Placeable;+5
j  androidx.compose.ui.layout.RootMeasureBlocks.measure-8A2P9vY(Landroidx/compose/ui/layout/MeasureScope;Ljava/util/List;J)Landroidx/compose/ui/layout/MeasureResult;+67
j  androidx.compose.ui.node.InnerPlaceable.performMeasure-BRTryo0(J)Landroidx/compose/ui/layout/Placeable;+22
j  androidx.compose.ui.node.LayoutNodeWrapper.measure-BRTryo0(J)Landroidx/compose/ui/layout/Placeable;+7
j  androidx.compose.ui.node.DelegatingLayoutNodeWrapper.performMeasure-BRTryo0(J)Landroidx/compose/ui/layout/Placeable;+5
j  androidx.compose.ui.node.LayoutNodeWrapper.measure-BRTryo0(J)Landroidx/compose/ui/layout/Placeable;+7
j  androidx.compose.ui.node.DelegatingLayoutNodeWrapper.performMeasure-BRTryo0(J)Landroidx/compose/ui/layout/Placeable;+5
j  androidx.compose.ui.node.LayoutNodeWrapper.measure-BRTryo0(J)Landroidx/compose/ui/layout/Placeable;+7
j  androidx.compose.ui.node.DelegatingLayoutNodeWrapper.performMeasure-BRTryo0(J)Landroidx/compose/ui/layout/Placeable;+5
j  androidx.compose.ui.node.LayoutNodeWrapper.measure-BRTryo0(J)Landroidx/compose/ui/layout/Placeable;+7
j  androidx.compose.ui.node.DelegatingLayoutNodeWrapper.performMeasure-BRTryo0(J)Landroidx/compose/ui/layout/Placeable;+5
j  androidx.compose.ui.node.LayoutNodeWrapper.measure-BRTryo0(J)Landroidx/compose/ui/layout/Placeable;+7
j  androidx.compose.ui.node.OuterMeasurablePlaceable$remeasure$2.invoke()V+11
j  androidx.compose.ui.node.OuterMeasurablePlaceable$remeasure$2.invoke()Ljava/lang/Object;+1
j  androidx.compose.runtime.snapshots.Snapshot$Companion.observe(Lkotlin/jvm/functions/Function1;Lkotlin/jvm/functions/Function1;Lkotlin/jvm/functions/Function0;)Ljava/lang/Object;+106
j  androidx.compose.runtime.snapshots.SnapshotStateObserver.observeReads(Ljava/lang/Object;Lkotlin/jvm/functions/Function1;Lkotlin/jvm/functions/Function0;)V+120
j  androidx.compose.ui.node.OwnerSnapshotObserver.observeReads$ui(Landroidx/compose/ui/node/OwnerScope;Lkotlin/jvm/functions/Function1;Lkotlin/jvm/functions/Function0;)V+25
j  androidx.compose.ui.node.OwnerSnapshotObserver.observeMeasureSnapshotReads$ui(Landroidx/compose/ui/node/LayoutNode;Lkotlin/jvm/functions/Function0;)V+22
j  androidx.compose.ui.node.OuterMeasurablePlaceable.remeasure-BRTryo0(J)Z+223
j  androidx.compose.ui.node.LayoutNode.remeasure-BRTryo0$ui(J)Z+5
j  androidx.compose.ui.node.MeasureAndLayoutDelegate.doRemeasure-ivNzw_s(Landroidx/compose/ui/node/LayoutNode;J)Z+10
j  androidx.compose.ui.node.MeasureAndLayoutDelegate.access$doRemeasure-ivNzw_s(Landroidx/compose/ui/node/MeasureAndLayoutDelegate;Landroidx/compose/ui/node/LayoutNode;J)Z+3
j  androidx.compose.ui.node.MeasureAndLayoutDelegate.measureAndLayout()Z+298
j  androidx.compose.ui.platform.DesktopOwner.measureAndLayout()V+4
j  androidx.compose.ui.platform.DesktopOwners.onFrame(Lorg/jetbrains/skija/Canvas;IIJLkotlin/coroutines/Continuation;)Ljava/lang/Object;+236
j  androidx.compose.ui.platform.DesktopOwners$onFrame$1.invokeSuspend(Ljava/lang/Object;)Ljava/lang/Object;+28
j  kotlin.coroutines.jvm.internal.BaseContinuationImpl.resumeWith(Ljava/lang/Object;)V+46
j  kotlinx.coroutines.DispatchedTask.run()V+334
j  java.awt.event.InvocationEvent.dispatch()V+47 java.desktop@11.0.10
j  java.awt.EventQueue.dispatchEventImpl(Ljava/awt/AWTEvent;Ljava/lang/Object;)V+21 java.desktop@11.0.10
j  java.awt.EventQueue$4.run()Ljava/lang/Void;+32 java.desktop@11.0.10
j  java.awt.EventQueue$4.run()Ljava/lang/Object;+1 java.desktop@11.0.10
v  ~StubRoutines::call_stub
j  java.security.AccessController.doPrivileged(Ljava/security/PrivilegedAction;Ljava/security/AccessControlContext;)Ljava/lang/Object;+0 java.base@11.0.10
j  java.security.ProtectionDomain$JavaSecurityAccessImpl.doIntersectionPrivilege(Ljava/security/PrivilegedAction;Ljava/security/AccessControlContext;Ljava/security/AccessControlContext;)Ljava/lang/Object;+18 java.base@11.0.10
j  java.awt.EventQueue.dispatchEvent(Ljava/awt/AWTEvent;)V+46 java.desktop@11.0.10
j  java.awt.EventDispatchThread.pumpOneEventForFilters(I)V+78 java.desktop@11.0.10
j  java.awt.EventDispatchThread.pumpEventsForFilter(ILjava/awt/Conditional;Ljava/awt/EventFilter;)V+35 java.desktop@11.0.10
j  java.awt.EventDispatchThread.pumpEventsForHierarchy(ILjava/awt/Conditional;Ljava/awt/Component;)V+11 java.desktop@11.0.10
j  java.awt.EventDispatchThread.pumpEvents(ILjava/awt/Conditional;)V+4 java.desktop@11.0.10
j  java.awt.EventDispatchThread.pumpEvents(Ljava/awt/Conditional;)V+3 java.desktop@11.0.10
j  java.awt.EventDispatchThread.run()V+9 java.desktop@11.0.10
v  ~StubRoutines::call_stub

siginfo: EXCEPTION_ACCESS_VIOLATION (0xc0000005), reading address 0x0000000000000000


Register to memory mapping:

RIP=0x00007ffaf7491050 skiko.dll
RAX=0x0 is NULL
RBX=0x0 is NULL
RCX=0x0 is NULL
RDX=0x000000d301956a30 is pointing into the stack for thread: 0x000000d300888000
RSP=0x000000d3019569e8 is pointing into the stack for thread: 0x000000d300888000
RBP=0x000000d301956a99 is pointing into the stack for thread: 0x000000d300888000
RSI=0x000000d301956b20 is pointing into the stack for thread: 0x000000d300888000
RDI=0x000000d301956a30 is pointing into the stack for thread: 0x000000d300888000
R8 =0x000000d301956b08 is pointing into the stack for thread: 0x000000d300888000
R9 =0x000000d301956b08 is pointing into the stack for thread: 0x000000d300888000
R10=0xfefefefefefefeff is an unknown value
R11=0x000000d301956320 is pointing into the stack for thread: 0x000000d300888000
R12=0x000000d305430ce8 points into unknown readable memory: 0x726f746e65766e69 | 69 6e 76 65 6e 74 6f 72
R13=0x0000000000000009 is an unknown value
R14=0x0 is NULL
R15=0x0000000000000002 is an unknown value


Registers:
RAX=0x0000000000000000, RBX=0x0000000000000000, RCX=0x0000000000000000, RDX=0x000000d301956a30
RSP=0x000000d3019569e8, RBP=0x000000d301956a99, RSI=0x000000d301956b20, RDI=0x000000d301956a30
R8 =0x000000d301956b08, R9 =0x000000d301956b08, R10=0xfefefefefefefeff, R11=0x000000d301956320
R12=0x000000d305430ce8, R13=0x0000000000000009, R14=0x0000000000000000, R15=0x0000000000000002
RIP=0x00007ffaf7491050, EFLAGS=0x0000000000010206

Top of Stack: (sp=0x000000d3019569e8)
0x000000d3019569e8:   00007ffaf7452359 000000d305bb8540
0x000000d3019569f8:   0000000000000000 000000d305430ce8
0x000000d301956a08:   0000000000000001 000000d301956b08
0x000000d301956a18:   0000000000000000 0000000000000018
0x000000d301956a28:   00007ffaf7696788 00000006345ad82c
0x000000d301956a38:   0000009000000000 0000000000000000
0x000000d301956a48:   00000000000001e0 0000000000000000
0x000000d301956a58:   0000000000000000 0000000000000000
0x000000d301956a68:   00007ffaf7788460 000000d305817a50
0x000000d301956a78:   000000d305430ce8 000000d305817a50
0x000000d301956a88:   000000d305817b40 0000000000000000
0x000000d301956a98:   0000000000000000 0000000000000000
0x000000d301956aa8:   0000000900000009 0000000000000000
0x000000d301956ab8:   0000000000000000 000000d300888000
0x000000d301956ac8:   000000d301956e88 000000d308c563d0
0x000000d301956ad8:   0000000000000000 0000000000000000 

Instructions: (pc=0x00007ffaf7491050)
0x00007ffaf7490f50:   41 c7 00 01 00 00 00 85 c0 74 e5 48 8b 01 ff 50
0x00007ffaf7490f60:   18 b9 82 ff ff ff ba 07 00 00 00 48 85 c0 0f 44
0x00007ffaf7490f70:   ca 89 0b 48 83 c4 20 5b c3 cc cc cc cc cc cc cc
0x00007ffaf7490f80:   cc cc cc cc cc cc cc cc cc cc cc cc cc cc cc cc
0x00007ffaf7490f90:   4c 8b dc 49 89 5b 08 57 48 81 ec b0 00 00 00 33
0x00007ffaf7490fa0:   c0 48 c7 44 24 20 2c d8 5a 34 89 44 24 28 0f 57
0x00007ffaf7490fb0:   c0 48 89 44 24 30 0f 57 c9 c7 44 24 2c 90 00 00
0x00007ffaf7490fc0:   00 48 8b d9 49 89 43 80 48 8d 4c 24 20 49 89 43
0x00007ffaf7490fd0:   88 49 8b f9 49 89 43 90 66 0f 7f 44 24 50 66 0f
0x00007ffaf7490fe0:   7f 4c 24 60 66 0f 7f 44 24 70 4d 63 c0 66 41 0f
0x00007ffaf7490ff0:   7f 4b c8 49 89 43 d8 49 89 43 e0 49 89 43 e8 49
0x00007ffaf7491000:   89 43 f0 e8 3b 06 8d ff 48 8b 03 48 8d 54 24 20
0x00007ffaf7491010:   4c 8b c7 48 8b cb ff 50 30 48 8b 9c 24 c0 00 00
0x00007ffaf7491020:   00 48 81 c4 b0 00 00 00 5f c3 cc cc cc cc cc cc
0x00007ffaf7491030:   cc cc cc cc cc cc cc cc cc cc cc cc cc cc cc cc
0x00007ffaf7491040:   cc cc cc cc cc cc cc cc cc cc cc cc cc cc cc cc
0x00007ffaf7491050:   48 8b 01 48 ff 60 30 cc cc cc cc cc cc cc cc cc
0x00007ffaf7491060:   40 53 55 41 55 41 56 41 57 48 83 ec 20 4c 8b 6a
0x00007ffaf7491070:   10 49 8b e8 4c 8b f2 4c 8b f9 48 c7 c3 ff ff ff
0x00007ffaf7491080:   ff 48 ff c3 42 80 3c 03 00 75 f6 48 b9 ff ff ff
0x00007ffaf7491090:   ff ff ff ff 7f 48 8b c1 49 2b c5 48 3b c3 0f 82
0x00007ffaf74910a0:   fa 00 00 00 48 83 7a 18 10 48 89 74 24 50 48 89
0x00007ffaf74910b0:   7c 24 58 4c 89 64 24 60 72 03 4c 8b 32 33 d2 4e
0x00007ffaf74910c0:   8d 24 2b bf 0f 00 00 00 49 89 57 10 49 89 57 18
0x00007ffaf74910d0:   49 8b f7 4c 3b e7 76 71 49 8b fc 48 83 cf 0f 48
0x00007ffaf74910e0:   3b f9 76 2c 48 8b f9 48 b8 27 00 00 00 00 00 00
0x00007ffaf74910f0:   80 48 8b c8 e8 91 bf 8b ff 48 85 c0 0f 84 90 00
0x00007ffaf7491100:   00 00 48 8d 70 27 48 83 e6 e0 48 89 46 f8 eb 36
0x00007ffaf7491110:   b8 16 00 00 00 48 3b f8 48 0f 42 f8 48 8d 4f 01
0x00007ffaf7491120:   48 81 f9 00 10 00 00 72 0b 48 8d 41 27 48 3b c1
0x00007ffaf7491130:   76 66 eb bd 48 85 c9 74 0a e8 4c bf 8b ff 48 8b
0x00007ffaf7491140:   f0 eb 03 48 8b f2 49 89 37 4d 8b c5 4d 89 67 10 


Stack slot to memory mapping:
stack at sp + 0 slots: 0x00007ffaf7452359 skiko.dll
stack at sp + 1 slots: 0x000000d305bb8540 points into unknown readable memory: 0x00007ffaf7757330 | 30 73 75 f7 fa 7f 00 00
stack at sp + 2 slots: 0x0 is NULL
stack at sp + 3 slots: 0x000000d305430ce8 points into unknown readable memory: 0x726f746e65766e69 | 69 6e 76 65 6e 74 6f 72
stack at sp + 4 slots: 0x0000000000000001 is an unknown value
stack at sp + 5 slots: 0x000000d301956b08 is pointing into the stack for thread: 0x000000d300888000
stack at sp + 6 slots: 0x0 is NULL
stack at sp + 7 slots: 0x0000000000000018 is an unknown value


---------------  P R O C E S S  ---------------

Threads class SMR info:
_java_thread_list=0x000000d302aa43d0, length=18, elements={
0x000000d37f55d000, 0x000000d37f55e000, 0x000000d37f5ba800, 0x000000d37f5bc800,
0x000000d37f5c0000, 0x000000d37f5c1800, 0x000000d37f5c8000, 0x000000d37f5ca000,
0x000000d37f710000, 0x000000d3004d4800, 0x000000d300874000, 0x000000d300870800,
0x000000d3008ef800, 0x000000d300888000, 0x000000d364f07000, 0x000000d300946800,
0x000000d300705000, 0x000000d30081e000
}

Java Threads: ( => current thread )
  0x000000d37f55d000 JavaThread "Reference Handler" daemon [_thread_blocked, id=7048, stack(0x000000d37fa10000,0x000000d37fb10000)]
  0x000000d37f55e000 JavaThread "Finalizer" daemon [_thread_blocked, id=4964, stack(0x000000d37fb10000,0x000000d37fc10000)]
  0x000000d37f5ba800 JavaThread "Signal Dispatcher" daemon [_thread_blocked, id=5972, stack(0x000000d37fcf0000,0x000000d37fdf0000)]
  0x000000d37f5bc800 JavaThread "Attach Listener" daemon [_thread_blocked, id=5076, stack(0x000000d37fdf0000,0x000000d37fef0000)]
  0x000000d37f5c0000 JavaThread "Service Thread" daemon [_thread_blocked, id=1464, stack(0x000000d37fef0000,0x000000d37fff0000)]
  0x000000d37f5c1800 JavaThread "C2 CompilerThread0" daemon [_thread_blocked, id=1628, stack(0x000000d300000000,0x000000d300100000)]
  0x000000d37f5c8000 JavaThread "C1 CompilerThread0" daemon [_thread_blocked, id=5672, stack(0x000000d300100000,0x000000d300200000)]
  0x000000d37f5ca000 JavaThread "Sweeper thread" daemon [_thread_blocked, id=5680, stack(0x000000d300200000,0x000000d300300000)]
  0x000000d37f710000 JavaThread "Common-Cleaner" daemon [_thread_blocked, id=5900, stack(0x000000d300300000,0x000000d300400000)]
  0x000000d3004d4800 JavaThread "Monitor Ctrl-Break" daemon [_thread_in_native, id=5688, stack(0x000000d300c00000,0x000000d300d00000)]
  0x000000d300874000 JavaThread "Java2D Disposer" daemon [_thread_blocked, id=5804, stack(0x000000d3010f0000,0x000000d3011f0000)]
  0x000000d300870800 JavaThread "AWT-Shutdown" [_thread_blocked, id=6160, stack(0x000000d3011f0000,0x000000d3012f0000)]
  0x000000d3008ef800 JavaThread "AWT-Windows" daemon [_thread_in_native, id=5696, stack(0x000000d3012f0000,0x000000d3013f0000)]
=>0x000000d300888000 JavaThread "AWT-EventQueue-0" [_thread_in_native, id=5824, stack(0x000000d301860000,0x000000d301960000)]
  0x000000d364f07000 JavaThread "DestroyJavaVM" [_thread_blocked, id=5312, stack(0x000000d364560000,0x000000d364660000)]
  0x000000d300946800 JavaThread "Cleaner-0" daemon [_thread_blocked, id=5764, stack(0x000000d3024a0000,0x000000d3025a0000)]
  0x000000d300705000 JavaThread "cluster-ClusterId{value='608039c71d7d304cf6dcbaf6', description='null'}-localhost:27017" daemon [_thread_blocked, id=1640, stack(0x000000d304800000,0x000000d304900000)]
  0x000000d30081e000 JavaThread "cluster-rtt-ClusterId{value='608039c71d7d304cf6dcbaf6', description='null'}-localhost:27017" daemon [_thread_blocked, id=6880, stack(0x000000d304900000,0x000000d304a00000)]

Other Threads:
  0x000000d37f533800 VMThread "VM Thread" [stack: 0x000000d37f910000,0x000000d37fa10000] [id=5444]
  0x000000d300635800 WatcherThread [stack: 0x000000d300d00000,0x000000d300e00000] [id=5664]
  0x000000d364f1f000 GCTaskThread "GC Thread#0" [stack: 0x000000d364870000,0x000000d364970000] [id=712]
  0x000000d300851800 GCTaskThread "GC Thread#1" [stack: 0x000000d301560000,0x000000d301660000] [id=5476]
  0x000000d300852800 GCTaskThread "GC Thread#2" [stack: 0x000000d301660000,0x000000d301760000] [id=1800]
  0x000000d3008b5000 GCTaskThread "GC Thread#3" [stack: 0x000000d301760000,0x000000d301860000] [id=5212]
  0x000000d364f4f800 ConcurrentGCThread "G1 Main Marker" [stack: 0x000000d37c2c0000,0x000000d37c3c0000] [id=3200]
  0x000000d364f51800 ConcurrentGCThread "G1 Conc#0" [stack: 0x000000d37c3c0000,0x000000d37c4c0000] [id=5600]
  0x000000d37e76a000 ConcurrentGCThread "G1 Refine#0" [stack: 0x000000d37eb10000,0x000000d37ec10000] [id=5172]
  0x000000d37e76d000 ConcurrentGCThread "G1 Young RemSet Sampling" [stack: 0x000000d37ec10000,0x000000d37ed10000] [id=1564]

Threads with active compile tasks:

VM state:not at safepoint (normal execution)

VM Mutex/Monitor currently owned by a thread: None

Heap address: 0x0000000086800000, size: 1944 MB, Compressed Oops mode: 32-bit
Narrow klass base: 0x0000000000000000, Narrow klass shift: 3
Compressed class space size: 1073741824 Address: 0x0000000100000000

Heap:
 garbage-first heap   total 124928K, used 15987K [0x0000000086800000, 0x0000000100000000)
  region size 1024K, 11 young (11264K), 5 survivors (5120K)
 Metaspace       used 37239K, capacity 37768K, committed 37888K, reserved 1083392K
  class space    used 4102K, capacity 4342K, committed 4352K, reserved 1048576K
Heap Regions: E=young(eden), S=young(survivor), O=old, HS=humongous(starts), HC=humongous(continues), CS=collection set, F=free, A=archive, TAMS=top-at-mark-start (previous, next)
|   0|0x0000000086800000, 0x000000008689de00, 0x0000000086900000| 61%| O|  |TAMS 0x000000008689de00, 0x0000000086800000| Untracked 
|   1|0x0000000086900000, 0x0000000086a00000, 0x0000000086a00000|100%| O|  |TAMS 0x0000000086a00000, 0x0000000086900000| Untracked 
|   2|0x0000000086a00000, 0x0000000086b00000, 0x0000000086b00000|100%| O|  |TAMS 0x0000000086b00000, 0x0000000086a00000| Untracked 
|   3|0x0000000086b00000, 0x0000000086c00000, 0x0000000086c00000|100%| O|  |TAMS 0x0000000086c00000, 0x0000000086b00000| Untracked 
|   4|0x0000000086c00000, 0x0000000086d00000, 0x0000000086d00000|100%|HS|  |TAMS 0x0000000086c00000, 0x0000000086c00000| Complete 
|   5|0x0000000086d00000, 0x0000000086e00000, 0x0000000086e00000|100%|HC|  |TAMS 0x0000000086d00000, 0x0000000086d00000| Complete 
|   6|0x0000000086e00000, 0x0000000086e00000, 0x0000000086f00000|  0%| F|  |TAMS 0x0000000086e00000, 0x0000000086e00000| Untracked 
|   7|0x0000000086f00000, 0x0000000086f00000, 0x0000000087000000|  0%| F|  |TAMS 0x0000000086f00000, 0x0000000086f00000| Untracked 
|   8|0x0000000087000000, 0x0000000087000000, 0x0000000087100000|  0%| F|  |TAMS 0x0000000087000000, 0x0000000087000000| Untracked 
|   9|0x0000000087100000, 0x0000000087100000, 0x0000000087200000|  0%| F|  |TAMS 0x0000000087100000, 0x0000000087100000| Untracked 
|  10|0x0000000087200000, 0x0000000087200000, 0x0000000087300000|  0%| F|  |TAMS 0x0000000087200000, 0x0000000087200000| Untracked 
|  11|0x0000000087300000, 0x0000000087300000, 0x0000000087400000|  0%| F|  |TAMS 0x0000000087300000, 0x0000000087300000| Untracked 
|  12|0x0000000087400000, 0x0000000087400000, 0x0000000087500000|  0%| F|  |TAMS 0x0000000087400000, 0x0000000087400000| Untracked 
|  13|0x0000000087500000, 0x0000000087500000, 0x0000000087600000|  0%| F|  |TAMS 0x0000000087500000, 0x0000000087500000| Untracked 
|  14|0x0000000087600000, 0x0000000087600000, 0x0000000087700000|  0%| F|  |TAMS 0x0000000087600000, 0x0000000087600000| Untracked 
|  15|0x0000000087700000, 0x0000000087700000, 0x0000000087800000|  0%| F|  |TAMS 0x0000000087700000, 0x0000000087700000| Untracked 
|  16|0x0000000087800000, 0x0000000087800000, 0x0000000087900000|  0%| F|  |TAMS 0x0000000087800000, 0x0000000087800000| Untracked 
|  17|0x0000000087900000, 0x0000000087900000, 0x0000000087a00000|  0%| F|  |TAMS 0x0000000087900000, 0x0000000087900000| Untracked 
|  18|0x0000000087a00000, 0x0000000087a00000, 0x0000000087b00000|  0%| F|  |TAMS 0x0000000087a00000, 0x0000000087a00000| Untracked 
|  19|0x0000000087b00000, 0x0000000087b00000, 0x0000000087c00000|  0%| F|  |TAMS 0x0000000087b00000, 0x0000000087b00000| Untracked 
|  20|0x0000000087c00000, 0x0000000087c00000, 0x0000000087d00000|  0%| F|  |TAMS 0x0000000087c00000, 0x0000000087c00000| Untracked 
|  21|0x0000000087d00000, 0x0000000087d00000, 0x0000000087e00000|  0%| F|  |TAMS 0x0000000087d00000, 0x0000000087d00000| Untracked 
|  22|0x0000000087e00000, 0x0000000087e00000, 0x0000000087f00000|  0%| F|  |TAMS 0x0000000087e00000, 0x0000000087e00000| Untracked 
|  23|0x0000000087f00000, 0x0000000087f00000, 0x0000000088000000|  0%| F|  |TAMS 0x0000000087f00000, 0x0000000087f00000| Untracked 
|  24|0x0000000088000000, 0x0000000088000000, 0x0000000088100000|  0%| F|  |TAMS 0x0000000088000000, 0x0000000088000000| Untracked 
|  25|0x0000000088100000, 0x0000000088100000, 0x0000000088200000|  0%| F|  |TAMS 0x0000000088100000, 0x0000000088100000| Untracked 
|  26|0x0000000088200000, 0x0000000088200000, 0x0000000088300000|  0%| F|  |TAMS 0x0000000088200000, 0x0000000088200000| Untracked 
|  27|0x0000000088300000, 0x0000000088300000, 0x0000000088400000|  0%| F|  |TAMS 0x0000000088300000, 0x0000000088300000| Untracked 
|  28|0x0000000088400000, 0x0000000088400000, 0x0000000088500000|  0%| F|  |TAMS 0x0000000088400000, 0x0000000088400000| Untracked 
|  29|0x0000000088500000, 0x0000000088500000, 0x0000000088600000|  0%| F|  |TAMS 0x0000000088500000, 0x0000000088500000| Untracked 
|  30|0x0000000088600000, 0x0000000088600000, 0x0000000088700000|  0%| F|  |TAMS 0x0000000088600000, 0x0000000088600000| Untracked 
|  31|0x0000000088700000, 0x0000000088700000, 0x0000000088800000|  0%| F|  |TAMS 0x0000000088700000, 0x0000000088700000| Untracked 
|  32|0x0000000088800000, 0x0000000088800000, 0x0000000088900000|  0%| F|  |TAMS 0x0000000088800000, 0x0000000088800000| Untracked 
|  33|0x0000000088900000, 0x0000000088900000, 0x0000000088a00000|  0%| F|  |TAMS 0x0000000088900000, 0x0000000088900000| Untracked 
|  34|0x0000000088a00000, 0x0000000088a00000, 0x0000000088b00000|  0%| F|  |TAMS 0x0000000088a00000, 0x0000000088a00000| Untracked 
|  35|0x0000000088b00000, 0x0000000088b00000, 0x0000000088c00000|  0%| F|  |TAMS 0x0000000088b00000, 0x0000000088b00000| Untracked 
|  36|0x0000000088c00000, 0x0000000088c00000, 0x0000000088d00000|  0%| F|  |TAMS 0x0000000088c00000, 0x0000000088c00000| Untracked 
|  37|0x0000000088d00000, 0x0000000088d00000, 0x0000000088e00000|  0%| F|  |TAMS 0x0000000088d00000, 0x0000000088d00000| Untracked 
|  38|0x0000000088e00000, 0x0000000088e00000, 0x0000000088f00000|  0%| F|  |TAMS 0x0000000088e00000, 0x0000000088e00000| Untracked 
|  39|0x0000000088f00000, 0x0000000088f00000, 0x0000000089000000|  0%| F|  |TAMS 0x0000000088f00000, 0x0000000088f00000| Untracked 
|  40|0x0000000089000000, 0x0000000089000000, 0x0000000089100000|  0%| F|  |TAMS 0x0000000089000000, 0x0000000089000000| Untracked 
|  41|0x0000000089100000, 0x0000000089100000, 0x0000000089200000|  0%| F|  |TAMS 0x0000000089100000, 0x0000000089100000| Untracked 
|  42|0x0000000089200000, 0x0000000089200000, 0x0000000089300000|  0%| F|  |TAMS 0x0000000089200000, 0x0000000089200000| Untracked 
|  43|0x0000000089300000, 0x0000000089300000, 0x0000000089400000|  0%| F|  |TAMS 0x0000000089300000, 0x0000000089300000| Untracked 
|  44|0x0000000089400000, 0x0000000089400000, 0x0000000089500000|  0%| F|  |TAMS 0x0000000089400000, 0x0000000089400000| Untracked 
|  45|0x0000000089500000, 0x0000000089500000, 0x0000000089600000|  0%| F|  |TAMS 0x0000000089500000, 0x0000000089500000| Untracked 
|  46|0x0000000089600000, 0x0000000089600000, 0x0000000089700000|  0%| F|  |TAMS 0x0000000089600000, 0x0000000089600000| Untracked 
|  47|0x0000000089700000, 0x0000000089700000, 0x0000000089800000|  0%| F|  |TAMS 0x0000000089700000, 0x0000000089700000| Untracked 
|  48|0x0000000089800000, 0x0000000089800000, 0x0000000089900000|  0%| F|  |TAMS 0x0000000089800000, 0x0000000089800000| Untracked 
|  49|0x0000000089900000, 0x0000000089900000, 0x0000000089a00000|  0%| F|  |TAMS 0x0000000089900000, 0x0000000089900000| Untracked 
|  50|0x0000000089a00000, 0x0000000089a00000, 0x0000000089b00000|  0%| F|  |TAMS 0x0000000089a00000, 0x0000000089a00000| Untracked 
|  51|0x0000000089b00000, 0x0000000089b00000, 0x0000000089c00000|  0%| F|  |TAMS 0x0000000089b00000, 0x0000000089b00000| Untracked 
|  52|0x0000000089c00000, 0x0000000089c00000, 0x0000000089d00000|  0%| F|  |TAMS 0x0000000089c00000, 0x0000000089c00000| Untracked 
|  53|0x0000000089d00000, 0x0000000089d00000, 0x0000000089e00000|  0%| F|  |TAMS 0x0000000089d00000, 0x0000000089d00000| Untracked 
|  54|0x0000000089e00000, 0x0000000089e00000, 0x0000000089f00000|  0%| F|  |TAMS 0x0000000089e00000, 0x0000000089e00000| Untracked 
|  55|0x0000000089f00000, 0x0000000089f00000, 0x000000008a000000|  0%| F|  |TAMS 0x0000000089f00000, 0x0000000089f00000| Untracked 
|  56|0x000000008a000000, 0x000000008a000000, 0x000000008a100000|  0%| F|  |TAMS 0x000000008a000000, 0x000000008a000000| Untracked 
|  57|0x000000008a100000, 0x000000008a100000, 0x000000008a200000|  0%| F|  |TAMS 0x000000008a100000, 0x000000008a100000| Untracked 
|  58|0x000000008a200000, 0x000000008a200000, 0x000000008a300000|  0%| F|  |TAMS 0x000000008a200000, 0x000000008a200000| Untracked 
|  59|0x000000008a300000, 0x000000008a300000, 0x000000008a400000|  0%| F|  |TAMS 0x000000008a300000, 0x000000008a300000| Untracked 
|  60|0x000000008a400000, 0x000000008a400000, 0x000000008a500000|  0%| F|  |TAMS 0x000000008a400000, 0x000000008a400000| Untracked 
|  61|0x000000008a500000, 0x000000008a500000, 0x000000008a600000|  0%| F|  |TAMS 0x000000008a500000, 0x000000008a500000| Untracked 
|  62|0x000000008a600000, 0x000000008a600000, 0x000000008a700000|  0%| F|  |TAMS 0x000000008a600000, 0x000000008a600000| Untracked 
|  63|0x000000008a700000, 0x000000008a700000, 0x000000008a800000|  0%| F|  |TAMS 0x000000008a700000, 0x000000008a700000| Untracked 
|  64|0x000000008a800000, 0x000000008a800000, 0x000000008a900000|  0%| F|  |TAMS 0x000000008a800000, 0x000000008a800000| Untracked 
|  65|0x000000008a900000, 0x000000008a900000, 0x000000008aa00000|  0%| F|  |TAMS 0x000000008a900000, 0x000000008a900000| Untracked 
|  66|0x000000008aa00000, 0x000000008aa00000, 0x000000008ab00000|  0%| F|  |TAMS 0x000000008aa00000, 0x000000008aa00000| Untracked 
|  67|0x000000008ab00000, 0x000000008ab00000, 0x000000008ac00000|  0%| F|  |TAMS 0x000000008ab00000, 0x000000008ab00000| Untracked 
|  68|0x000000008ac00000, 0x000000008ac00000, 0x000000008ad00000|  0%| F|  |TAMS 0x000000008ac00000, 0x000000008ac00000| Untracked 
|  69|0x000000008ad00000, 0x000000008ad00000, 0x000000008ae00000|  0%| F|  |TAMS 0x000000008ad00000, 0x000000008ad00000| Untracked 
|  70|0x000000008ae00000, 0x000000008ae00000, 0x000000008af00000|  0%| F|  |TAMS 0x000000008ae00000, 0x000000008ae00000| Untracked 
|  71|0x000000008af00000, 0x000000008af00000, 0x000000008b000000|  0%| F|  |TAMS 0x000000008af00000, 0x000000008af00000| Untracked 
|  72|0x000000008b000000, 0x000000008b000000, 0x000000008b100000|  0%| F|  |TAMS 0x000000008b000000, 0x000000008b000000| Untracked 
|  73|0x000000008b100000, 0x000000008b100000, 0x000000008b200000|  0%| F|  |TAMS 0x000000008b100000, 0x000000008b100000| Untracked 
|  74|0x000000008b200000, 0x000000008b200000, 0x000000008b300000|  0%| F|  |TAMS 0x000000008b200000, 0x000000008b200000| Untracked 
|  75|0x000000008b300000, 0x000000008b300000, 0x000000008b400000|  0%| F|  |TAMS 0x000000008b300000, 0x000000008b300000| Untracked 
|  76|0x000000008b400000, 0x000000008b400000, 0x000000008b500000|  0%| F|  |TAMS 0x000000008b400000, 0x000000008b400000| Untracked 
|  77|0x000000008b500000, 0x000000008b500000, 0x000000008b600000|  0%| F|  |TAMS 0x000000008b500000, 0x000000008b500000| Untracked 
|  78|0x000000008b600000, 0x000000008b600000, 0x000000008b700000|  0%| F|  |TAMS 0x000000008b600000, 0x000000008b600000| Untracked 
|  79|0x000000008b700000, 0x000000008b700000, 0x000000008b800000|  0%| F|  |TAMS 0x000000008b700000, 0x000000008b700000| Untracked 
|  80|0x000000008b800000, 0x000000008b800000, 0x000000008b900000|  0%| F|  |TAMS 0x000000008b800000, 0x000000008b800000| Untracked 
|  81|0x000000008b900000, 0x000000008b9ff1b0, 0x000000008ba00000| 99%| S|CS|TAMS 0x000000008b900000, 0x000000008b900000| Complete 
|  82|0x000000008ba00000, 0x000000008bb00000, 0x000000008bb00000|100%| S|CS|TAMS 0x000000008ba00000, 0x000000008ba00000| Complete 
|  83|0x000000008bb00000, 0x000000008bc00000, 0x000000008bc00000|100%| S|CS|TAMS 0x000000008bb00000, 0x000000008bb00000| Complete 
|  84|0x000000008bc00000, 0x000000008bd00000, 0x000000008bd00000|100%| S|CS|TAMS 0x000000008bc00000, 0x000000008bc00000| Complete 
|  85|0x000000008bd00000, 0x000000008be00000, 0x000000008be00000|100%| S|CS|TAMS 0x000000008bd00000, 0x000000008bd00000| Complete 
|  86|0x000000008be00000, 0x000000008be00000, 0x000000008bf00000|  0%| F|  |TAMS 0x000000008be00000, 0x000000008be00000| Untracked 
|  87|0x000000008bf00000, 0x000000008bf00000, 0x000000008c000000|  0%| F|  |TAMS 0x000000008bf00000, 0x000000008bf00000| Untracked 
|  88|0x000000008c000000, 0x000000008c000000, 0x000000008c100000|  0%| F|  |TAMS 0x000000008c000000, 0x000000008c000000| Untracked 
|  89|0x000000008c100000, 0x000000008c100000, 0x000000008c200000|  0%| F|  |TAMS 0x000000008c100000, 0x000000008c100000| Untracked 
|  90|0x000000008c200000, 0x000000008c200000, 0x000000008c300000|  0%| F|  |TAMS 0x000000008c200000, 0x000000008c200000| Untracked 
|  91|0x000000008c300000, 0x000000008c300000, 0x000000008c400000|  0%| F|  |TAMS 0x000000008c300000, 0x000000008c300000| Untracked 
|  92|0x000000008c400000, 0x000000008c400000, 0x000000008c500000|  0%| F|  |TAMS 0x000000008c400000, 0x000000008c400000| Untracked 
|  93|0x000000008c500000, 0x000000008c500000, 0x000000008c600000|  0%| F|  |TAMS 0x000000008c500000, 0x000000008c500000| Untracked 
|  94|0x000000008c600000, 0x000000008c600000, 0x000000008c700000|  0%| F|  |TAMS 0x000000008c600000, 0x000000008c600000| Untracked 
|  95|0x000000008c700000, 0x000000008c700000, 0x000000008c800000|  0%| F|  |TAMS 0x000000008c700000, 0x000000008c700000| Untracked 
|  96|0x000000008c800000, 0x000000008c800000, 0x000000008c900000|  0%| F|  |TAMS 0x000000008c800000, 0x000000008c800000| Untracked 
|  97|0x000000008c900000, 0x000000008c900000, 0x000000008ca00000|  0%| F|  |TAMS 0x000000008c900000, 0x000000008c900000| Untracked 
|  98|0x000000008ca00000, 0x000000008ca00000, 0x000000008cb00000|  0%| F|  |TAMS 0x000000008ca00000, 0x000000008ca00000| Untracked 
|  99|0x000000008cb00000, 0x000000008cb00000, 0x000000008cc00000|  0%| F|  |TAMS 0x000000008cb00000, 0x000000008cb00000| Untracked 
| 100|0x000000008cc00000, 0x000000008cc00000, 0x000000008cd00000|  0%| F|  |TAMS 0x000000008cc00000, 0x000000008cc00000| Untracked 
| 101|0x000000008cd00000, 0x000000008cd00000, 0x000000008ce00000|  0%| F|  |TAMS 0x000000008cd00000, 0x000000008cd00000| Untracked 
| 102|0x000000008ce00000, 0x000000008ce00000, 0x000000008cf00000|  0%| F|  |TAMS 0x000000008ce00000, 0x000000008ce00000| Untracked 
| 103|0x000000008cf00000, 0x000000008cf00000, 0x000000008d000000|  0%| F|  |TAMS 0x000000008cf00000, 0x000000008cf00000| Untracked 
| 104|0x000000008d000000, 0x000000008d000000, 0x000000008d100000|  0%| F|  |TAMS 0x000000008d000000, 0x000000008d000000| Untracked 
| 105|0x000000008d100000, 0x000000008d100000, 0x000000008d200000|  0%| F|  |TAMS 0x000000008d100000, 0x000000008d100000| Untracked 
| 106|0x000000008d200000, 0x000000008d200000, 0x000000008d300000|  0%| F|  |TAMS 0x000000008d200000, 0x000000008d200000| Untracked 
| 107|0x000000008d300000, 0x000000008d300000, 0x000000008d400000|  0%| F|  |TAMS 0x000000008d300000, 0x000000008d300000| Untracked 
| 108|0x000000008d400000, 0x000000008d400000, 0x000000008d500000|  0%| F|  |TAMS 0x000000008d400000, 0x000000008d400000| Untracked 
| 109|0x000000008d500000, 0x000000008d500000, 0x000000008d600000|  0%| F|  |TAMS 0x000000008d500000, 0x000000008d500000| Untracked 
| 110|0x000000008d600000, 0x000000008d600000, 0x000000008d700000|  0%| F|  |TAMS 0x000000008d600000, 0x000000008d600000| Untracked 
| 111|0x000000008d700000, 0x000000008d700000, 0x000000008d800000|  0%| F|  |TAMS 0x000000008d700000, 0x000000008d700000| Untracked 
| 112|0x000000008d800000, 0x000000008d800000, 0x000000008d900000|  0%| F|  |TAMS 0x000000008d800000, 0x000000008d800000| Untracked 
| 113|0x000000008d900000, 0x000000008d900000, 0x000000008da00000|  0%| F|  |TAMS 0x000000008d900000, 0x000000008d900000| Untracked 
| 114|0x000000008da00000, 0x000000008da00000, 0x000000008db00000|  0%| F|  |TAMS 0x000000008da00000, 0x000000008da00000| Untracked 
| 115|0x000000008db00000, 0x000000008db00000, 0x000000008dc00000|  0%| F|  |TAMS 0x000000008db00000, 0x000000008db00000| Untracked 
| 116|0x000000008dc00000, 0x000000008dc80800, 0x000000008dd00000| 50%| E|  |TAMS 0x000000008dc00000, 0x000000008dc00000| Complete 
| 117|0x000000008dd00000, 0x000000008de00000, 0x000000008de00000|100%| E|CS|TAMS 0x000000008dd00000, 0x000000008dd00000| Complete 
| 118|0x000000008de00000, 0x000000008df00000, 0x000000008df00000|100%| E|CS|TAMS 0x000000008de00000, 0x000000008de00000| Complete 
| 119|0x000000008df00000, 0x000000008e000000, 0x000000008e000000|100%| E|CS|TAMS 0x000000008df00000, 0x000000008df00000| Complete 
| 120|0x000000008e000000, 0x000000008e100000, 0x000000008e100000|100%| E|CS|TAMS 0x000000008e000000, 0x000000008e000000| Complete 
| 121|0x000000008e100000, 0x000000008e200000, 0x000000008e200000|100%| E|CS|TAMS 0x000000008e100000, 0x000000008e100000| Complete 

Card table byte_map: [0x000000d377e60000,0x000000d378230000] _byte_map_base: 0x000000d377a2c000

Marking Bits (Prev, Next): (CMBitMap*) 0x000000d364f47038, (CMBitMap*) 0x000000d364f47070
 Prev Bits: [0x000000d378600000, 0x000000d37a460000)
 Next Bits: [0x000000d37a460000, 0x000000d37c2c0000)

Polling page: 0x000000d364660000

Metaspace:

Usage:
  Non-class:     32.64 MB capacity,    32.36 MB (>99%) used,   218.49 KB ( <1%) free+waste,    70.88 KB ( <1%) overhead. 
      Class:      4.24 MB capacity,     4.01 MB ( 94%) used,   205.73 KB (  5%) free+waste,    33.75 KB ( <1%) overhead. 
       Both:     36.88 MB capacity,    36.37 MB ( 99%) used,   424.23 KB (  1%) free+waste,   104.63 KB ( <1%) overhead. 

Virtual space:
  Non-class space:       34.00 MB reserved,      32.75 MB ( 96%) committed 
      Class space:        1.00 GB reserved,       4.25 MB ( <1%) committed 
             Both:        1.03 GB reserved,      37.00 MB (  3%) committed 

Chunk freelists:
   Non-Class:  46.00 KB
       Class:  10.00 KB
        Both:  56.00 KB

MaxMetaspaceSize: 17179869184.00 GB
CompressedClassSpaceSize: 1.00 GB

CodeHeap 'non-profiled nmethods': size=120064Kb used=949Kb max_used=949Kb free=119115Kb
 bounds [0x000000d370550000, 0x000000d3707c0000, 0x000000d377a90000]
CodeHeap 'profiled nmethods': size=120000Kb used=3666Kb max_used=3666Kb free=116333Kb
 bounds [0x000000d369020000, 0x000000d3693c0000, 0x000000d370550000]
CodeHeap 'non-nmethods': size=5696Kb used=1422Kb max_used=1434Kb free=4273Kb
 bounds [0x000000d368a90000, 0x000000d368d00000, 0x000000d369020000]
 total_blobs=2762 nmethods=1867 adapters=806
 compilation: enabled
              stopped_count=0, restarted_count=0
 full_count=0

Compilation events (20 events):
Event: 12.823 Thread 0x000000d37f5c1800 1809       4       jdk.internal.org.objectweb.asm.Frame::get (46 bytes)
Event: 12.824 Thread 0x000000d37f5c1800 nmethod 1809 0x000000d37063bf90 code [0x000000d37063c120, 0x000000d37063c1f8]
Event: 12.824 Thread 0x000000d37f5c1800 1828       4       java.lang.String::toString (2 bytes)
Event: 12.824 Thread 0x000000d37f5c1800 nmethod 1828 0x000000d37063c290 code [0x000000d37063c420, 0x000000d37063c478]
Event: 12.996 Thread 0x000000d37f5c8000 1863       3       java.util.concurrent.ConcurrentHashMap::sumCount (60 bytes)
Event: 12.996 Thread 0x000000d37f5c8000 nmethod 1863 0x000000d3693b2b10 code [0x000000d3693b2cc0, 0x000000d3693b2f18]
Event: 13.013 Thread 0x000000d37f5c8000 1864       1       java.util.concurrent.locks.AbstractOwnableSynchronizer::setExclusiveOwnerThread (6 bytes)
Event: 13.013 Thread 0x000000d37f5c8000 nmethod 1864 0x000000d37063c510 code [0x000000d37063c6c0, 0x000000d37063c7b8]
Event: 13.031 Thread 0x000000d37f5c8000 1865       1       java.awt.Color::getRGB (5 bytes)
Event: 13.031 Thread 0x000000d37f5c8000 nmethod 1865 0x000000d37063c810 code [0x000000d37063c9c0, 0x000000d37063ca78]
Event: 13.032 Thread 0x000000d37f5c8000 1866   !   3       jdk.internal.logger.LazyLoggers$LazyLoggerAccessor::platform (103 bytes)
Event: 13.032 Thread 0x000000d37f5c8000 nmethod 1866 0x000000d3693b3010 code [0x000000d3693b3260, 0x000000d3693b4048]
Event: 13.032 Thread 0x000000d37f5c8000 1867       3       java.awt.Component::checkTreeLock (21 bytes)
Event: 13.033 Thread 0x000000d37f5c8000 nmethod 1867 0x000000d3693b4390 code [0x000000d3693b4560, 0x000000d3693b47f8]
Event: 13.033 Thread 0x000000d37f5c8000 1868       1       java.awt.AWTEvent::getID (5 bytes)
Event: 13.033 Thread 0x000000d37f5c8000 nmethod 1868 0x000000d37063cb10 code [0x000000d37063ccc0, 0x000000d37063cd78]
Event: 13.041 Thread 0x000000d37f5c8000 1869       1       androidx.compose.ui.node.OuterMeasurablePlaceable::getOuterWrapper (5 bytes)
Event: 13.041 Thread 0x000000d37f5c8000 nmethod 1869 0x000000d37063ce10 code [0x000000d37063cfc0, 0x000000d37063d078]
Event: 13.044 Thread 0x000000d37f5c8000 1870       1       androidx.compose.ui.node.LayoutNodeWrapper::getLayoutNode$ui (5 bytes)
Event: 13.044 Thread 0x000000d37f5c8000 nmethod 1870 0x000000d37063d110 code [0x000000d37063d2c0, 0x000000d37063d378]

GC Heap History (8 events):
Event: 1.951 GC heap before
{Heap before GC invocations=0 (full 0):
 garbage-first heap   total 124928K, used 14336K [0x0000000086800000, 0x0000000100000000)
  region size 1024K, 14 young (14336K), 0 survivors (0K)
 Metaspace       used 9541K, capacity 9730K, committed 9984K, reserved 1058816K
  class space    used 880K, capacity 950K, committed 1024K, reserved 1048576K
}
Event: 1.956 GC heap after
{Heap after GC invocations=1 (full 0):
 garbage-first heap   total 124928K, used 4206K [0x0000000086800000, 0x0000000100000000)
  region size 1024K, 2 young (2048K), 2 survivors (2048K)
 Metaspace       used 9541K, capacity 9730K, committed 9984K, reserved 1058816K
  class space    used 880K, capacity 950K, committed 1024K, reserved 1048576K
}
Event: 7.143 GC heap before
{Heap before GC invocations=1 (full 0):
 garbage-first heap   total 124928K, used 43118K [0x0000000086800000, 0x0000000100000000)
  region size 1024K, 41 young (41984K), 2 survivors (2048K)
 Metaspace       used 20569K, capacity 21024K, committed 21248K, reserved 1069056K
  class space    used 2102K, capacity 2300K, committed 2304K, reserved 1048576K
}
Event: 7.153 GC heap after
{Heap after GC invocations=2 (full 0):
 garbage-first heap   total 124928K, used 5616K [0x0000000086800000, 0x0000000100000000)
  region size 1024K, 4 young (4096K), 4 survivors (4096K)
 Metaspace       used 20569K, capacity 21024K, committed 21248K, reserved 1069056K
  class space    used 2102K, capacity 2300K, committed 2304K, reserved 1048576K
}
Event: 10.680 GC heap before
{Heap before GC invocations=3 (full 0):
 garbage-first heap   total 124928K, used 47600K [0x0000000086800000, 0x0000000100000000)
  region size 1024K, 45 young (46080K), 4 survivors (4096K)
 Metaspace       used 29556K, capacity 30045K, committed 30336K, reserved 1077248K
  class space    used 3189K, capacity 3410K, committed 3456K, reserved 1048576K
}
Event: 10.690 GC heap after
{Heap after GC invocations=4 (full 0):
 garbage-first heap   total 124928K, used 7432K [0x0000000086800000, 0x0000000100000000)
  region size 1024K, 4 young (4096K), 4 survivors (4096K)
 Metaspace       used 29556K, capacity 30045K, committed 30336K, reserved 1077248K
  class space    used 3189K, capacity 3410K, committed 3456K, reserved 1048576K
}
Event: 12.396 GC heap before
{Heap before GC invocations=4 (full 0):
 garbage-first heap   total 124928K, used 43272K [0x0000000086800000, 0x0000000100000000)
  region size 1024K, 40 young (40960K), 4 survivors (4096K)
 Metaspace       used 35083K, capacity 35523K, committed 35584K, reserved 1081344K
  class space    used 3850K, capacity 4083K, committed 4096K, reserved 1048576K
}
Event: 12.407 GC heap after
{Heap after GC invocations=5 (full 0):
 garbage-first heap   total 124928K, used 8819K [0x0000000086800000, 0x0000000100000000)
  region size 1024K, 5 young (5120K), 5 survivors (5120K)
 Metaspace       used 35083K, capacity 35523K, committed 35584K, reserved 1081344K
  class space    used 3850K, capacity 4083K, committed 4096K, reserved 1048576K
}

Deoptimization events (20 events):
Event: 10.840 Thread 0x000000d300888000 DEOPT PACKING pc=0x000000d3692e7768 sp=0x000000d301954910
Event: 10.840 Thread 0x000000d300888000 DEOPT UNPACKING pc=0x000000d368ab764e sp=0x000000d301953e18 mode 0
Event: 10.884 Thread 0x000000d300888000 DEOPT PACKING pc=0x000000d3692e7768 sp=0x000000d301954360
Event: 10.884 Thread 0x000000d300888000 DEOPT UNPACKING pc=0x000000d368ab764e sp=0x000000d301953868 mode 0
Event: 11.097 Thread 0x000000d300888000 Uncommon trap: trap_request=0xffffffc6 fr.pc=0x000000d370605c78 relative=0x0000000000000c38
Event: 11.097 Thread 0x000000d300888000 Uncommon trap: reason=bimorphic_or_optimized_type_check action=maybe_recompile pc=0x000000d370605c78 method=java.util.HashMap.putVal(ILjava/lang/Object;Ljava/lang/Object;ZZ)Ljava/lang/Object; @ 91 c2
Event: 11.097 Thread 0x000000d300888000 DEOPT PACKING pc=0x000000d370605c78 sp=0x000000d301957170
Event: 11.097 Thread 0x000000d300888000 DEOPT UNPACKING pc=0x000000d368ab782f sp=0x000000d301957090 mode 2
Event: 11.097 Thread 0x000000d300888000 Uncommon trap: trap_request=0xffffffc6 fr.pc=0x000000d370605c78 relative=0x0000000000000c38
Event: 11.097 Thread 0x000000d300888000 Uncommon trap: reason=bimorphic_or_optimized_type_check action=maybe_recompile pc=0x000000d370605c78 method=java.util.HashMap.putVal(ILjava/lang/Object;Ljava/lang/Object;ZZ)Ljava/lang/Object; @ 91 c2
Event: 11.097 Thread 0x000000d300888000 DEOPT PACKING pc=0x000000d370605c78 sp=0x000000d301957170
Event: 11.097 Thread 0x000000d300888000 DEOPT UNPACKING pc=0x000000d368ab782f sp=0x000000d301957090 mode 2
Event: 12.573 Thread 0x000000d300888000 Uncommon trap: trap_request=0xffffffcc fr.pc=0x000000d37061af70 relative=0x00000000000002b0
Event: 12.573 Thread 0x000000d300888000 Uncommon trap: reason=intrinsic_or_type_checked_inlining action=make_not_entrant pc=0x000000d37061af70 method=java.util.Arrays.copyOf([Ljava/lang/Object;ILjava/lang/Class;)[Ljava/lang/Object; @ 35 c2
Event: 12.573 Thread 0x000000d300888000 DEOPT PACKING pc=0x000000d37061af70 sp=0x000000d301956d60
Event: 12.573 Thread 0x000000d300888000 DEOPT UNPACKING pc=0x000000d368ab782f sp=0x000000d301956d08 mode 2
Event: 12.587 Thread 0x000000d300888000 Uncommon trap: trap_request=0xffffff4d fr.pc=0x000000d3705a0004 relative=0x00000000000002e4
Event: 12.587 Thread 0x000000d300888000 Uncommon trap: reason=unstable_if action=reinterpret pc=0x000000d3705a0004 method=java.lang.StringUTF16.compress([CI[BII)I @ 20 c2
Event: 12.587 Thread 0x000000d300888000 DEOPT PACKING pc=0x000000d3705a0004 sp=0x000000d3019582b0
Event: 12.587 Thread 0x000000d300888000 DEOPT UNPACKING pc=0x000000d368ab782f sp=0x000000d301958230 mode 2

Classes redefined (0 events):
No events

Internal exceptions (20 events):
Event: 3.560 Thread 0x000000d300888000 Exception <a 'java/lang/NoSuchMethodError'{0x000000008d7744c8}: 'void java.lang.invoke.DirectMethodHandle$Holder.invokeStaticInit(java.lang.Object)'> (0x000000008d7744c8) thrown at [./src/hotspot/share/interpreter/linkResolver.cpp, line 773]
Event: 3.572 Thread 0x000000d300888000 Exception <a 'java/lang/NoSuchMethodError'{0x000000008d7bd188}: 'java.lang.Object java.lang.invoke.DirectMethodHandle$Holder.invokeStatic(java.lang.Object, java.lang.Object, java.lang.Object, java.lang.Object, java.lang.Object, java.lang.Object, java.lang.Object, java.lang.Object, java.lang.Object, java.lang.Object, java.lang.Object, int)'> (0x000000008d7bd188) thrown at [./src/hotspot/share/interpreter/linkResolver.cpp, line 773]
Event: 3.575 Thread 0x000000d300888000 Exception <a 'java/lang/NoSuchMethodError'{0x000000008d7db330}: 'java.lang.Object java.lang.invoke.DirectMethodHandle$Holder.invokeStatic(java.lang.Object, java.lang.Object, java.lang.Object, java.lang.Object, java.lang.Object, java.lang.Object, java.lang.Object, java.lang.Object, java.lang.Object, java.lang.Object, java.lang.Object, int, int)'> (0x000000008d7db330) thrown at [./src/hotspot/share/interpreter/linkResolver.cpp, line 773]
Event: 3.578 Thread 0x000000d300888000 Exception <a 'java/lang/NoSuchMethodError'{0x000000008d7fa368}: 'java.lang.Object java.lang.invoke.DirectMethodHandle$Holder.invokeStatic(java.lang.Object, java.lang.Object, java.lang.Object, java.lang.Object, java.lang.Object, java.lang.Object, java.lang.Object, java.lang.Object, java.lang.Object, java.lang.Object, java.lang.Object, int, int, java.lang.Object)'> (0x000000008d7fa368) thrown at [./src/hotspot/share/interpreter/linkResolver.cpp, line 773]
Event: 3.581 Thread 0x000000d300888000 Exception <a 'java/lang/NoSuchMethodError'{0x000000008d61af68}: 'java.lang.Object java.lang.invoke.DirectMethodHandle$Holder.invokeStatic(java.lang.Object, java.lang.Object, java.lang.Object, java.lang.Object, java.lang.Object, java.lang.Object, java.lang.Object, java.lang.Object, java.lang.Object, java.lang.Object, java.lang.Object, int, int, java.lang.Object, java.lang.Object)'> (0x000000008d61af68) thrown at [./src/hotspot/share/interpreter/linkResolver.cpp, line 773]
Event: 3.597 Thread 0x000000d300888000 Exception <a 'java/lang/NoSuchMethodError'{0x000000008d695ae0}: 'java.lang.Object java.lang.invoke.DirectMethodHandle$Holder.invokeStatic(java.lang.Object, java.lang.Object, java.lang.Object, java.lang.Object, java.lang.Object, java.lang.Object, java.lang.Object, java.lang.Object, java.lang.Object, java.lang.Object, java.lang.Object, java.lang.Object, java.lang.Object, int)'> (0x000000008d695ae0) thrown at [./src/hotspot/share/interpreter/linkResolver.cpp, line 773]
Event: 3.599 Thread 0x000000d300888000 Exception <a 'java/lang/NoSuchMethodError'{0x000000008d6a24d8}: 'java.lang.Object java.lang.invoke.DirectMethodHandle$Holder.invokeStatic(java.lang.Object, java.lang.Object, java.lang.Object, java.lang.Object, java.lang.Object, java.lang.Object, java.lang.Object, java.lang.Object, java.lang.Object, java.lang.Object, java.lang.Object, java.lang.Object, java.lang.Object, int, int)'> (0x000000008d6a24d8) thrown at [./src/hotspot/share/interpreter/linkResolver.cpp, line 773]
Event: 3.614 Thread 0x000000d300888000 Exception <a 'java/lang/ClassNotFoundException'{0x000000008d6f5b08}: com/sun/java/swing/plaf/windows/resources/spi/windowsProvider> (0x000000008d6f5b08) thrown at [./src/hotspot/share/classfile/systemDictionary.cpp, line 231]
Event: 6.853 Thread 0x000000d300888000 Exception <a 'java/lang/NoClassDefFoundError'{0x000000008bcba558}: org/slf4j/impl/StaticLoggerBinder> (0x000000008bcba558) thrown at [./src/hotspot/share/classfile/systemDictionary.cpp, line 220]
Event: 8.794 Thread 0x000000d300888000 Exception <a 'java/lang/NoSuchMethodError'{0x000000008cd8e260}: 'java.lang.Object java.lang.invoke.DirectMethodHandle$Holder.invokeStatic(java.lang.Object, int, int, int, int)'> (0x000000008cd8e260) thrown at [./src/hotspot/share/interpreter/linkResolver.cpp, line 773]
Event: 8.794 Thread 0x000000d300888000 Exception <a 'java/lang/NoSuchMethodError'{0x000000008cd91b80}: 'java.lang.Object java.lang.invoke.DirectMethodHandle$Holder.invokeStaticInit(java.lang.Object, int, int, int, int)'> (0x000000008cd91b80) thrown at [./src/hotspot/share/interpreter/linkResolver.cpp, line 773]
Event: 8.892 Thread 0x000000d300888000 Exception <a 'java/lang/NoSuchMethodError'{0x000000008cc5a2d8}: 'java.lang.Object java.lang.invoke.DirectMethodHandle$Holder.invokeStatic(java.lang.Object, java.lang.Object, int, int, int, int)'> (0x000000008cc5a2d8) thrown at [./src/hotspot/share/interpreter/linkResolver.cpp, line 773]
Event: 8.892 Thread 0x000000d300888000 Exception <a 'java/lang/NoSuchMethodError'{0x000000008cc5de28}: 'java.lang.Object java.lang.invoke.DirectMethodHandle$Holder.invokeStaticInit(java.lang.Object, java.lang.Object, int, int, int, int)'> (0x000000008cc5de28) thrown at [./src/hotspot/share/interpreter/linkResolver.cpp, line 773]
Event: 8.996 Thread 0x000000d300888000 Implicit null exception at 0x000000d370582e74 to 0x000000d370583354
Event: 8.998 Thread 0x000000d300888000 Implicit null exception at 0x000000d370578174 to 0x000000d37057862c
Event: 9.040 Thread 0x000000d300705000 Exception <a 'java/lang/reflect/InvocationTargetException'{0x000000008c9a1bf8}> (0x000000008c9a1bf8) thrown at [./src/hotspot/share/runtime/reflection.cpp, line 1247]
Event: 9.040 Thread 0x000000d30081e000 Exception <a 'java/lang/reflect/InvocationTargetException'{0x000000008cade2c8}> (0x000000008cade2c8) thrown at [./src/hotspot/share/runtime/reflection.cpp, line 1247]
Event: 9.700 Thread 0x000000d300888000 Exception <a 'java/lang/NoSuchMethodError'{0x000000008c5f0dc8}: 'int java.lang.invoke.DirectMethodHandle$Holder.invokeVirtual(java.lang.Object, java.lang.Object)'> (0x000000008c5f0dc8) thrown at [./src/hotspot/share/interpreter/linkResolver.cpp, line 773]
Event: 9.743 Thread 0x000000d300888000 Exception <a 'java/lang/reflect/InvocationTargetException'{0x000000008c4a68e0}> (0x000000008c4a68e0) thrown at [./src/hotspot/share/runtime/reflection.cpp, line 1247]
Event: 12.602 Thread 0x000000d300888000 Exception <a 'java/lang/NoSuchMethodError'{0x000000008e0f3068}: 'java.lang.Object java.lang.invoke.Invokers$Holder.linkToTargetMethod(java.lang.Object, int, java.lang.Object)'> (0x000000008e0f3068) thrown at [./src/hotspot/share/interpreter/linkResolver.cpp, line 773]

Events (20 events):
Event: 13.304 loading class org/jetbrains/skija/paragraph/Alignment
Event: 13.304 loading class org/jetbrains/skija/paragraph/Alignment done
Event: 13.305 loading class org/jetbrains/skija/paragraph/ParagraphBuilder
Event: 13.305 loading class org/jetbrains/skija/paragraph/ParagraphBuilder done
Event: 13.686 loading class org/jetbrains/skija/paragraph/ParagraphBuilder$_FinalizerHolder
Event: 13.686 loading class org/jetbrains/skija/paragraph/ParagraphBuilder$_FinalizerHolder done
Event: 13.687 loading class androidx/compose/ui/text/font/FontListFontFamily
Event: 13.687 loading class androidx/compose/ui/text/font/FontListFontFamily done
Event: 13.706 loading class androidx/compose/ui/text/font/FileBasedFontFamily
Event: 13.706 loading class androidx/compose/ui/text/font/FileBasedFontFamily done
Event: 13.707 loading class org/jetbrains/skija/paragraph/TextStyle$_FinalizerHolder
Event: 13.707 loading class org/jetbrains/skija/paragraph/TextStyle$_FinalizerHolder done
Event: 13.708 loading class org/jetbrains/skija/FontStyle
Event: 13.708 loading class org/jetbrains/skija/FontStyle done
Event: 13.708 loading class org/jetbrains/skija/FontSlant
Event: 13.708 loading class org/jetbrains/skija/FontSlant done
Event: 13.710 loading class org/jetbrains/skija/paragraph/Paragraph
Event: 13.710 loading class org/jetbrains/skija/paragraph/Paragraph done
Event: 13.710 loading class org/jetbrains/skija/paragraph/Paragraph$_FinalizerHolder
Event: 13.710 loading class org/jetbrains/skija/paragraph/Paragraph$_FinalizerHolder done


Dynamic libraries:
0x00007ff744c30000 - 0x00007ff744c3a000 	D:\JetBrains\IntelliJ IDEA Community Edition 2020.2.3\jbr\bin\java.exe
0x00007ffb20ad0000 - 0x00007ffb20c7a000 	C:\Windows\SYSTEM32\ntdll.dll
0x00007ffb1f9a0000 - 0x00007ffb1fada000 	C:\Windows\system32\KERNEL32.DLL
0x00007ffb1e010000 - 0x00007ffb1e120000 	C:\Windows\system32\KERNELBASE.dll
0x00007ffb19270000 - 0x00007ffb19289000 	D:\JetBrains\IntelliJ IDEA Community Edition 2020.2.3\jbr\bin\jli.dll
0x00007ffb10e30000 - 0x00007ffb10e47000 	D:\JetBrains\IntelliJ IDEA Community Edition 2020.2.3\jbr\bin\VCRUNTIME140.dll
0x00007ffb15770000 - 0x00007ffb15774000 	C:\Windows\SYSTEM32\api-ms-win-crt-stdio-l1-1-0.dll
0x00007ffb157c0000 - 0x00007ffb157c4000 	C:\Windows\SYSTEM32\api-ms-win-crt-runtime-l1-1-0.dll
0x00007ffb15760000 - 0x00007ffb15763000 	C:\Windows\SYSTEM32\api-ms-win-crt-environment-l1-1-0.dll
0x00007ffb15750000 - 0x00007ffb15755000 	C:\Windows\SYSTEM32\api-ms-win-crt-math-l1-1-0.dll
0x00007ffb15730000 - 0x00007ffb15733000 	C:\Windows\SYSTEM32\api-ms-win-crt-locale-l1-1-0.dll
0x00007ffb157b0000 - 0x00007ffb157b3000 	C:\Windows\SYSTEM32\api-ms-win-crt-heap-l1-1-0.dll
0x00007ffb1bdf0000 - 0x00007ffb1c04a000 	C:\Windows\WinSxS\amd64_microsoft.windows.common-controls_6595b64144ccf1df_6.0.9600.17031_none_6242a4b3ecbb55a1\COMCTL32.dll
0x00007ffb206c0000 - 0x00007ffb20831000 	C:\Windows\system32\USER32.dll
0x00007ffb15740000 - 0x00007ffb15743000 	C:\Windows\SYSTEM32\api-ms-win-crt-filesystem-l1-1-0.dll
0x00007ffb15780000 - 0x00007ffb15784000 	C:\Windows\SYSTEM32\api-ms-win-crt-string-l1-1-0.dll
0x00007ffb15720000 - 0x00007ffb15724000 	C:\Windows\SYSTEM32\api-ms-win-crt-convert-l1-1-0.dll
0x00007ffb1ff40000 - 0x00007ffb1ffe7000 	C:\Windows\system32\msvcrt.dll
0x00007ffb1fff0000 - 0x00007ffb20135000 	C:\Windows\system32\GDI32.dll
0x00007ffb15620000 - 0x00007ffb15712000 	C:\Windows\SYSTEM32\ucrtbase.DLL
0x00007ffb20400000 - 0x00007ffb20434000 	C:\Windows\system32\IMM32.DLL
0x00007ffb204b0000 - 0x00007ffb205e9000 	C:\Windows\system32\MSCTF.dll
0x00007ffb1de00000 - 0x00007ffb1de30000 	C:\Windows\system32\nvinitx.dll
0x00007ffb1ddf0000 - 0x00007ffb1ddfa000 	C:\Windows\SYSTEM32\VERSION.dll
0x00007ffb1f770000 - 0x00007ffb1f815000 	C:\Windows\system32\ADVAPI32.dll
0x00007ffb1fee0000 - 0x00007ffb1ff37000 	C:\Windows\SYSTEM32\sechost.dll
0x00007ffb20140000 - 0x00007ffb20276000 	C:\Windows\system32\RPCRT4.dll
0x0000000062830000 - 0x0000000062836000 	C:\Program Files\NVIDIA Corporation\CoProcManager\_etoured.dll
0x00007ffb1bdb0000 - 0x00007ffb1bde8000 	C:\Program Files\NVIDIA Corporation\CoProcManager\nvd3d9wrapx.dll
0x00007ffb1fae0000 - 0x00007ffb1fcb4000 	C:\Windows\system32\SETUPAPI.dll
0x00007ffb1e120000 - 0x00007ffb1e16a000 	C:\Windows\system32\CFGMGR32.dll
0x00007ffb1bd80000 - 0x00007ffb1bda4000 	C:\Program Files\NVIDIA Corporation\CoProcManager\nvdxgiwrapx.dll
0x00007ffb10d90000 - 0x00007ffb10e2d000 	D:\JetBrains\IntelliJ IDEA Community Edition 2020.2.3\jbr\bin\msvcp140.dll
0x00007ffb19260000 - 0x00007ffb19265000 	C:\Windows\SYSTEM32\api-ms-win-crt-multibyte-l1-1-0.dll
0x00007ffb15790000 - 0x00007ffb15793000 	C:\Windows\SYSTEM32\api-ms-win-crt-time-l1-1-0.dll
0x00007ffb157a0000 - 0x00007ffb157a3000 	C:\Windows\SYSTEM32\api-ms-win-crt-utility-l1-1-0.dll
0x00007ffaf8dc0000 - 0x00007ffaf9890000 	D:\JetBrains\IntelliJ IDEA Community Edition 2020.2.3\jbr\bin\server\jvm.dll
0x00007ffb16340000 - 0x00007ffb16349000 	C:\Windows\SYSTEM32\WSOCK32.dll
0x00007ffb194a0000 - 0x00007ffb194bf000 	C:\Windows\SYSTEM32\WINMM.dll
0x00007ffb205f0000 - 0x00007ffb205f7000 	C:\Windows\system32\PSAPI.DLL
0x00007ffb1f820000 - 0x00007ffb1f878000 	C:\Windows\system32\WS2_32.dll
0x00007ffb19370000 - 0x00007ffb1939a000 	C:\Windows\SYSTEM32\WINMMBASE.dll
0x00007ffb204a0000 - 0x00007ffb204a9000 	C:\Windows\system32\NSI.dll
0x00007ffb1cc80000 - 0x00007ffb1cca6000 	C:\Windows\SYSTEM32\DEVOBJ.dll
0x00007ffb1ccd0000 - 0x00007ffb1ccda000 	C:\Windows\SYSTEM32\kernel.appcore.dll
0x00007ffafb810000 - 0x00007ffafb821000 	D:\JetBrains\IntelliJ IDEA Community Edition 2020.2.3\jbr\bin\verify.dll
0x00007ffb15870000 - 0x00007ffb159f8000 	C:\Windows\SYSTEM32\DBGHELP.DLL
0x00007ffaf9d20000 - 0x00007ffaf9d49000 	D:\JetBrains\IntelliJ IDEA Community Edition 2020.2.3\jbr\bin\java.dll
0x00007ffafc4d0000 - 0x00007ffafc4db000 	D:\JetBrains\IntelliJ IDEA Community Edition 2020.2.3\jbr\bin\jimage.dll
0x00007ffb162f0000 - 0x00007ffb162ff000 	D:\JetBrains\IntelliJ IDEA Community Edition 2020.2.3\jbr\bin\instrument.dll
0x00007ffafb7f0000 - 0x00007ffafb808000 	D:\JetBrains\IntelliJ IDEA Community Edition 2020.2.3\jbr\bin\zip.dll
0x00007ffb1e350000 - 0x00007ffb1f767000 	C:\Windows\system32\SHELL32.dll
0x00007ffb20840000 - 0x00007ffb20a16000 	C:\Windows\SYSTEM32\combase.dll
0x00007ffb1f880000 - 0x00007ffb1f8d1000 	C:\Windows\system32\SHLWAPI.dll
0x00007ffb1c4c0000 - 0x00007ffb1c55f000 	C:\Windows\SYSTEM32\SHCORE.dll
0x00007ffb1de40000 - 0x00007ffb1de54000 	C:\Windows\SYSTEM32\profapi.dll
0x00007ffafb6a0000 - 0x00007ffafb6ba000 	D:\JetBrains\IntelliJ IDEA Community Edition 2020.2.3\jbr\bin\net.dll
0x00007ffb15a00000 - 0x00007ffb15ac5000 	C:\Windows\SYSTEM32\WINHTTP.dll
0x00007ffb1d6c0000 - 0x00007ffb1d718000 	C:\Windows\system32\mswsock.dll
0x00007ffaf9d00000 - 0x00007ffaf9d14000 	D:\JetBrains\IntelliJ IDEA Community Edition 2020.2.3\jbr\bin\nio.dll
0x00007ffafd700000 - 0x00007ffafd71a000 	D:\JetBrains\IntelliJ IDEA Community Edition 2020.2.3\bin\breakgen64.dll
0x00007ffaf8c10000 - 0x00007ffaf8db4000 	D:\JetBrains\IntelliJ IDEA Community Edition 2020.2.3\jbr\bin\awt.dll
0x00007ffb1c2f0000 - 0x00007ffb1c310000 	C:\Windows\SYSTEM32\dwmapi.dll
0x00007ffb1f8e0000 - 0x00007ffb1f997000 	C:\Windows\system32\OLEAUT32.dll
0x00007ffb1ca30000 - 0x00007ffb1cab8000 	C:\Windows\system32\apphelp.dll
0x00007ffb1cb00000 - 0x00007ffb1cc21000 	C:\Windows\system32\uxtheme.dll
0x00007ffb20280000 - 0x00007ffb203f8000 	C:\Windows\system32\ole32.dll
0x00007ffb1dcd0000 - 0x00007ffb1dcda000 	C:\Windows\SYSTEM32\CRYPTBASE.dll
0x00007ffb1dc70000 - 0x00007ffb1dcd0000 	C:\Windows\SYSTEM32\bcryptPrimitives.dll
0x00007ffaf89a0000 - 0x00007ffaf8ac1000 	C:\Windows\system32\opengl32.dll
0x00007ffaf8970000 - 0x00007ffaf899c000 	C:\Windows\SYSTEM32\GLU32.dll
0x00007ffaf8870000 - 0x00007ffaf8964000 	C:\Windows\SYSTEM32\DDRAW.dll
0x00007ffaf8860000 - 0x00007ffaf8869000 	C:\Windows\SYSTEM32\DCIMAN32.dll
0x00007ffaf6d40000 - 0x00007ffaf7994000 	C:\Users\saeed\.skiko\8c3334e41c9b2498065bff0c9ec17b188524de85f0ebdc43f9e629a7e71e33e8\skiko.dll
0x00007ffb19f30000 - 0x00007ffb1a10f000 	C:\Windows\SYSTEM32\dwrite.dll
0x00007ffb1d720000 - 0x00007ffb1d73e000 	C:\Windows\SYSTEM32\CRYPTSP.dll
0x00007ffb1d360000 - 0x00007ffb1d395000 	C:\Windows\system32\rsaenh.dll
0x00007ffb1d950000 - 0x00007ffb1d976000 	C:\Windows\SYSTEM32\bcrypt.dll
0x00007ffb1d470000 - 0x00007ffb1d48f000 	C:\Windows\SYSTEM32\USERENV.dll
0x00007ffb18df0000 - 0x00007ffb18e19000 	C:\Windows\SYSTEM32\IPHLPAPI.DLL
0x00007ffb18dc0000 - 0x00007ffb18dca000 	C:\Windows\SYSTEM32\WINNSI.DLL
0x00007ffb18940000 - 0x00007ffb18954000 	C:\Windows\SYSTEM32\dhcpcsvc6.DLL
0x00007ffb18b00000 - 0x00007ffb18b19000 	C:\Windows\SYSTEM32\dhcpcsvc.DLL
0x00007ffb1d4d0000 - 0x00007ffb1d573000 	C:\Windows\SYSTEM32\DNSAPI.dll
0x00007ffb0d9b0000 - 0x00007ffb0d9b9000 	C:\Windows\System32\rasadhlp.dll
0x00007ffb189f0000 - 0x00007ffb18a57000 	C:\Windows\System32\fwpuclnt.dll
0x00007ffaf8b80000 - 0x00007ffaf8c08000 	D:\JetBrains\IntelliJ IDEA Community Edition 2020.2.3\jbr\bin\freetype.dll
0x00007ffaf8ad0000 - 0x00007ffaf8b79000 	D:\JetBrains\IntelliJ IDEA Community Edition 2020.2.3\jbr\bin\fontmanager.dll
0x00007ffafb9a0000 - 0x00007ffafb9a8000 	D:\JetBrains\IntelliJ IDEA Community Edition 2020.2.3\jbr\bin\jawt.dll
0x000000d3062d0000 - 0x000000d30631c000 	C:\Windows\system32\WINTRUST.dll
0x00007ffb1e170000 - 0x00007ffb1e347000 	C:\Windows\system32\CRYPT32.dll
0x00007ffb1def0000 - 0x00007ffb1df02000 	C:\Windows\system32\MSASN1.dll
0x00007ffaf7f20000 - 0x00007ffaf8751000 	C:\Windows\SYSTEM32\ig7icd64.dll
0x00007ffb1a140000 - 0x00007ffb1a5a5000 	C:\Windows\SYSTEM32\igdusc64.dll
0x00007ffb1c870000 - 0x00007ffb1c881000 	C:\Windows\SYSTEM32\WTSAPI32.dll

dbghelp: loaded successfully - version: 4.0.5 - missing functions: none
symbol engine: initialized successfully - sym options: 0x614 - pdb path: .;D:\JetBrains\IntelliJ IDEA Community Edition 2020.2.3\jbr\bin;C:\Windows\SYSTEM32;C:\Windows\WinSxS\amd64_microsoft.windows.common-controls_6595b64144ccf1df_6.0.9600.17031_none_6242a4b3ecbb55a1;C:\Program Files\NVIDIA Corporation\CoProcManager;D:\JetBrains\IntelliJ IDEA Community Edition 2020.2.3\jbr\bin\server;D:\JetBrains\IntelliJ IDEA Community Edition 2020.2.3\bin;C:\Users\saeed\.skiko\8c3334e41c9b2498065bff0c9ec17b188524de85f0ebdc43f9e629a7e71e33e8

VM Arguments:
jvm_args: -javaagent:D:\JetBrains\IntelliJ IDEA Community Edition 2020.2.3\lib\idea_rt.jar=49251:D:\JetBrains\IntelliJ IDEA Community Edition 2020.2.3\bin -Dfile.encoding=UTF-8 
java_command: MainKt
java_class_path (initial): C:\Users\saeed\IdeaProjects\untitled1\build\classes\kotlin\main;C:\Users\saeed\.gradle\caches\modules-2\files-2.1\org.jetbrains.kotlin\kotlin-stdlib-jdk8\1.4.20\756521338269950c2a276f1abe6fef8e1a5e5528\kotlin-stdlib-jdk8-1.4.20.jar;C:\Users\saeed\.gradle\caches\modules-2\files-2.1\org.litote.kmongo\kmongo\4.2.5\ce4b193c7c8a9c12875e0afd62d573627e144e35\kmongo-4.2.5.jar;C:\Users\saeed\.gradle\caches\modules-2\files-2.1\org.mongodb\mongodb-driver-sync\4.2.2\701dc782a41912284c21a76b35e96473550fa5cf\mongodb-driver-sync-4.2.2.jar;C:\Users\saeed\.gradle\caches\modules-2\files-2.1\org.jetbrains.kotlin\kotlin-stdlib-jdk7\1.4.20\9de2c79e95d4b4699a455e88ba285a95352e0bea\kotlin-stdlib-jdk7-1.4.20.jar;C:\Users\saeed\.gradle\caches\modules-2\files-2.1\org.jetbrains.kotlin\kotlin-stdlib\1.4.31\a58e0fb9812a6a93ca24b5da75e4b5a0cb89c957\kotlin-stdlib-1.4.31.jar;C:\Users\saeed\.gradle\caches\modules-2\files-2.1\org.litote.kmongo\kmongo-core\4.2.5\85fd5a31d828e8f809ef4abbbd0489540f06482d\kmongo-core-4.2.5.jar;C:\Users\saeed\.gradle\caches\modules-2\files-2.1\org.litote.kmongo\kmongo-jackson-mapping\4.2.5\e85aec9acd1e854af87bcc8a4a12fe3e7e6fe9b7\kmongo-jackson-mapping-4.2.5.jar;C:\Users\saeed\.gradle\caches\modules-2\files-2.1\org.mongodb\mongodb-driver-core\4.2.2\1b67153f73a3bcaa94b204cd40543e377ccd7c02\mongodb-driver-core-4.2.2.jar;C:\Users\saeed\.gradle\caches\modules-2\files-2.1\org.mongodb\bson\4.2.2\56413d45800ef7391bb038095996f1a659cd8a80\bson-4.2.2.jar;C:\Users\saeed\.gradle\caches\modules-2\files-2.1\com.itextpdf\barcodes\7.1.14\74d4da9c2c91a451f0ad60707b663748860b26d6\barcodes-7.1.14.jar;C:\Users\saeed\.gradle\caches\modules-2\files-2.1\com.itextpdf\font-asian\7.1.14\27e90545cd68fd530c4184edbe8a282c3c85c4f4\font-asian-7.1.14.jar;C:\Users\saeed\.gradle\caches\modules-2\files-2.1\com.itextpdf\sign\7.1.14\ab1d11c1fbfe1e26f1b169d23e5ba2fce790303d\sign-7.1.14.jar;C:\Users\saeed\.gradle\caches\modules-2\files-2.1\com.itextpdf\forms\7.1.14\d6020c4c67b67df
Launcher Type: SUN_STANDARD

[Global flags]
     intx CICompilerCount                          = 3                                         {product} {ergonomic}
     uint ConcGCThreads                            = 1                                         {product} {ergonomic}
     uint G1ConcRefinementThreads                  = 4                                         {product} {ergonomic}
   size_t G1HeapRegionSize                         = 1048576                                   {product} {ergonomic}
    uintx GCDrainStackTargetSize                   = 64                                        {product} {ergonomic}
   size_t InitialHeapSize                          = 127926272                                 {product} {ergonomic}
   size_t MarkStackSize                            = 4194304                                   {product} {ergonomic}
   size_t MaxHeapSize                              = 2038431744                                {product} {ergonomic}
   size_t MaxNewSize                               = 1222639616                                {product} {ergonomic}
   size_t MinHeapDeltaBytes                        = 1048576                                   {product} {ergonomic}
    uintx NonNMethodCodeHeapSize                   = 5830732                                {pd product} {ergonomic}
    uintx NonProfiledCodeHeapSize                  = 122913754                              {pd product} {ergonomic}
    uintx ProfiledCodeHeapSize                     = 122913754                              {pd product} {ergonomic}
    uintx ReservedCodeCacheSize                    = 251658240                              {pd product} {ergonomic}
     bool SegmentedCodeCache                       = true                                      {product} {ergonomic}
     bool UseCompressedClassPointers               = true                                 {lp64_product} {ergonomic}
     bool UseCompressedOops                        = true                                 {lp64_product} {ergonomic}
     bool UseG1GC                                  = true                                      {product} {ergonomic}
     bool UseLargePagesIndividualAllocation        = false                                  {pd product} {ergonomic}

Logging:
Log output configuration:
 #0: stdout all=warning uptime,level,tags
 #1: stderr all=off uptime,level,tags

Environment Variables:
JAVA_HOME=D:\android-studio-2020.3.1.8-windows\android-studio\jre
CLASSPATH=C:\Program Files (x86)\SAP\SAP Business One DI API\JCO\LIB\sbowrapper.jar;C:\Program Files (x86)\SAP\SAP Business One DI API\JCO\LIB\sboapi.jar
PATH=C:\Program Files (x86)\Common Files\Oracle\Java\javapath;C:\Windows\system32;C:\Windows;C:\Windows\System32\Wbem;C:\Windows\System32\WindowsPowerShell\v1.0\;C:\Program Files (x86)\Common Files\Intuit\QBPOSSDKRuntime;C:\Program Files (x86)\Microsoft SQL Server\100\Tools\Binn\;C:\Program Files\Microsoft SQL Server\100\Tools\Binn\;C:\Program Files\Microsoft SQL Server\100\DTS\Binn\;C:\Program Files (x86)\Microsoft SQL Server\100\Tools\Binn\VSShell\Common7\IDE\;C:\Program Files (x86)\Microsoft Visual Studio 9.0\Common7\IDE\PrivateAssemblies\;C:\Program Files (x86)\Microsoft SQL Server\100\DTS\Binn\;C:\Program Files (x86)\Microsoft SQL Server\Client SDK\ODBC\130\Tools\Binn\;C:\Program Files (x86)\Microsoft SQL Server\140\Tools\Binn\;C:\Program Files (x86)\Microsoft SQL Server\140\DTS\Binn\;C:\Program Files (x86)\Microsoft SQL Server\140\Tools\Binn\ManagementStudio\;C:\Program Files\Microsoft SQL Server Migration Assistant for MySQL\bin\;C:\Program Files\Microsoft SQL Server\130\Tools\Binn\;C:\Windows\idmu\common;C:\Program Files\Git\cmd;C:\Program Files (x86)\SAP\SAP Business One DI API\JCO\LIB\;C:\Program Files (x86)\SAP\SAP Business One\
USERNAME=saeed
OS=Windows_NT
PROCESSOR_IDENTIFIER=Intel64 Family 6 Model 58 Stepping 9, GenuineIntel



---------------  S Y S T E M  ---------------

OS: Windows 8.1 , 64 bit Build 9600 (6.3.9600.17031)
OS uptime: 0 days 0:08 hours

CPU:total 4 (initial active 4) (2 cores per cpu, 2 threads per core) family 6 model 58 stepping 9 microcode 0x17, cmov, cx8, fxsr, mmx, sse, sse2, sse3, ssse3, sse4.1, sse4.2, popcnt, avx, clmul, erms, ht, tsc, tscinvbit, tscinv

Memory: 4k page, system-wide physical 7768M (3872M free)
TotalPageFile size 9752M (AvailPageFile size 4507M)
current process WorkingSet (physical memory assigned to process): 185M, peak: 186M
current process commit charge ("private bytes"): 284M, peak: 289M

vm_info: OpenJDK 64-Bit Server VM (11.0.10+8-b1145.96) for windows-amd64 JRE (11.0.10+8-b1145.96), built on Feb 18 2021 01:38:16 by "" with MS VC++ 14.0 (VS2015)

END.
