#
# A fatal error has been detected by the Java Runtime Environment:
#
#  EXCEPTION_ACCESS_VIOLATION (0xc0000005) at pc=0x00007ffa90a71050, pid=7164, tid=7172
#
# JRE version: OpenJDK Runtime Environment JBR-11.0.10.8-1145.96-jcef (11.0.10+8) (build 11.0.10+8-b1145.96)
# Java VM: OpenJDK 64-Bit Server VM JBR-11.0.10.8-1145.96-jcef (11.0.10+8-b1145.96, mixed mode, tiered, compressed oops, g1 gc, windows-amd64)
# Problematic frame:
# C  [skiko.dll+0x751050]
#
# No core dump will be written. Minidumps are not enabled by default on client versions of Windows
#
# If you would like to submit a bug report, please visit:
#   https://bugreport.java.com/bugreport/crash.jsp
# The crash happened outside the Java Virtual Machine in native code.
# See problematic frame for where to report the bug.
#

---------------  S U M M A R Y ------------

Command Line: -javaagent:D:\JetBrains\IntelliJ IDEA Community Edition 2020.2.3\lib\idea_rt.jar=51043:D:\JetBrains\IntelliJ IDEA Community Edition 2020.2.3\bin -Dfile.encoding=UTF-8 MainKt

Host: Intel(R) Core(TM) i5-3210M CPU @ 2.50GHz, 4 cores, 7G,  Windows 8.1 , 64 bit Build 9600 (6.3.9600.17031)
Time: Wed Apr 21 17:12:18 2021 Arab Standard Time elapsed time: 3.183852 seconds (0d 0h 0m 3s)

---------------  T H R E A D  ---------------

Current thread (0x000000faf6570000):  JavaThread "AWT-EventQueue-0" [_thread_in_native, id=7172, stack(0x000000faf7280000,0x000000faf7380000)]

Stack: [0x000000faf7280000,0x000000faf7380000],  sp=0x000000faf7376838,  free space=986k
Native frames: (J=compiled Java code, j=interpreted, Vv=VM code, C=native code)
C  [skiko.dll+0x751050]

Java frames: (J=compiled Java code, j=interpreted, Vv=VM code)
j  org.jetbrains.skija.paragraph.Paragraph._nLayout(JF)V+0
j  org.jetbrains.skija.paragraph.Paragraph.layout(F)Lorg/jetbrains/skija/paragraph/Paragraph;+8
j  androidx.compose.ui.text.platform.DesktopParagraphIntrinsics.<init>(Ljava/lang/String;Landroidx/compose/ui/text/TextStyle;Ljava/util/List;Ljava/util/List;Landroidx/compose/ui/unit/Density;Landroidx/compose/ui/text/font/Font$ResourceLoader;)V+105
j  androidx.compose.ui.text.platform.DesktopParagraphIntrinsicsKt.ActualParagraphIntrinsics(Ljava/lang/String;Landroidx/compose/ui/text/TextStyle;Ljava/util/List;Ljava/util/List;Landroidx/compose/ui/unit/Density;Landroidx/compose/ui/text/font/Font$ResourceLoader;)Landroidx/compose/ui/text/ParagraphIntrinsics;+50
j  androidx.compose.ui.text.ParagraphIntrinsicsKt.ParagraphIntrinsics(Ljava/lang/String;Landroidx/compose/ui/text/TextStyle;Ljava/util/List;Ljava/util/List;Landroidx/compose/ui/unit/Density;Landroidx/compose/ui/text/font/Font$ResourceLoader;)Landroidx/compose/ui/text/ParagraphIntrinsics;+46
j  androidx.compose.ui.text.MultiParagraphIntrinsics.<init>(Landroidx/compose/ui/text/AnnotatedString;Landroidx/compose/ui/text/TextStyle;Ljava/util/List;Landroidx/compose/ui/unit/Density;Landroidx/compose/ui/text/font/Font$ResourceLoader;)V+269
j  androidx.compose.ui.text.TextDelegate.layoutIntrinsics(Landroidx/compose/ui/unit/LayoutDirection;)V+72
j  androidx.compose.ui.text.TextDelegate.layoutText-urungq4(JLandroidx/compose/ui/unit/LayoutDirection;)Landroidx/compose/ui/text/MultiParagraph;+2
j  androidx.compose.ui.text.TextDelegate.layout-BAnaFRY(JLandroidx/compose/ui/unit/LayoutDirection;Landroidx/compose/ui/text/TextLayoutResult;)Landroidx/compose/ui/text/TextLayoutResult;+148
j  androidx.compose.foundation.text.TextController$measure$1.invoke(Landroidx/compose/ui/layout/MeasureScope;Ljava/util/List;J)Landroidx/compose/ui/layout/MeasureResult;+39
j  androidx.compose.foundation.text.TextController$measure$1.invoke(Ljava/lang/Object;Ljava/lang/Object;Ljava/lang/Object;)Ljava/lang/Object;+16
j  androidx.compose.ui.layout.LayoutKt$measureBlocksOf$1.measure-8A2P9vY(Landroidx/compose/ui/layout/MeasureScope;Ljava/util/List;J)Landroidx/compose/ui/layout/MeasureResult;+22
j  androidx.compose.ui.node.InnerPlaceable.performMeasure-BRTryo0(J)Landroidx/compose/ui/layout/Placeable;+22
j  androidx.compose.ui.node.LayoutNodeWrapper.measure-BRTryo0(J)Landroidx/compose/ui/layout/Placeable;+7
j  androidx.compose.ui.node.DelegatingLayoutNodeWrapper.performMeasure-BRTryo0(J)Landroidx/compose/ui/layout/Placeable;+5
j  androidx.compose.ui.node.LayoutNodeWrapper.measure-BRTryo0(J)Landroidx/compose/ui/layout/Placeable;+7
j  androidx.compose.ui.node.DelegatingLayoutNodeWrapper.performMeasure-BRTryo0(J)Landroidx/compose/ui/layout/Placeable;+5
j  androidx.compose.ui.node.LayoutNodeWrapper.measure-BRTryo0(J)Landroidx/compose/ui/layout/Placeable;+7
j  androidx.compose.ui.node.DelegatingLayoutNodeWrapper.performMeasure-BRTryo0(J)Landroidx/compose/ui/layout/Placeable;+5
j  androidx.compose.ui.node.LayoutNodeWrapper.measure-BRTryo0(J)Landroidx/compose/ui/layout/Placeable;+7
j  androidx.compose.ui.node.DelegatingLayoutNodeWrapper.performMeasure-BRTryo0(J)Landroidx/compose/ui/layout/Placeable;+5
j  androidx.compose.ui.node.LayoutNodeWrapper.measure-BRTryo0(J)Landroidx/compose/ui/layout/Placeable;+7
j  androidx.compose.ui.node.DelegatingLayoutNodeWrapper.performMeasure-BRTryo0(J)Landroidx/compose/ui/layout/Placeable;+5
j  androidx.compose.ui.node.LayoutNodeWrapper.measure-BRTryo0(J)Landroidx/compose/ui/layout/Placeable;+7
j  androidx.compose.ui.graphics.SimpleGraphicsLayerModifier.measure-za8Wrwc(Landroidx/compose/ui/layout/MeasureScope;Landroidx/compose/ui/layout/Measurable;J)Landroidx/compose/ui/layout/MeasureResult;+14
j  androidx.compose.ui.node.ModifiedLayoutNode.performMeasure-BRTryo0(J)Landroidx/compose/ui/layout/Placeable;+35
j  androidx.compose.ui.node.LayoutNodeWrapper.measure-BRTryo0(J)Landroidx/compose/ui/layout/Placeable;+7
j  androidx.compose.ui.node.DelegatingLayoutNodeWrapper.performMeasure-BRTryo0(J)Landroidx/compose/ui/layout/Placeable;+5
j  androidx.compose.ui.node.LayoutNodeWrapper.measure-BRTryo0(J)Landroidx/compose/ui/layout/Placeable;+7
j  androidx.compose.ui.node.OuterMeasurablePlaceable$remeasure$2.invoke()V+11
j  androidx.compose.ui.node.OuterMeasurablePlaceable$remeasure$2.invoke()Ljava/lang/Object;+1
j  androidx.compose.runtime.snapshots.SnapshotStateObserver.observeReads(Ljava/lang/Object;Lkotlin/jvm/functions/Function1;Lkotlin/jvm/functions/Function0;)V+143
j  androidx.compose.ui.node.OwnerSnapshotObserver.observeReads$ui(Landroidx/compose/ui/node/OwnerScope;Lkotlin/jvm/functions/Function1;Lkotlin/jvm/functions/Function0;)V+25
j  androidx.compose.ui.node.OwnerSnapshotObserver.observeMeasureSnapshotReads$ui(Landroidx/compose/ui/node/LayoutNode;Lkotlin/jvm/functions/Function0;)V+22
j  androidx.compose.ui.node.OuterMeasurablePlaceable.remeasure-BRTryo0(J)Z+223
j  androidx.compose.ui.node.OuterMeasurablePlaceable.measure-BRTryo0(J)Landroidx/compose/ui/layout/Placeable;+111
j  androidx.compose.ui.node.LayoutNode.measure-BRTryo0(J)Landroidx/compose/ui/layout/Placeable;+5
j  androidx.compose.foundation.layout.RowColumnImplKt$rowColumnMeasureBlocks$1.invoke(Landroidx/compose/ui/layout/MeasureScope;Ljava/util/List;J)Landroidx/compose/ui/layout/MeasureResult;+250
j  androidx.compose.foundation.layout.RowColumnImplKt$rowColumnMeasureBlocks$1.invoke(Ljava/lang/Object;Ljava/lang/Object;Ljava/lang/Object;)Ljava/lang/Object;+16
j  androidx.compose.ui.layout.LayoutKt$measureBlocksOf$1.measure-8A2P9vY(Landroidx/compose/ui/layout/MeasureScope;Ljava/util/List;J)Landroidx/compose/ui/layout/MeasureResult;+22
j  androidx.compose.ui.node.InnerPlaceable.performMeasure-BRTryo0(J)Landroidx/compose/ui/layout/Placeable;+22
j  androidx.compose.ui.node.LayoutNodeWrapper.measure-BRTryo0(J)Landroidx/compose/ui/layout/Placeable;+7
j  androidx.compose.foundation.layout.WrapContentModifier.measure-za8Wrwc(Landroidx/compose/ui/layout/MeasureScope;Landroidx/compose/ui/layout/Measurable;J)Landroidx/compose/ui/layout/MeasureResult;+124
j  androidx.compose.ui.node.ModifiedLayoutNode.performMeasure-BRTryo0(J)Landroidx/compose/ui/layout/Placeable;+35
j  androidx.compose.ui.node.LayoutNodeWrapper.measure-BRTryo0(J)Landroidx/compose/ui/layout/Placeable;+7
j  androidx.compose.ui.node.DelegatingLayoutNodeWrapper.performMeasure-BRTryo0(J)Landroidx/compose/ui/layout/Placeable;+5
j  androidx.compose.ui.node.LayoutNodeWrapper.measure-BRTryo0(J)Landroidx/compose/ui/layout/Placeable;+7
j  androidx.compose.ui.node.OuterMeasurablePlaceable$remeasure$2.invoke()V+11
j  androidx.compose.ui.node.OuterMeasurablePlaceable$remeasure$2.invoke()Ljava/lang/Object;+1
j  androidx.compose.runtime.snapshots.SnapshotStateObserver.observeReads(Ljava/lang/Object;Lkotlin/jvm/functions/Function1;Lkotlin/jvm/functions/Function0;)V+143
j  androidx.compose.ui.node.OwnerSnapshotObserver.observeReads$ui(Landroidx/compose/ui/node/OwnerScope;Lkotlin/jvm/functions/Function1;Lkotlin/jvm/functions/Function0;)V+25
j  androidx.compose.ui.node.OwnerSnapshotObserver.observeMeasureSnapshotReads$ui(Landroidx/compose/ui/node/LayoutNode;Lkotlin/jvm/functions/Function0;)V+22
j  androidx.compose.ui.node.OuterMeasurablePlaceable.remeasure-BRTryo0(J)Z+223
j  androidx.compose.ui.node.OuterMeasurablePlaceable.measure-BRTryo0(J)Landroidx/compose/ui/layout/Placeable;+111
j  androidx.compose.ui.node.LayoutNode.measure-BRTryo0(J)Landroidx/compose/ui/layout/Placeable;+5
j  androidx.compose.material.SurfaceKt$SurfaceLayout$1$1.invoke(Landroidx/compose/ui/layout/MeasureScope;Ljava/util/List;J)Landroidx/compose/ui/layout/MeasureResult;+73
j  androidx.compose.material.SurfaceKt$SurfaceLayout$1$1.invoke(Ljava/lang/Object;Ljava/lang/Object;Ljava/lang/Object;)Ljava/lang/Object;+16
j  androidx.compose.ui.layout.LayoutKt$MeasuringIntrinsicsMeasureBlocks$1.measure-8A2P9vY(Landroidx/compose/ui/layout/MeasureScope;Ljava/util/List;J)Landroidx/compose/ui/layout/MeasureResult;+22
j  androidx.compose.ui.node.InnerPlaceable.performMeasure-BRTryo0(J)Landroidx/compose/ui/layout/Placeable;+22
j  androidx.compose.ui.node.LayoutNodeWrapper.measure-BRTryo0(J)Landroidx/compose/ui/layout/Placeable;+7
j  androidx.compose.ui.graphics.SimpleGraphicsLayerModifier.measure-za8Wrwc(Landroidx/compose/ui/layout/MeasureScope;Landroidx/compose/ui/layout/Measurable;J)Landroidx/compose/ui/layout/MeasureResult;+14
j  androidx.compose.ui.node.ModifiedLayoutNode.performMeasure-BRTryo0(J)Landroidx/compose/ui/layout/Placeable;+35
j  androidx.compose.ui.node.LayoutNodeWrapper.measure-BRTryo0(J)Landroidx/compose/ui/layout/Placeable;+7
j  androidx.compose.ui.node.DelegatingLayoutNodeWrapper.performMeasure-BRTryo0(J)Landroidx/compose/ui/layout/Placeable;+5
j  androidx.compose.ui.node.LayoutNodeWrapper.measure-BRTryo0(J)Landroidx/compose/ui/layout/Placeable;+7
j  androidx.compose.ui.graphics.SimpleGraphicsLayerModifier.measure-za8Wrwc(Landroidx/compose/ui/layout/MeasureScope;Landroidx/compose/ui/layout/Measurable;J)Landroidx/compose/ui/layout/MeasureResult;+14
j  androidx.compose.ui.node.ModifiedLayoutNode.performMeasure-BRTryo0(J)Landroidx/compose/ui/layout/Placeable;+35
j  androidx.compose.ui.node.LayoutNodeWrapper.measure-BRTryo0(J)Landroidx/compose/ui/layout/Placeable;+7
j  androidx.compose.foundation.layout.PaddingModifier.measure-za8Wrwc(Landroidx/compose/ui/layout/MeasureScope;Landroidx/compose/ui/layout/Measurable;J)Landroidx/compose/ui/layout/MeasureResult;+69
j  androidx.compose.ui.node.ModifiedLayoutNode.performMeasure-BRTryo0(J)Landroidx/compose/ui/layout/Placeable;+35
j  androidx.compose.ui.node.LayoutNodeWrapper.measure-BRTryo0(J)Landroidx/compose/ui/layout/Placeable;+7
j  androidx.compose.foundation.layout.WrapContentModifier.measure-za8Wrwc(Landroidx/compose/ui/layout/MeasureScope;Landroidx/compose/ui/layout/Measurable;J)Landroidx/compose/ui/layout/MeasureResult;+124
j  androidx.compose.ui.node.ModifiedLayoutNode.performMeasure-BRTryo0(J)Landroidx/compose/ui/layout/Placeable;+35
j  androidx.compose.ui.node.LayoutNodeWrapper.measure-BRTryo0(J)Landroidx/compose/ui/layout/Placeable;+7
j  androidx.compose.foundation.layout.FillModifier.measure-za8Wrwc(Landroidx/compose/ui/layout/MeasureScope;Landroidx/compose/ui/layout/Measurable;J)Landroidx/compose/ui/layout/MeasureResult;+168
j  androidx.compose.ui.node.ModifiedLayoutNode.performMeasure-BRTryo0(J)Landroidx/compose/ui/layout/Placeable;+35
j  androidx.compose.ui.node.LayoutNodeWrapper.measure-BRTryo0(J)Landroidx/compose/ui/layout/Placeable;+7
j  androidx.compose.ui.node.OuterMeasurablePlaceable$remeasure$2.invoke()V+11
j  androidx.compose.ui.node.OuterMeasurablePlaceable$remeasure$2.invoke()Ljava/lang/Object;+1
j  androidx.compose.runtime.snapshots.SnapshotStateObserver.observeReads(Ljava/lang/Object;Lkotlin/jvm/functions/Function1;Lkotlin/jvm/functions/Function0;)V+143
j  androidx.compose.ui.node.OwnerSnapshotObserver.observeReads$ui(Landroidx/compose/ui/node/OwnerScope;Lkotlin/jvm/functions/Function1;Lkotlin/jvm/functions/Function0;)V+25
j  androidx.compose.ui.node.OwnerSnapshotObserver.observeMeasureSnapshotReads$ui(Landroidx/compose/ui/node/LayoutNode;Lkotlin/jvm/functions/Function0;)V+22
j  androidx.compose.ui.node.OuterMeasurablePlaceable.remeasure-BRTryo0(J)Z+223
j  androidx.compose.ui.node.OuterMeasurablePlaceable.measure-BRTryo0(J)Landroidx/compose/ui/layout/Placeable;+111
j  androidx.compose.ui.node.LayoutNode.measure-BRTryo0(J)Landroidx/compose/ui/layout/Placeable;+5
j  androidx.compose.foundation.layout.RowColumnImplKt$rowColumnMeasureBlocks$1.invoke(Landroidx/compose/ui/layout/MeasureScope;Ljava/util/List;J)Landroidx/compose/ui/layout/MeasureResult;+250
j  androidx.compose.foundation.layout.RowColumnImplKt$rowColumnMeasureBlocks$1.invoke(Ljava/lang/Object;Ljava/lang/Object;Ljava/lang/Object;)Ljava/lang/Object;+16
j  androidx.compose.ui.layout.LayoutKt$measureBlocksOf$1.measure-8A2P9vY(Landroidx/compose/ui/layout/MeasureScope;Ljava/util/List;J)Landroidx/compose/ui/layout/MeasureResult;+22
j  androidx.compose.ui.node.InnerPlaceable.performMeasure-BRTryo0(J)Landroidx/compose/ui/layout/Placeable;+22
j  androidx.compose.ui.node.LayoutNodeWrapper.measure-BRTryo0(J)Landroidx/compose/ui/layout/Placeable;+7
j  androidx.compose.ui.node.OuterMeasurablePlaceable$remeasure$2.invoke()V+11
j  androidx.compose.ui.node.OuterMeasurablePlaceable$remeasure$2.invoke()Ljava/lang/Object;+1
j  androidx.compose.runtime.snapshots.SnapshotStateObserver.observeReads(Ljava/lang/Object;Lkotlin/jvm/functions/Function1;Lkotlin/jvm/functions/Function0;)V+143
j  androidx.compose.ui.node.OwnerSnapshotObserver.observeReads$ui(Landroidx/compose/ui/node/OwnerScope;Lkotlin/jvm/functions/Function1;Lkotlin/jvm/functions/Function0;)V+25
j  androidx.compose.ui.node.OwnerSnapshotObserver.observeMeasureSnapshotReads$ui(Landroidx/compose/ui/node/LayoutNode;Lkotlin/jvm/functions/Function0;)V+22
j  androidx.compose.ui.node.OuterMeasurablePlaceable.remeasure-BRTryo0(J)Z+223
j  androidx.compose.ui.node.OuterMeasurablePlaceable.measure-BRTryo0(J)Landroidx/compose/ui/layout/Placeable;+111
j  androidx.compose.ui.node.LayoutNode.measure-BRTryo0(J)Landroidx/compose/ui/layout/Placeable;+5
j  androidx.compose.foundation.layout.RowColumnImplKt$rowColumnMeasureBlocks$1.invoke(Landroidx/compose/ui/layout/MeasureScope;Ljava/util/List;J)Landroidx/compose/ui/layout/MeasureResult;+250
j  androidx.compose.foundation.layout.RowColumnImplKt$rowColumnMeasureBlocks$1.invoke(Ljava/lang/Object;Ljava/lang/Object;Ljava/lang/Object;)Ljava/lang/Object;+16
j  androidx.compose.ui.layout.LayoutKt$measureBlocksOf$1.measure-8A2P9vY(Landroidx/compose/ui/layout/MeasureScope;Ljava/util/List;J)Landroidx/compose/ui/layout/MeasureResult;+22
j  androidx.compose.ui.node.InnerPlaceable.performMeasure-BRTryo0(J)Landroidx/compose/ui/layout/Placeable;+22
j  androidx.compose.ui.node.LayoutNodeWrapper.measure-BRTryo0(J)Landroidx/compose/ui/layout/Placeable;+7
j  androidx.compose.ui.node.OuterMeasurablePlaceable$remeasure$2.invoke()V+11
j  androidx.compose.ui.node.OuterMeasurablePlaceable$remeasure$2.invoke()Ljava/lang/Object;+1
j  androidx.compose.runtime.snapshots.SnapshotStateObserver.observeReads(Ljava/lang/Object;Lkotlin/jvm/functions/Function1;Lkotlin/jvm/functions/Function0;)V+143
j  androidx.compose.ui.node.OwnerSnapshotObserver.observeReads$ui(Landroidx/compose/ui/node/OwnerScope;Lkotlin/jvm/functions/Function1;Lkotlin/jvm/functions/Function0;)V+25
j  androidx.compose.ui.node.OwnerSnapshotObserver.observeMeasureSnapshotReads$ui(Landroidx/compose/ui/node/LayoutNode;Lkotlin/jvm/functions/Function0;)V+22
j  androidx.compose.ui.node.OuterMeasurablePlaceable.remeasure-BRTryo0(J)Z+223
j  androidx.compose.ui.node.OuterMeasurablePlaceable.measure-BRTryo0(J)Landroidx/compose/ui/layout/Placeable;+111
j  androidx.compose.ui.node.LayoutNode.measure-BRTryo0(J)Landroidx/compose/ui/layout/Placeable;+5
j  androidx.compose.material.SurfaceKt$SurfaceLayout$1$1.invoke(Landroidx/compose/ui/layout/MeasureScope;Ljava/util/List;J)Landroidx/compose/ui/layout/MeasureResult;+73
j  androidx.compose.material.SurfaceKt$SurfaceLayout$1$1.invoke(Ljava/lang/Object;Ljava/lang/Object;Ljava/lang/Object;)Ljava/lang/Object;+16
j  androidx.compose.ui.layout.LayoutKt$MeasuringIntrinsicsMeasureBlocks$1.measure-8A2P9vY(Landroidx/compose/ui/layout/MeasureScope;Ljava/util/List;J)Landroidx/compose/ui/layout/MeasureResult;+22
j  androidx.compose.ui.node.InnerPlaceable.performMeasure-BRTryo0(J)Landroidx/compose/ui/layout/Placeable;+22
j  androidx.compose.ui.node.LayoutNodeWrapper.measure-BRTryo0(J)Landroidx/compose/ui/layout/Placeable;+7
j  androidx.compose.ui.graphics.SimpleGraphicsLayerModifier.measure-za8Wrwc(Landroidx/compose/ui/layout/MeasureScope;Landroidx/compose/ui/layout/Measurable;J)Landroidx/compose/ui/layout/MeasureResult;+14
j  androidx.compose.ui.node.ModifiedLayoutNode.performMeasure-BRTryo0(J)Landroidx/compose/ui/layout/Placeable;+35
j  androidx.compose.ui.node.LayoutNodeWrapper.measure-BRTryo0(J)Landroidx/compose/ui/layout/Placeable;+7
j  androidx.compose.ui.node.DelegatingLayoutNodeWrapper.performMeasure-BRTryo0(J)Landroidx/compose/ui/layout/Placeable;+5
j  androidx.compose.ui.node.LayoutNodeWrapper.measure-BRTryo0(J)Landroidx/compose/ui/layout/Placeable;+7
j  androidx.compose.ui.graphics.SimpleGraphicsLayerModifier.measure-za8Wrwc(Landroidx/compose/ui/layout/MeasureScope;Landroidx/compose/ui/layout/Measurable;J)Landroidx/compose/ui/layout/MeasureResult;+14
j  androidx.compose.ui.node.ModifiedLayoutNode.performMeasure-BRTryo0(J)Landroidx/compose/ui/layout/Placeable;+35
j  androidx.compose.ui.node.LayoutNodeWrapper.measure-BRTryo0(J)Landroidx/compose/ui/layout/Placeable;+7
j  androidx.compose.foundation.layout.FillModifier.measure-za8Wrwc(Landroidx/compose/ui/layout/MeasureScope;Landroidx/compose/ui/layout/Measurable;J)Landroidx/compose/ui/layout/MeasureResult;+168
j  androidx.compose.ui.node.ModifiedLayoutNode.performMeasure-BRTryo0(J)Landroidx/compose/ui/layout/Placeable;+35
j  androidx.compose.ui.node.LayoutNodeWrapper.measure-BRTryo0(J)Landroidx/compose/ui/layout/Placeable;+7
j  androidx.compose.foundation.layout.PaddingModifier.measure-za8Wrwc(Landroidx/compose/ui/layout/MeasureScope;Landroidx/compose/ui/layout/Measurable;J)Landroidx/compose/ui/layout/MeasureResult;+69
j  androidx.compose.ui.node.ModifiedLayoutNode.performMeasure-BRTryo0(J)Landroidx/compose/ui/layout/Placeable;+35
j  androidx.compose.ui.node.LayoutNodeWrapper.measure-BRTryo0(J)Landroidx/compose/ui/layout/Placeable;+7
j  androidx.compose.foundation.layout.FillModifier.measure-za8Wrwc(Landroidx/compose/ui/layout/MeasureScope;Landroidx/compose/ui/layout/Measurable;J)Landroidx/compose/ui/layout/MeasureResult;+168
j  androidx.compose.ui.node.ModifiedLayoutNode.performMeasure-BRTryo0(J)Landroidx/compose/ui/layout/Placeable;+35
j  androidx.compose.ui.node.LayoutNodeWrapper.measure-BRTryo0(J)Landroidx/compose/ui/layout/Placeable;+7
j  androidx.compose.ui.node.OuterMeasurablePlaceable$remeasure$2.invoke()V+11
j  androidx.compose.ui.node.OuterMeasurablePlaceable$remeasure$2.invoke()Ljava/lang/Object;+1
j  androidx.compose.runtime.snapshots.SnapshotStateObserver.observeReads(Ljava/lang/Object;Lkotlin/jvm/functions/Function1;Lkotlin/jvm/functions/Function0;)V+143
j  androidx.compose.ui.node.OwnerSnapshotObserver.observeReads$ui(Landroidx/compose/ui/node/OwnerScope;Lkotlin/jvm/functions/Function1;Lkotlin/jvm/functions/Function0;)V+25
j  androidx.compose.ui.node.OwnerSnapshotObserver.observeMeasureSnapshotReads$ui(Landroidx/compose/ui/node/LayoutNode;Lkotlin/jvm/functions/Function0;)V+22
j  androidx.compose.ui.node.OuterMeasurablePlaceable.remeasure-BRTryo0(J)Z+223
j  androidx.compose.ui.node.OuterMeasurablePlaceable.measure-BRTryo0(J)Landroidx/compose/ui/layout/Placeable;+111
j  androidx.compose.ui.node.LayoutNode.measure-BRTryo0(J)Landroidx/compose/ui/layout/Placeable;+5
j  androidx.compose.ui.platform.DesktopSelectionKt$Wrap$1$1.invoke(Landroidx/compose/ui/layout/MeasureScope;Ljava/util/List;J)Landroidx/compose/ui/layout/MeasureResult;+92
j  androidx.compose.ui.platform.DesktopSelectionKt$Wrap$1$1.invoke(Ljava/lang/Object;Ljava/lang/Object;Ljava/lang/Object;)Ljava/lang/Object;+16
j  androidx.compose.ui.layout.LayoutKt$MeasuringIntrinsicsMeasureBlocks$1.measure-8A2P9vY(Landroidx/compose/ui/layout/MeasureScope;Ljava/util/List;J)Landroidx/compose/ui/layout/MeasureResult;+22
j  androidx.compose.ui.node.InnerPlaceable.performMeasure-BRTryo0(J)Landroidx/compose/ui/layout/Placeable;+22
j  androidx.compose.ui.node.LayoutNodeWrapper.measure-BRTryo0(J)Landroidx/compose/ui/layout/Placeable;+7
j  androidx.compose.ui.node.DelegatingLayoutNodeWrapper.performMeasure-BRTryo0(J)Landroidx/compose/ui/layout/Placeable;+5
j  androidx.compose.ui.node.LayoutNodeWrapper.measure-BRTryo0(J)Landroidx/compose/ui/layout/Placeable;+7
j  androidx.compose.ui.node.DelegatingLayoutNodeWrapper.performMeasure-BRTryo0(J)Landroidx/compose/ui/layout/Placeable;+5
j  androidx.compose.ui.node.LayoutNodeWrapper.measure-BRTryo0(J)Landroidx/compose/ui/layout/Placeable;+7
j  androidx.compose.ui.node.OuterMeasurablePlaceable$remeasure$2.invoke()V+11
j  androidx.compose.ui.node.OuterMeasurablePlaceable$remeasure$2.invoke()Ljava/lang/Object;+1
j  androidx.compose.runtime.snapshots.SnapshotStateObserver.observeReads(Ljava/lang/Object;Lkotlin/jvm/functions/Function1;Lkotlin/jvm/functions/Function0;)V+143
j  androidx.compose.ui.node.OwnerSnapshotObserver.observeReads$ui(Landroidx/compose/ui/node/OwnerScope;Lkotlin/jvm/functions/Function1;Lkotlin/jvm/functions/Function0;)V+25
j  androidx.compose.ui.node.OwnerSnapshotObserver.observeMeasureSnapshotReads$ui(Landroidx/compose/ui/node/LayoutNode;Lkotlin/jvm/functions/Function0;)V+22
j  androidx.compose.ui.node.OuterMeasurablePlaceable.remeasure-BRTryo0(J)Z+223
j  androidx.compose.ui.node.OuterMeasurablePlaceable.measure-BRTryo0(J)Landroidx/compose/ui/layout/Placeable;+111
j  androidx.compose.ui.node.LayoutNode.measure-BRTryo0(J)Landroidx/compose/ui/layout/Placeable;+5
j  androidx.compose.ui.layout.RootMeasureBlocks.measure-8A2P9vY(Landroidx/compose/ui/layout/MeasureScope;Ljava/util/List;J)Landroidx/compose/ui/layout/MeasureResult;+67
j  androidx.compose.ui.node.InnerPlaceable.performMeasure-BRTryo0(J)Landroidx/compose/ui/layout/Placeable;+22
j  androidx.compose.ui.node.LayoutNodeWrapper.measure-BRTryo0(J)Landroidx/compose/ui/layout/Placeable;+7
j  androidx.compose.ui.node.DelegatingLayoutNodeWrapper.performMeasure-BRTryo0(J)Landroidx/compose/ui/layout/Placeable;+5
j  androidx.compose.ui.node.LayoutNodeWrapper.measure-BRTryo0(J)Landroidx/compose/ui/layout/Placeable;+7
j  androidx.compose.ui.node.DelegatingLayoutNodeWrapper.performMeasure-BRTryo0(J)Landroidx/compose/ui/layout/Placeable;+5
j  androidx.compose.ui.node.LayoutNodeWrapper.measure-BRTryo0(J)Landroidx/compose/ui/layout/Placeable;+7
j  androidx.compose.ui.node.DelegatingLayoutNodeWrapper.performMeasure-BRTryo0(J)Landroidx/compose/ui/layout/Placeable;+5
j  androidx.compose.ui.node.LayoutNodeWrapper.measure-BRTryo0(J)Landroidx/compose/ui/layout/Placeable;+7
j  androidx.compose.ui.node.DelegatingLayoutNodeWrapper.performMeasure-BRTryo0(J)Landroidx/compose/ui/layout/Placeable;+5
j  androidx.compose.ui.node.LayoutNodeWrapper.measure-BRTryo0(J)Landroidx/compose/ui/layout/Placeable;+7
j  androidx.compose.ui.node.OuterMeasurablePlaceable$remeasure$2.invoke()V+11
j  androidx.compose.ui.node.OuterMeasurablePlaceable$remeasure$2.invoke()Ljava/lang/Object;+1
j  androidx.compose.runtime.snapshots.Snapshot$Companion.observe(Lkotlin/jvm/functions/Function1;Lkotlin/jvm/functions/Function1;Lkotlin/jvm/functions/Function0;)Ljava/lang/Object;+106
j  androidx.compose.runtime.snapshots.SnapshotStateObserver.observeReads(Ljava/lang/Object;Lkotlin/jvm/functions/Function1;Lkotlin/jvm/functions/Function0;)V+120
j  androidx.compose.ui.node.OwnerSnapshotObserver.observeReads$ui(Landroidx/compose/ui/node/OwnerScope;Lkotlin/jvm/functions/Function1;Lkotlin/jvm/functions/Function0;)V+25
j  androidx.compose.ui.node.OwnerSnapshotObserver.observeMeasureSnapshotReads$ui(Landroidx/compose/ui/node/LayoutNode;Lkotlin/jvm/functions/Function0;)V+22
j  androidx.compose.ui.node.OuterMeasurablePlaceable.remeasure-BRTryo0(J)Z+223
j  androidx.compose.ui.node.LayoutNode.remeasure-BRTryo0$ui(J)Z+5
j  androidx.compose.ui.node.MeasureAndLayoutDelegate.doRemeasure-ivNzw_s(Landroidx/compose/ui/node/LayoutNode;J)Z+10
j  androidx.compose.ui.node.MeasureAndLayoutDelegate.access$doRemeasure-ivNzw_s(Landroidx/compose/ui/node/MeasureAndLayoutDelegate;Landroidx/compose/ui/node/LayoutNode;J)Z+3
j  androidx.compose.ui.node.MeasureAndLayoutDelegate.measureAndLayout()Z+298
j  androidx.compose.ui.platform.DesktopOwner.measureAndLayout()V+4
j  androidx.compose.ui.platform.DesktopOwners.onFrame(Lorg/jetbrains/skija/Canvas;IIJLkotlin/coroutines/Continuation;)Ljava/lang/Object;+236
j  androidx.compose.ui.platform.DesktopOwners$onFrame$1.invokeSuspend(Ljava/lang/Object;)Ljava/lang/Object;+28
j  kotlin.coroutines.jvm.internal.BaseContinuationImpl.resumeWith(Ljava/lang/Object;)V+46
j  kotlinx.coroutines.DispatchedTask.run()V+334
j  java.awt.event.InvocationEvent.dispatch()V+47 java.desktop@11.0.10
j  java.awt.EventQueue.dispatchEventImpl(Ljava/awt/AWTEvent;Ljava/lang/Object;)V+21 java.desktop@11.0.10
j  java.awt.EventQueue$4.run()Ljava/lang/Void;+32 java.desktop@11.0.10
j  java.awt.EventQueue$4.run()Ljava/lang/Object;+1 java.desktop@11.0.10
v  ~StubRoutines::call_stub
j  java.security.AccessController.doPrivileged(Ljava/security/PrivilegedAction;Ljava/security/AccessControlContext;)Ljava/lang/Object;+0 java.base@11.0.10
j  java.security.ProtectionDomain$JavaSecurityAccessImpl.doIntersectionPrivilege(Ljava/security/PrivilegedAction;Ljava/security/AccessControlContext;Ljava/security/AccessControlContext;)Ljava/lang/Object;+18 java.base@11.0.10
j  java.awt.EventQueue.dispatchEvent(Ljava/awt/AWTEvent;)V+46 java.desktop@11.0.10
j  java.awt.EventDispatchThread.pumpOneEventForFilters(I)V+78 java.desktop@11.0.10
j  java.awt.EventDispatchThread.pumpEventsForFilter(ILjava/awt/Conditional;Ljava/awt/EventFilter;)V+35 java.desktop@11.0.10
j  java.awt.EventDispatchThread.pumpEventsForHierarchy(ILjava/awt/Conditional;Ljava/awt/Component;)V+11 java.desktop@11.0.10
j  java.awt.EventDispatchThread.pumpEvents(ILjava/awt/Conditional;)V+4 java.desktop@11.0.10
j  java.awt.EventDispatchThread.pumpEvents(Ljava/awt/Conditional;)V+3 java.desktop@11.0.10
j  java.awt.EventDispatchThread.run()V+9 java.desktop@11.0.10
v  ~StubRoutines::call_stub

siginfo: EXCEPTION_ACCESS_VIOLATION (0xc0000005), reading address 0x0000000000000000


Register to memory mapping:

RIP=0x00007ffa90a71050 skiko.dll
RAX=0x0 is NULL
RBX=0x0 is NULL
RCX=0x0 is NULL
RDX=0x000000faf7376880 is pointing into the stack for thread: 0x000000faf6570000
RSP=0x000000faf7376838 is pointing into the stack for thread: 0x000000faf6570000
RBP=0x000000faf73768e9 is pointing into the stack for thread: 0x000000faf6570000
RSI=0x000000faf7376970 is pointing into the stack for thread: 0x000000faf6570000
RDI=0x000000faf7376880 is pointing into the stack for thread: 0x000000faf6570000
R8 =0x000000faf7376958 is pointing into the stack for thread: 0x000000faf6570000
R9 =0x000000faf7376958 is pointing into the stack for thread: 0x000000faf6570000
R10=0xfefefefefefefeff is an unknown value
R11=0x000000faf7376170 is pointing into the stack for thread: 0x000000faf6570000
R12=0x000000fafaee0358 points into unknown readable memory: 0x726f746e65766e69 | 69 6e 76 65 6e 74 6f 72
R13=0x0000000000000009 is an unknown value
R14=0x0 is NULL
R15=0x0000000000000002 is an unknown value


Registers:
RAX=0x0000000000000000, RBX=0x0000000000000000, RCX=0x0000000000000000, RDX=0x000000faf7376880
RSP=0x000000faf7376838, RBP=0x000000faf73768e9, RSI=0x000000faf7376970, RDI=0x000000faf7376880
R8 =0x000000faf7376958, R9 =0x000000faf7376958, R10=0xfefefefefefefeff, R11=0x000000faf7376170
R12=0x000000fafaee0358, R13=0x0000000000000009, R14=0x0000000000000000, R15=0x0000000000000002
RIP=0x00007ffa90a71050, EFLAGS=0x0000000000010202

Top of Stack: (sp=0x000000faf7376838)
0x000000faf7376838:   00007ffa90a32359 000000fafb232920
0x000000faf7376848:   0000000000000000 000000fafaee0358
0x000000faf7376858:   0000000000000001 000000faf7376958
0x000000faf7376868:   0000000000000000 0000000000000018
0x000000faf7376878:   00007ffa90c76788 00000006345ad82c
0x000000faf7376888:   0000009000000000 0000000000000000
0x000000faf7376898:   00000000000001e0 0000000000000000
0x000000faf73768a8:   0000000000000000 0000000000000000
0x000000faf73768b8:   00007ffa90d68460 000000faf9247fa0
0x000000faf73768c8:   000000fafaee0358 000000faf9247fa0
0x000000faf73768d8:   000000faf9248090 0000000000000000
0x000000faf73768e8:   0000000000000000 0000000000000000
0x000000faf73768f8:   0000000900000009 0000000000000000
0x000000faf7376908:   0000000000000000 000000faf6570000
0x000000faf7376918:   000000faf7376cd8 000000fafcde8358
0x000000faf7376928:   0000000000000000 0000000000000000 

Instructions: (pc=0x00007ffa90a71050)
0x00007ffa90a70f50:   41 c7 00 01 00 00 00 85 c0 74 e5 48 8b 01 ff 50
0x00007ffa90a70f60:   18 b9 82 ff ff ff ba 07 00 00 00 48 85 c0 0f 44
0x00007ffa90a70f70:   ca 89 0b 48 83 c4 20 5b c3 cc cc cc cc cc cc cc
0x00007ffa90a70f80:   cc cc cc cc cc cc cc cc cc cc cc cc cc cc cc cc
0x00007ffa90a70f90:   4c 8b dc 49 89 5b 08 57 48 81 ec b0 00 00 00 33
0x00007ffa90a70fa0:   c0 48 c7 44 24 20 2c d8 5a 34 89 44 24 28 0f 57
0x00007ffa90a70fb0:   c0 48 89 44 24 30 0f 57 c9 c7 44 24 2c 90 00 00
0x00007ffa90a70fc0:   00 48 8b d9 49 89 43 80 48 8d 4c 24 20 49 89 43
0x00007ffa90a70fd0:   88 49 8b f9 49 89 43 90 66 0f 7f 44 24 50 66 0f
0x00007ffa90a70fe0:   7f 4c 24 60 66 0f 7f 44 24 70 4d 63 c0 66 41 0f
0x00007ffa90a70ff0:   7f 4b c8 49 89 43 d8 49 89 43 e0 49 89 43 e8 49
0x00007ffa90a71000:   89 43 f0 e8 3b 06 8d ff 48 8b 03 48 8d 54 24 20
0x00007ffa90a71010:   4c 8b c7 48 8b cb ff 50 30 48 8b 9c 24 c0 00 00
0x00007ffa90a71020:   00 48 81 c4 b0 00 00 00 5f c3 cc cc cc cc cc cc
0x00007ffa90a71030:   cc cc cc cc cc cc cc cc cc cc cc cc cc cc cc cc
0x00007ffa90a71040:   cc cc cc cc cc cc cc cc cc cc cc cc cc cc cc cc
0x00007ffa90a71050:   48 8b 01 48 ff 60 30 cc cc cc cc cc cc cc cc cc
0x00007ffa90a71060:   40 53 55 41 55 41 56 41 57 48 83 ec 20 4c 8b 6a
0x00007ffa90a71070:   10 49 8b e8 4c 8b f2 4c 8b f9 48 c7 c3 ff ff ff
0x00007ffa90a71080:   ff 48 ff c3 42 80 3c 03 00 75 f6 48 b9 ff ff ff
0x00007ffa90a71090:   ff ff ff ff 7f 48 8b c1 49 2b c5 48 3b c3 0f 82
0x00007ffa90a710a0:   fa 00 00 00 48 83 7a 18 10 48 89 74 24 50 48 89
0x00007ffa90a710b0:   7c 24 58 4c 89 64 24 60 72 03 4c 8b 32 33 d2 4e
0x00007ffa90a710c0:   8d 24 2b bf 0f 00 00 00 49 89 57 10 49 89 57 18
0x00007ffa90a710d0:   49 8b f7 4c 3b e7 76 71 49 8b fc 48 83 cf 0f 48
0x00007ffa90a710e0:   3b f9 76 2c 48 8b f9 48 b8 27 00 00 00 00 00 00
0x00007ffa90a710f0:   80 48 8b c8 e8 91 bf 8b ff 48 85 c0 0f 84 90 00
0x00007ffa90a71100:   00 00 48 8d 70 27 48 83 e6 e0 48 89 46 f8 eb 36
0x00007ffa90a71110:   b8 16 00 00 00 48 3b f8 48 0f 42 f8 48 8d 4f 01
0x00007ffa90a71120:   48 81 f9 00 10 00 00 72 0b 48 8d 41 27 48 3b c1
0x00007ffa90a71130:   76 66 eb bd 48 85 c9 74 0a e8 4c bf 8b ff 48 8b
0x00007ffa90a71140:   f0 eb 03 48 8b f2 49 89 37 4d 8b c5 4d 89 67 10 


Stack slot to memory mapping:
stack at sp + 0 slots: 0x00007ffa90a32359 skiko.dll
stack at sp + 1 slots: 0x000000fafb232920 points into unknown readable memory: 0x00007ffa90d37330 | 30 73 d3 90 fa 7f 00 00
stack at sp + 2 slots: 0x0 is NULL
stack at sp + 3 slots: 0x000000fafaee0358 points into unknown readable memory: 0x726f746e65766e69 | 69 6e 76 65 6e 74 6f 72
stack at sp + 4 slots: 0x0000000000000001 is an unknown value
stack at sp + 5 slots: 0x000000faf7376958 is pointing into the stack for thread: 0x000000faf6570000
stack at sp + 6 slots: 0x0 is NULL
stack at sp + 7 slots: 0x0000000000000018 is an unknown value


---------------  P R O C E S S  ---------------

Threads class SMR info:
_java_thread_list=0x000000faf8ea7760, length=19, elements={
0x000000faf527c800, 0x000000faf5286800, 0x000000faf52d0800, 0x000000faf52d4000,
0x000000faf52d7000, 0x000000faf52dd000, 0x000000faf52e1000, 0x000000faf52f6000,
0x000000faf5438000, 0x000000faf55cb800, 0x000000faf6554800, 0x000000faf6559800,
0x000000faf655a800, 0x000000faf6570000, 0x000000fadac37000, 0x000000faf6540000,
0x000000faf8f8f800, 0x000000faf910e800, 0x000000faf8e23800
}

Java Threads: ( => current thread )
  0x000000faf527c800 JavaThread "Reference Handler" daemon [_thread_blocked, id=1916, stack(0x000000faf5730000,0x000000faf5830000)]
  0x000000faf5286800 JavaThread "Finalizer" daemon [_thread_blocked, id=4232, stack(0x000000faf5830000,0x000000faf5930000)]
  0x000000faf52d0800 JavaThread "Signal Dispatcher" daemon [_thread_blocked, id=4776, stack(0x000000faf5940000,0x000000faf5a40000)]
  0x000000faf52d4000 JavaThread "Attach Listener" daemon [_thread_blocked, id=5560, stack(0x000000faf5a40000,0x000000faf5b40000)]
  0x000000faf52d7000 JavaThread "Service Thread" daemon [_thread_blocked, id=6376, stack(0x000000faf5b40000,0x000000faf5c40000)]
  0x000000faf52dd000 JavaThread "C2 CompilerThread0" daemon [_thread_blocked, id=6424, stack(0x000000faf5c40000,0x000000faf5d40000)]
  0x000000faf52e1000 JavaThread "C1 CompilerThread0" daemon [_thread_blocked, id=7188, stack(0x000000faf5d40000,0x000000faf5e40000)]
  0x000000faf52f6000 JavaThread "Sweeper thread" daemon [_thread_blocked, id=6692, stack(0x000000faf5e40000,0x000000faf5f40000)]
  0x000000faf5438000 JavaThread "Common-Cleaner" daemon [_thread_blocked, id=8176, stack(0x000000faf5f40000,0x000000faf6040000)]
  0x000000faf55cb800 JavaThread "Monitor Ctrl-Break" daemon [_thread_in_native, id=836, stack(0x000000faf6950000,0x000000faf6a50000)]
  0x000000faf6554800 JavaThread "Java2D Disposer" daemon [_thread_blocked, id=3712, stack(0x000000faf6e40000,0x000000faf6f40000)]
  0x000000faf6559800 JavaThread "AWT-Shutdown" [_thread_blocked, id=5408, stack(0x000000faf6f40000,0x000000faf7040000)]
  0x000000faf655a800 JavaThread "AWT-Windows" daemon [_thread_in_native, id=7012, stack(0x000000faf7040000,0x000000faf7140000)]
=>0x000000faf6570000 JavaThread "AWT-EventQueue-0" [_thread_in_native, id=7172, stack(0x000000faf7280000,0x000000faf7380000)]
  0x000000fadac37000 JavaThread "DestroyJavaVM" [_thread_blocked, id=6432, stack(0x000000fada290000,0x000000fada390000)]
  0x000000faf6540000 JavaThread "Cleaner-0" daemon [_thread_blocked, id=7180, stack(0x000000faf93a0000,0x000000faf94a0000)]
  0x000000faf8f8f800 JavaThread "C2 CompilerThread1" daemon [_thread_blocked, id=7640, stack(0x000000faf9ca0000,0x000000faf9da0000)]
  0x000000faf910e800 JavaThread "cluster-ClusterId{value='608032c160cd980d9e3330c4', description='null'}-localhost:27017" daemon [_thread_blocked, id=7184, stack(0x000000fafa480000,0x000000fafa580000)]
  0x000000faf8e23800 JavaThread "cluster-rtt-ClusterId{value='608032c160cd980d9e3330c4', description='null'}-localhost:27017" daemon [_thread_blocked, id=7648, stack(0x000000fafa580000,0x000000fafa680000)]

Other Threads:
  0x000000faf524b000 VMThread "VM Thread" [stack: 0x000000faf5630000,0x000000faf5730000] [id=4084]
  0x000000faf62cb000 WatcherThread [stack: 0x000000faf6a50000,0x000000faf6b50000] [id=6612]
  0x000000fadac4f000 GCTaskThread "GC Thread#0" [stack: 0x000000fada570000,0x000000fada670000] [id=6240]
  0x000000faf65a4000 GCTaskThread "GC Thread#1" [stack: 0x000000faf7380000,0x000000faf7480000] [id=8180]
  0x000000faf654b800 GCTaskThread "GC Thread#2" [stack: 0x000000faf7480000,0x000000faf7580000] [id=5204]
  0x000000faf654c000 GCTaskThread "GC Thread#3" [stack: 0x000000faf7580000,0x000000faf7680000] [id=1368]
  0x000000fadac7e000 ConcurrentGCThread "G1 Main Marker" [stack: 0x000000faf1ff0000,0x000000faf20f0000] [id=3320]
  0x000000fadac81800 ConcurrentGCThread "G1 Conc#0" [stack: 0x000000faf20f0000,0x000000faf21f0000] [id=3576]
  0x000000faf4592000 ConcurrentGCThread "G1 Refine#0" [stack: 0x000000faf4830000,0x000000faf4930000] [id=6528]
  0x000000faf4595000 ConcurrentGCThread "G1 Young RemSet Sampling" [stack: 0x000000faf4930000,0x000000faf4a30000] [id=3912]

Threads with active compile tasks:

VM state:not at safepoint (normal execution)

VM Mutex/Monitor currently owned by a thread: None

Heap address: 0x0000000086800000, size: 1944 MB, Compressed Oops mode: 32-bit
Narrow klass base: 0x0000000000000000, Narrow klass shift: 3
Compressed class space size: 1073741824 Address: 0x0000000100000000

Heap:
 garbage-first heap   total 150528K, used 16288K [0x0000000086800000, 0x0000000100000000)
  region size 1024K, 11 young (11264K), 5 survivors (5120K)
 Metaspace       used 37376K, capacity 37892K, committed 38144K, reserved 1083392K
  class space    used 4121K, capacity 4342K, committed 4352K, reserved 1048576K
Heap Regions: E=young(eden), S=young(survivor), O=old, HS=humongous(starts), HC=humongous(continues), CS=collection set, F=free, A=archive, TAMS=top-at-mark-start (previous, next)
|   0|0x0000000086800000, 0x0000000086900000, 0x0000000086900000|100%| O|  |TAMS 0x0000000086900000, 0x0000000086800000| Untracked 
|   1|0x0000000086900000, 0x0000000086a00000, 0x0000000086a00000|100%| O|  |TAMS 0x0000000086a00000, 0x0000000086900000| Untracked 
|   2|0x0000000086a00000, 0x0000000086b00000, 0x0000000086b00000|100%| O|  |TAMS 0x0000000086b00000, 0x0000000086a00000| Untracked 
|   3|0x0000000086b00000, 0x0000000086be8200, 0x0000000086c00000| 90%| O|  |TAMS 0x0000000086be8200, 0x0000000086b00000| Untracked 
|   4|0x0000000086c00000, 0x0000000086d00000, 0x0000000086d00000|100%|HS|  |TAMS 0x0000000086c00000, 0x0000000086c00000| Complete 
|   5|0x0000000086d00000, 0x0000000086e00000, 0x0000000086e00000|100%|HC|  |TAMS 0x0000000086d00000, 0x0000000086d00000| Complete 
|   6|0x0000000086e00000, 0x0000000086e00000, 0x0000000086f00000|  0%| F|  |TAMS 0x0000000086e00000, 0x0000000086e00000| Untracked 
|   7|0x0000000086f00000, 0x0000000086f00000, 0x0000000087000000|  0%| F|  |TAMS 0x0000000086f00000, 0x0000000086f00000| Untracked 
|   8|0x0000000087000000, 0x0000000087000000, 0x0000000087100000|  0%| F|  |TAMS 0x0000000087000000, 0x0000000087000000| Untracked 
|   9|0x0000000087100000, 0x0000000087100000, 0x0000000087200000|  0%| F|  |TAMS 0x0000000087100000, 0x0000000087100000| Untracked 
|  10|0x0000000087200000, 0x0000000087200000, 0x0000000087300000|  0%| F|  |TAMS 0x0000000087200000, 0x0000000087200000| Untracked 
|  11|0x0000000087300000, 0x0000000087300000, 0x0000000087400000|  0%| F|  |TAMS 0x0000000087300000, 0x0000000087300000| Untracked 
|  12|0x0000000087400000, 0x0000000087400000, 0x0000000087500000|  0%| F|  |TAMS 0x0000000087400000, 0x0000000087400000| Untracked 
|  13|0x0000000087500000, 0x0000000087500000, 0x0000000087600000|  0%| F|  |TAMS 0x0000000087500000, 0x0000000087500000| Untracked 
|  14|0x0000000087600000, 0x0000000087600000, 0x0000000087700000|  0%| F|  |TAMS 0x0000000087600000, 0x0000000087600000| Untracked 
|  15|0x0000000087700000, 0x0000000087700000, 0x0000000087800000|  0%| F|  |TAMS 0x0000000087700000, 0x0000000087700000| Untracked 
|  16|0x0000000087800000, 0x0000000087800000, 0x0000000087900000|  0%| F|  |TAMS 0x0000000087800000, 0x0000000087800000| Untracked 
|  17|0x0000000087900000, 0x0000000087900000, 0x0000000087a00000|  0%| F|  |TAMS 0x0000000087900000, 0x0000000087900000| Untracked 
|  18|0x0000000087a00000, 0x0000000087a00000, 0x0000000087b00000|  0%| F|  |TAMS 0x0000000087a00000, 0x0000000087a00000| Untracked 
|  19|0x0000000087b00000, 0x0000000087b00000, 0x0000000087c00000|  0%| F|  |TAMS 0x0000000087b00000, 0x0000000087b00000| Untracked 
|  20|0x0000000087c00000, 0x0000000087c00000, 0x0000000087d00000|  0%| F|  |TAMS 0x0000000087c00000, 0x0000000087c00000| Untracked 
|  21|0x0000000087d00000, 0x0000000087d00000, 0x0000000087e00000|  0%| F|  |TAMS 0x0000000087d00000, 0x0000000087d00000| Untracked 
|  22|0x0000000087e00000, 0x0000000087e00000, 0x0000000087f00000|  0%| F|  |TAMS 0x0000000087e00000, 0x0000000087e00000| Untracked 
|  23|0x0000000087f00000, 0x0000000087f00000, 0x0000000088000000|  0%| F|  |TAMS 0x0000000087f00000, 0x0000000087f00000| Untracked 
|  24|0x0000000088000000, 0x0000000088000000, 0x0000000088100000|  0%| F|  |TAMS 0x0000000088000000, 0x0000000088000000| Untracked 
|  25|0x0000000088100000, 0x0000000088100000, 0x0000000088200000|  0%| F|  |TAMS 0x0000000088100000, 0x0000000088100000| Untracked 
|  26|0x0000000088200000, 0x0000000088200000, 0x0000000088300000|  0%| F|  |TAMS 0x0000000088200000, 0x0000000088200000| Untracked 
|  27|0x0000000088300000, 0x0000000088300000, 0x0000000088400000|  0%| F|  |TAMS 0x0000000088300000, 0x0000000088300000| Untracked 
|  28|0x0000000088400000, 0x0000000088400000, 0x0000000088500000|  0%| F|  |TAMS 0x0000000088400000, 0x0000000088400000| Untracked 
|  29|0x0000000088500000, 0x0000000088500000, 0x0000000088600000|  0%| F|  |TAMS 0x0000000088500000, 0x0000000088500000| Untracked 
|  30|0x0000000088600000, 0x0000000088600000, 0x0000000088700000|  0%| F|  |TAMS 0x0000000088600000, 0x0000000088600000| Untracked 
|  31|0x0000000088700000, 0x0000000088700000, 0x0000000088800000|  0%| F|  |TAMS 0x0000000088700000, 0x0000000088700000| Untracked 
|  32|0x0000000088800000, 0x0000000088800000, 0x0000000088900000|  0%| F|  |TAMS 0x0000000088800000, 0x0000000088800000| Untracked 
|  33|0x0000000088900000, 0x0000000088900000, 0x0000000088a00000|  0%| F|  |TAMS 0x0000000088900000, 0x0000000088900000| Untracked 
|  34|0x0000000088a00000, 0x0000000088a00000, 0x0000000088b00000|  0%| F|  |TAMS 0x0000000088a00000, 0x0000000088a00000| Untracked 
|  35|0x0000000088b00000, 0x0000000088b00000, 0x0000000088c00000|  0%| F|  |TAMS 0x0000000088b00000, 0x0000000088b00000| Untracked 
|  36|0x0000000088c00000, 0x0000000088c00000, 0x0000000088d00000|  0%| F|  |TAMS 0x0000000088c00000, 0x0000000088c00000| Untracked 
|  37|0x0000000088d00000, 0x0000000088d00000, 0x0000000088e00000|  0%| F|  |TAMS 0x0000000088d00000, 0x0000000088d00000| Untracked 
|  38|0x0000000088e00000, 0x0000000088e00000, 0x0000000088f00000|  0%| F|  |TAMS 0x0000000088e00000, 0x0000000088e00000| Untracked 
|  39|0x0000000088f00000, 0x0000000088f00000, 0x0000000089000000|  0%| F|  |TAMS 0x0000000088f00000, 0x0000000088f00000| Untracked 
|  40|0x0000000089000000, 0x0000000089000000, 0x0000000089100000|  0%| F|  |TAMS 0x0000000089000000, 0x0000000089000000| Untracked 
|  41|0x0000000089100000, 0x0000000089100000, 0x0000000089200000|  0%| F|  |TAMS 0x0000000089100000, 0x0000000089100000| Untracked 
|  42|0x0000000089200000, 0x0000000089200000, 0x0000000089300000|  0%| F|  |TAMS 0x0000000089200000, 0x0000000089200000| Untracked 
|  43|0x0000000089300000, 0x0000000089300000, 0x0000000089400000|  0%| F|  |TAMS 0x0000000089300000, 0x0000000089300000| Untracked 
|  44|0x0000000089400000, 0x0000000089400000, 0x0000000089500000|  0%| F|  |TAMS 0x0000000089400000, 0x0000000089400000| Untracked 
|  45|0x0000000089500000, 0x0000000089500000, 0x0000000089600000|  0%| F|  |TAMS 0x0000000089500000, 0x0000000089500000| Untracked 
|  46|0x0000000089600000, 0x0000000089600000, 0x0000000089700000|  0%| F|  |TAMS 0x0000000089600000, 0x0000000089600000| Untracked 
|  47|0x0000000089700000, 0x0000000089700000, 0x0000000089800000|  0%| F|  |TAMS 0x0000000089700000, 0x0000000089700000| Untracked 
|  48|0x0000000089800000, 0x0000000089800000, 0x0000000089900000|  0%| F|  |TAMS 0x0000000089800000, 0x0000000089800000| Untracked 
|  49|0x0000000089900000, 0x0000000089900000, 0x0000000089a00000|  0%| F|  |TAMS 0x0000000089900000, 0x0000000089900000| Untracked 
|  50|0x0000000089a00000, 0x0000000089a00000, 0x0000000089b00000|  0%| F|  |TAMS 0x0000000089a00000, 0x0000000089a00000| Untracked 
|  51|0x0000000089b00000, 0x0000000089b00000, 0x0000000089c00000|  0%| F|  |TAMS 0x0000000089b00000, 0x0000000089b00000| Untracked 
|  52|0x0000000089c00000, 0x0000000089c00000, 0x0000000089d00000|  0%| F|  |TAMS 0x0000000089c00000, 0x0000000089c00000| Untracked 
|  53|0x0000000089d00000, 0x0000000089d00000, 0x0000000089e00000|  0%| F|  |TAMS 0x0000000089d00000, 0x0000000089d00000| Untracked 
|  54|0x0000000089e00000, 0x0000000089e00000, 0x0000000089f00000|  0%| F|  |TAMS 0x0000000089e00000, 0x0000000089e00000| Untracked 
|  55|0x0000000089f00000, 0x0000000089f00000, 0x000000008a000000|  0%| F|  |TAMS 0x0000000089f00000, 0x0000000089f00000| Untracked 
|  56|0x000000008a000000, 0x000000008a000000, 0x000000008a100000|  0%| F|  |TAMS 0x000000008a000000, 0x000000008a000000| Untracked 
|  57|0x000000008a100000, 0x000000008a100000, 0x000000008a200000|  0%| F|  |TAMS 0x000000008a100000, 0x000000008a100000| Untracked 
|  58|0x000000008a200000, 0x000000008a200000, 0x000000008a300000|  0%| F|  |TAMS 0x000000008a200000, 0x000000008a200000| Untracked 
|  59|0x000000008a300000, 0x000000008a300000, 0x000000008a400000|  0%| F|  |TAMS 0x000000008a300000, 0x000000008a300000| Untracked 
|  60|0x000000008a400000, 0x000000008a400000, 0x000000008a500000|  0%| F|  |TAMS 0x000000008a400000, 0x000000008a400000| Untracked 
|  61|0x000000008a500000, 0x000000008a500000, 0x000000008a600000|  0%| F|  |TAMS 0x000000008a500000, 0x000000008a500000| Untracked 
|  62|0x000000008a600000, 0x000000008a600000, 0x000000008a700000|  0%| F|  |TAMS 0x000000008a600000, 0x000000008a600000| Untracked 
|  63|0x000000008a700000, 0x000000008a700000, 0x000000008a800000|  0%| F|  |TAMS 0x000000008a700000, 0x000000008a700000| Untracked 
|  64|0x000000008a800000, 0x000000008a800000, 0x000000008a900000|  0%| F|  |TAMS 0x000000008a800000, 0x000000008a800000| Untracked 
|  65|0x000000008a900000, 0x000000008a900000, 0x000000008aa00000|  0%| F|  |TAMS 0x000000008a900000, 0x000000008a900000| Untracked 
|  66|0x000000008aa00000, 0x000000008aa00000, 0x000000008ab00000|  0%| F|  |TAMS 0x000000008aa00000, 0x000000008aa00000| Untracked 
|  67|0x000000008ab00000, 0x000000008ab00000, 0x000000008ac00000|  0%| F|  |TAMS 0x000000008ab00000, 0x000000008ab00000| Untracked 
|  68|0x000000008ac00000, 0x000000008ac00000, 0x000000008ad00000|  0%| F|  |TAMS 0x000000008ac00000, 0x000000008ac00000| Untracked 
|  69|0x000000008ad00000, 0x000000008ad00000, 0x000000008ae00000|  0%| F|  |TAMS 0x000000008ad00000, 0x000000008ad00000| Untracked 
|  70|0x000000008ae00000, 0x000000008ae00000, 0x000000008af00000|  0%| F|  |TAMS 0x000000008ae00000, 0x000000008ae00000| Untracked 
|  71|0x000000008af00000, 0x000000008af00000, 0x000000008b000000|  0%| F|  |TAMS 0x000000008af00000, 0x000000008af00000| Untracked 
|  72|0x000000008b000000, 0x000000008b000000, 0x000000008b100000|  0%| F|  |TAMS 0x000000008b000000, 0x000000008b000000| Untracked 
|  73|0x000000008b100000, 0x000000008b200000, 0x000000008b200000|100%| S|CS|TAMS 0x000000008b100000, 0x000000008b100000| Complete 
|  74|0x000000008b200000, 0x000000008b300000, 0x000000008b300000|100%| S|CS|TAMS 0x000000008b200000, 0x000000008b200000| Complete 
|  75|0x000000008b300000, 0x000000008b400000, 0x000000008b400000|100%| S|CS|TAMS 0x000000008b300000, 0x000000008b300000| Complete 
|  76|0x000000008b400000, 0x000000008b500000, 0x000000008b500000|100%| S|CS|TAMS 0x000000008b400000, 0x000000008b400000| Complete 
|  77|0x000000008b500000, 0x000000008b600000, 0x000000008b600000|100%| S|CS|TAMS 0x000000008b500000, 0x000000008b500000| Complete 
|  78|0x000000008b600000, 0x000000008b600000, 0x000000008b700000|  0%| F|  |TAMS 0x000000008b600000, 0x000000008b600000| Untracked 
|  79|0x000000008b700000, 0x000000008b700000, 0x000000008b800000|  0%| F|  |TAMS 0x000000008b700000, 0x000000008b700000| Untracked 
|  80|0x000000008b800000, 0x000000008b800000, 0x000000008b900000|  0%| F|  |TAMS 0x000000008b800000, 0x000000008b800000| Untracked 
|  81|0x000000008b900000, 0x000000008b900000, 0x000000008ba00000|  0%| F|  |TAMS 0x000000008b900000, 0x000000008b900000| Untracked 
|  82|0x000000008ba00000, 0x000000008ba00000, 0x000000008bb00000|  0%| F|  |TAMS 0x000000008ba00000, 0x000000008ba00000| Untracked 
|  83|0x000000008bb00000, 0x000000008bb00000, 0x000000008bc00000|  0%| F|  |TAMS 0x000000008bb00000, 0x000000008bb00000| Untracked 
|  84|0x000000008bc00000, 0x000000008bc00000, 0x000000008bd00000|  0%| F|  |TAMS 0x000000008bc00000, 0x000000008bc00000| Untracked 
|  85|0x000000008bd00000, 0x000000008bd00000, 0x000000008be00000|  0%| F|  |TAMS 0x000000008bd00000, 0x000000008bd00000| Untracked 
|  86|0x000000008be00000, 0x000000008be00000, 0x000000008bf00000|  0%| F|  |TAMS 0x000000008be00000, 0x000000008be00000| Untracked 
|  87|0x000000008bf00000, 0x000000008bf00000, 0x000000008c000000|  0%| F|  |TAMS 0x000000008bf00000, 0x000000008bf00000| Untracked 
|  88|0x000000008c000000, 0x000000008c000000, 0x000000008c100000|  0%| F|  |TAMS 0x000000008c000000, 0x000000008c000000| Untracked 
|  89|0x000000008c100000, 0x000000008c100000, 0x000000008c200000|  0%| F|  |TAMS 0x000000008c100000, 0x000000008c100000| Untracked 
|  90|0x000000008c200000, 0x000000008c200000, 0x000000008c300000|  0%| F|  |TAMS 0x000000008c200000, 0x000000008c200000| Untracked 
|  91|0x000000008c300000, 0x000000008c300000, 0x000000008c400000|  0%| F|  |TAMS 0x000000008c300000, 0x000000008c300000| Untracked 
|  92|0x000000008c400000, 0x000000008c400000, 0x000000008c500000|  0%| F|  |TAMS 0x000000008c400000, 0x000000008c400000| Untracked 
|  93|0x000000008c500000, 0x000000008c500000, 0x000000008c600000|  0%| F|  |TAMS 0x000000008c500000, 0x000000008c500000| Untracked 
|  94|0x000000008c600000, 0x000000008c600000, 0x000000008c700000|  0%| F|  |TAMS 0x000000008c600000, 0x000000008c600000| Untracked 
|  95|0x000000008c700000, 0x000000008c700000, 0x000000008c800000|  0%| F|  |TAMS 0x000000008c700000, 0x000000008c700000| Untracked 
|  96|0x000000008c800000, 0x000000008c800000, 0x000000008c900000|  0%| F|  |TAMS 0x000000008c800000, 0x000000008c800000| Untracked 
|  97|0x000000008c900000, 0x000000008c900000, 0x000000008ca00000|  0%| F|  |TAMS 0x000000008c900000, 0x000000008c900000| Untracked 
|  98|0x000000008ca00000, 0x000000008ca00000, 0x000000008cb00000|  0%| F|  |TAMS 0x000000008ca00000, 0x000000008ca00000| Untracked 
|  99|0x000000008cb00000, 0x000000008cb00000, 0x000000008cc00000|  0%| F|  |TAMS 0x000000008cb00000, 0x000000008cb00000| Untracked 
| 100|0x000000008cc00000, 0x000000008cc00000, 0x000000008cd00000|  0%| F|  |TAMS 0x000000008cc00000, 0x000000008cc00000| Untracked 
| 101|0x000000008cd00000, 0x000000008cd00000, 0x000000008ce00000|  0%| F|  |TAMS 0x000000008cd00000, 0x000000008cd00000| Untracked 
| 102|0x000000008ce00000, 0x000000008ce00000, 0x000000008cf00000|  0%| F|  |TAMS 0x000000008ce00000, 0x000000008ce00000| Untracked 
| 103|0x000000008cf00000, 0x000000008cf00000, 0x000000008d000000|  0%| F|  |TAMS 0x000000008cf00000, 0x000000008cf00000| Untracked 
| 104|0x000000008d000000, 0x000000008d000000, 0x000000008d100000|  0%| F|  |TAMS 0x000000008d000000, 0x000000008d000000| Untracked 
| 105|0x000000008d100000, 0x000000008d100000, 0x000000008d200000|  0%| F|  |TAMS 0x000000008d100000, 0x000000008d100000| Untracked 
| 106|0x000000008d200000, 0x000000008d200000, 0x000000008d300000|  0%| F|  |TAMS 0x000000008d200000, 0x000000008d200000| Untracked 
| 107|0x000000008d300000, 0x000000008d300000, 0x000000008d400000|  0%| F|  |TAMS 0x000000008d300000, 0x000000008d300000| Untracked 
| 108|0x000000008d400000, 0x000000008d400000, 0x000000008d500000|  0%| F|  |TAMS 0x000000008d400000, 0x000000008d400000| Untracked 
| 109|0x000000008d500000, 0x000000008d500000, 0x000000008d600000|  0%| F|  |TAMS 0x000000008d500000, 0x000000008d500000| Untracked 
| 110|0x000000008d600000, 0x000000008d600000, 0x000000008d700000|  0%| F|  |TAMS 0x000000008d600000, 0x000000008d600000| Untracked 
| 111|0x000000008d700000, 0x000000008d700000, 0x000000008d800000|  0%| F|  |TAMS 0x000000008d700000, 0x000000008d700000| Untracked 
| 112|0x000000008d800000, 0x000000008d800000, 0x000000008d900000|  0%| F|  |TAMS 0x000000008d800000, 0x000000008d800000| Untracked 
| 113|0x000000008d900000, 0x000000008d900000, 0x000000008da00000|  0%| F|  |TAMS 0x000000008d900000, 0x000000008d900000| Untracked 
| 114|0x000000008da00000, 0x000000008da00000, 0x000000008db00000|  0%| F|  |TAMS 0x000000008da00000, 0x000000008da00000| Untracked 
| 115|0x000000008db00000, 0x000000008db00000, 0x000000008dc00000|  0%| F|  |TAMS 0x000000008db00000, 0x000000008db00000| Untracked 
| 116|0x000000008dc00000, 0x000000008dc00000, 0x000000008dd00000|  0%| F|  |TAMS 0x000000008dc00000, 0x000000008dc00000| Untracked 
| 117|0x000000008dd00000, 0x000000008dd00000, 0x000000008de00000|  0%| F|  |TAMS 0x000000008dd00000, 0x000000008dd00000| Untracked 
| 118|0x000000008de00000, 0x000000008de00000, 0x000000008df00000|  0%| F|  |TAMS 0x000000008de00000, 0x000000008de00000| Untracked 
| 119|0x000000008df00000, 0x000000008df00000, 0x000000008e000000|  0%| F|  |TAMS 0x000000008df00000, 0x000000008df00000| Untracked 
| 120|0x000000008e000000, 0x000000008e000000, 0x000000008e100000|  0%| F|  |TAMS 0x000000008e000000, 0x000000008e000000| Untracked 
| 121|0x000000008e100000, 0x000000008e100000, 0x000000008e200000|  0%| F|  |TAMS 0x000000008e100000, 0x000000008e100000| Untracked 
| 122|0x000000008e200000, 0x000000008e200000, 0x000000008e300000|  0%| F|  |TAMS 0x000000008e200000, 0x000000008e200000| Untracked 
| 123|0x000000008e300000, 0x000000008e300000, 0x000000008e400000|  0%| F|  |TAMS 0x000000008e300000, 0x000000008e300000| Untracked 
| 124|0x000000008e400000, 0x000000008e400000, 0x000000008e500000|  0%| F|  |TAMS 0x000000008e400000, 0x000000008e400000| Untracked 
| 125|0x000000008e500000, 0x000000008e500000, 0x000000008e600000|  0%| F|  |TAMS 0x000000008e500000, 0x000000008e500000| Untracked 
| 126|0x000000008e600000, 0x000000008e600000, 0x000000008e700000|  0%| F|  |TAMS 0x000000008e600000, 0x000000008e600000| Untracked 
| 127|0x000000008e700000, 0x000000008e700000, 0x000000008e800000|  0%| F|  |TAMS 0x000000008e700000, 0x000000008e700000| Untracked 
| 128|0x000000008e800000, 0x000000008e800000, 0x000000008e900000|  0%| F|  |TAMS 0x000000008e800000, 0x000000008e800000| Untracked 
| 129|0x000000008e900000, 0x000000008e900000, 0x000000008ea00000|  0%| F|  |TAMS 0x000000008e900000, 0x000000008e900000| Untracked 
| 130|0x000000008ea00000, 0x000000008ea00000, 0x000000008eb00000|  0%| F|  |TAMS 0x000000008ea00000, 0x000000008ea00000| Untracked 
| 131|0x000000008eb00000, 0x000000008eb00000, 0x000000008ec00000|  0%| F|  |TAMS 0x000000008eb00000, 0x000000008eb00000| Untracked 
| 132|0x000000008ec00000, 0x000000008ec00000, 0x000000008ed00000|  0%| F|  |TAMS 0x000000008ec00000, 0x000000008ec00000| Untracked 
| 133|0x000000008ed00000, 0x000000008ed00000, 0x000000008ee00000|  0%| F|  |TAMS 0x000000008ed00000, 0x000000008ed00000| Untracked 
| 134|0x000000008ee00000, 0x000000008ee00000, 0x000000008ef00000|  0%| F|  |TAMS 0x000000008ee00000, 0x000000008ee00000| Untracked 
| 135|0x000000008ef00000, 0x000000008ef00000, 0x000000008f000000|  0%| F|  |TAMS 0x000000008ef00000, 0x000000008ef00000| Untracked 
| 136|0x000000008f000000, 0x000000008f000000, 0x000000008f100000|  0%| F|  |TAMS 0x000000008f000000, 0x000000008f000000| Untracked 
| 137|0x000000008f100000, 0x000000008f100000, 0x000000008f200000|  0%| F|  |TAMS 0x000000008f100000, 0x000000008f100000| Untracked 
| 138|0x000000008f200000, 0x000000008f200000, 0x000000008f300000|  0%| F|  |TAMS 0x000000008f200000, 0x000000008f200000| Untracked 
| 139|0x000000008f300000, 0x000000008f300000, 0x000000008f400000|  0%| F|  |TAMS 0x000000008f300000, 0x000000008f300000| Untracked 
| 140|0x000000008f400000, 0x000000008f400000, 0x000000008f500000|  0%| F|  |TAMS 0x000000008f400000, 0x000000008f400000| Untracked 
| 141|0x000000008f500000, 0x000000008f581c10, 0x000000008f600000| 50%| E|  |TAMS 0x000000008f500000, 0x000000008f500000| Complete 
| 142|0x000000008f600000, 0x000000008f700000, 0x000000008f700000|100%| E|CS|TAMS 0x000000008f600000, 0x000000008f600000| Complete 
| 143|0x000000008f700000, 0x000000008f800000, 0x000000008f800000|100%| E|CS|TAMS 0x000000008f700000, 0x000000008f700000| Complete 
| 144|0x000000008f800000, 0x000000008f900000, 0x000000008f900000|100%| E|CS|TAMS 0x000000008f800000, 0x000000008f800000| Complete 
| 145|0x000000008f900000, 0x000000008fa00000, 0x000000008fa00000|100%| E|CS|TAMS 0x000000008f900000, 0x000000008f900000| Complete 
| 146|0x000000008fa00000, 0x000000008fb00000, 0x000000008fb00000|100%| E|CS|TAMS 0x000000008fa00000, 0x000000008fa00000| Complete 

Card table byte_map: [0x000000faedb90000,0x000000faedf60000] _byte_map_base: 0x000000faed75c000

Marking Bits (Prev, Next): (CMBitMap*) 0x000000fadac75b78, (CMBitMap*) 0x000000fadac75bb0
 Prev Bits: [0x000000faee330000, 0x000000faf0190000)
 Next Bits: [0x000000faf0190000, 0x000000faf1ff0000)

Polling page: 0x000000fad8ae0000

Metaspace:

Usage:
  Non-class:     32.76 MB capacity,    32.48 MB (>99%) used,   224.04 KB ( <1%) free+waste,    70.94 KB ( <1%) overhead. 
      Class:      4.24 MB capacity,     4.02 MB ( 95%) used,   187.05 KB (  4%) free+waste,    33.75 KB ( <1%) overhead. 
       Both:     37.00 MB capacity,    36.50 MB ( 99%) used,   411.09 KB (  1%) free+waste,   104.69 KB ( <1%) overhead. 

Virtual space:
  Non-class space:       34.00 MB reserved,      33.00 MB ( 97%) committed 
      Class space:        1.00 GB reserved,       4.25 MB ( <1%) committed 
             Both:        1.03 GB reserved,      37.25 MB (  4%) committed 

Chunk freelists:
   Non-Class:  50.00 KB
       Class:  10.00 KB
        Both:  60.00 KB

MaxMetaspaceSize: 17179869184.00 GB
CompressedClassSpaceSize: 1.00 GB

CodeHeap 'non-profiled nmethods': size=120064Kb used=882Kb max_used=882Kb free=119181Kb
 bounds [0x000000fae6280000, 0x000000fae64f0000, 0x000000faed7c0000]
CodeHeap 'profiled nmethods': size=120000Kb used=3444Kb max_used=3444Kb free=116555Kb
 bounds [0x000000faded50000, 0x000000fadf0b0000, 0x000000fae6280000]
CodeHeap 'non-nmethods': size=5696Kb used=1425Kb max_used=1462Kb free=4271Kb
 bounds [0x000000fade7c0000, 0x000000fadea30000, 0x000000faded50000]
 total_blobs=2761 nmethods=1863 adapters=809
 compilation: enabled
              stopped_count=0, restarted_count=0
 full_count=0

Compilation events (20 events):
Event: 3.122 Thread 0x000000faf52e1000 1858       3       java.util.HashMap::<init> (8 bytes)
Event: 3.122 Thread 0x000000faf52e1000 nmethod 1858 0x000000fadf0acd10 code [0x000000fadf0acee0, 0x000000fadf0ad008]
Event: 3.127 Thread 0x000000faf8f8f800 nmethod 1529 0x000000fae6347a90 code [0x000000fae6348100, 0x000000fae6350fb8]
Event: 3.128 Thread 0x000000faf8f8f800 1835       4       java.util.Arrays::copyOf (40 bytes)
Event: 3.134 Thread 0x000000faf8f8f800 nmethod 1835 0x000000fae6356790 code [0x000000fae6356940, 0x000000fae6356d58]
Event: 3.134 Thread 0x000000faf8f8f800 1850       4       sun.java2d.loops.GraphicsPrimitiveMgr$2::compare (39 bytes)
Event: 3.135 Thread 0x000000faf8f8f800 nmethod 1850 0x000000fae6356f90 code [0x000000fae6357120, 0x000000fae63571f8]
Event: 3.135 Thread 0x000000faf8f8f800 1836       4       java.lang.StringBuilder::append (8 bytes)
Event: 3.136 Thread 0x000000faf8f8f800 nmethod 1836 0x000000fae6357310 code [0x000000fae63574a0, 0x000000fae6357528]
Event: 3.142 Thread 0x000000faf52e1000 1859       1       androidx.compose.ui.node.OuterMeasurablePlaceable::getOuterWrapper (5 bytes)
Event: 3.142 Thread 0x000000faf52e1000 nmethod 1859 0x000000fae6357610 code [0x000000fae63577c0, 0x000000fae6357878]
Event: 3.146 Thread 0x000000faf52e1000 1860       1       androidx.compose.ui.node.LayoutNodeWrapper::getLayoutNode$ui (5 bytes)
Event: 3.146 Thread 0x000000faf52e1000 nmethod 1860 0x000000fae6357910 code [0x000000fae6357ac0, 0x000000fae6357b78]
Event: 3.148 Thread 0x000000faf8f8f800 1861       4       java.util.Collections$SetFromMap::remove (19 bytes)
Event: 3.155 Thread 0x000000faf8f8f800 nmethod 1861 0x000000fae6357c10 code [0x000000fae6357dc0, 0x000000fae6358248]
Event: 3.160 Thread 0x000000faf8f8f800 1862       4       java.lang.String::<init> (74 bytes)
Event: 3.167 Thread 0x000000faf8f8f800 nmethod 1862 0x000000fae6358510 code [0x000000fae63586c0, 0x000000fae6358c58]
Event: 3.173 Thread 0x000000faf52dd000 nmethod 1831 0x000000fae6358d90 code [0x000000fae63590e0, 0x000000fae635b368]
Event: 3.179 Thread 0x000000faf52e1000 1863       3       jdk.internal.misc.VM::initLevel (4 bytes)
Event: 3.180 Thread 0x000000faf52e1000 nmethod 1863 0x000000fadf0ad090 code [0x000000fadf0ad240, 0x000000fadf0ad338]

GC Heap History (12 events):
Event: 0.641 GC heap before
{Heap before GC invocations=0 (full 0):
 garbage-first heap   total 124928K, used 14336K [0x0000000086800000, 0x0000000100000000)
  region size 1024K, 14 young (14336K), 0 survivors (0K)
 Metaspace       used 9627K, capacity 9849K, committed 9984K, reserved 1058816K
  class space    used 898K, capacity 990K, committed 1024K, reserved 1048576K
}
Event: 0.646 GC heap after
{Heap after GC invocations=1 (full 0):
 garbage-first heap   total 124928K, used 3791K [0x0000000086800000, 0x0000000100000000)
  region size 1024K, 2 young (2048K), 2 survivors (2048K)
 Metaspace       used 9627K, capacity 9849K, committed 9984K, reserved 1058816K
  class space    used 898K, capacity 990K, committed 1024K, reserved 1048576K
}
Event: 1.018 GC heap before
{Heap before GC invocations=1 (full 0):
 garbage-first heap   total 124928K, used 13007K [0x0000000086800000, 0x0000000100000000)
  region size 1024K, 11 young (11264K), 2 survivors (2048K)
 Metaspace       used 13252K, capacity 13596K, committed 13824K, reserved 1060864K
  class space    used 1336K, capacity 1482K, committed 1536K, reserved 1048576K
}
Event: 1.023 GC heap after
{Heap after GC invocations=2 (full 0):
 garbage-first heap   total 124928K, used 4737K [0x0000000086800000, 0x0000000100000000)
  region size 1024K, 1 young (1024K), 1 survivors (1024K)
 Metaspace       used 13252K, capacity 13596K, committed 13824K, reserved 1060864K
  class space    used 1336K, capacity 1482K, committed 1536K, reserved 1048576K
}
Event: 1.505 GC heap before
{Heap before GC invocations=2 (full 0):
 garbage-first heap   total 124928K, used 34433K [0x0000000086800000, 0x0000000100000000)
  region size 1024K, 29 young (29696K), 1 survivors (1024K)
 Metaspace       used 19917K, capacity 20316K, committed 20480K, reserved 1067008K
  class space    used 2044K, capacity 2236K, committed 2304K, reserved 1048576K
}
Event: 1.508 GC heap after
{Heap after GC invocations=3 (full 0):
 garbage-first heap   total 124928K, used 5803K [0x0000000086800000, 0x0000000100000000)
  region size 1024K, 2 young (2048K), 2 survivors (2048K)
 Metaspace       used 19917K, capacity 20316K, committed 20480K, reserved 1067008K
  class space    used 2044K, capacity 2236K, committed 2304K, reserved 1048576K
}
Event: 1.543 GC heap before
{Heap before GC invocations=3 (full 0):
 garbage-first heap   total 124928K, used 6827K [0x0000000086800000, 0x0000000100000000)
  region size 1024K, 4 young (4096K), 2 survivors (2048K)
 Metaspace       used 20549K, capacity 21020K, committed 21248K, reserved 1069056K
  class space    used 2102K, capacity 2300K, committed 2304K, reserved 1048576K
}
Event: 1.546 GC heap after
{Heap after GC invocations=4 (full 0):
 garbage-first heap   total 124928K, used 5908K [0x0000000086800000, 0x0000000100000000)
  region size 1024K, 2 young (2048K), 2 survivors (2048K)
 Metaspace       used 20549K, capacity 21020K, committed 21248K, reserved 1069056K
  class space    used 2102K, capacity 2300K, committed 2304K, reserved 1048576K
}
Event: 2.223 GC heap before
{Heap before GC invocations=5 (full 0):
 garbage-first heap   total 124928K, used 43796K [0x0000000086800000, 0x0000000100000000)
  region size 1024K, 39 young (39936K), 2 survivors (2048K)
 Metaspace       used 29174K, capacity 29657K, committed 29824K, reserved 1075200K
  class space    used 3137K, capacity 3346K, committed 3456K, reserved 1048576K
}
Event: 2.229 GC heap after
{Heap after GC invocations=6 (full 0):
 garbage-first heap   total 124928K, used 7503K [0x0000000086800000, 0x0000000100000000)
  region size 1024K, 4 young (4096K), 4 survivors (4096K)
 Metaspace       used 29174K, capacity 29657K, committed 29824K, reserved 1075200K
  class space    used 3137K, capacity 3346K, committed 3456K, reserved 1048576K
}
Event: 2.948 GC heap before
{Heap before GC invocations=6 (full 0):
 garbage-first heap   total 124928K, used 47439K [0x0000000086800000, 0x0000000100000000)
  region size 1024K, 44 young (45056K), 4 survivors (4096K)
 Metaspace       used 35070K, capacity 35519K, committed 35584K, reserved 1081344K
  class space    used 3851K, capacity 4083K, committed 4096K, reserved 1048576K
}
Event: 2.960 GC heap after
{Heap after GC invocations=7 (full 0):
 garbage-first heap   total 150528K, used 9120K [0x0000000086800000, 0x0000000100000000)
  region size 1024K, 5 young (5120K), 5 survivors (5120K)
 Metaspace       used 35070K, capacity 35519K, committed 35584K, reserved 1081344K
  class space    used 3851K, capacity 4083K, committed 4096K, reserved 1048576K
}

Deoptimization events (20 events):
Event: 2.236 Thread 0x000000faf6570000 Uncommon trap: trap_request=0xffffff4d fr.pc=0x000000fae62d420c relative=0x0000000000000d4c
Event: 2.236 Thread 0x000000faf6570000 Uncommon trap: reason=unstable_if action=reinterpret pc=0x000000fae62d420c method=java.util.jar.JarFile.getVersionedEntry(Ljava/lang/String;Ljava/util/jar/JarEntry;)Ljava/util/jar/JarEntry; @ 7 c2
Event: 2.236 Thread 0x000000faf6570000 DEOPT PACKING pc=0x000000fae62d420c sp=0x000000faf7374c90
Event: 2.236 Thread 0x000000faf6570000 DEOPT UNPACKING pc=0x000000fade7e782f sp=0x000000faf7374c30 mode 2
Event: 2.513 Thread 0x000000faf6570000 Uncommon trap: trap_request=0xffffff4d fr.pc=0x000000fae62f18e8 relative=0x0000000000001468
Event: 2.513 Thread 0x000000faf6570000 Uncommon trap: reason=unstable_if action=reinterpret pc=0x000000fae62f18e8 method=jdk.internal.loader.URLClassPath.getResource(Ljava/lang/String;Z)Ljdk/internal/loader/Resource; @ 47 c2
Event: 2.513 Thread 0x000000faf6570000 DEOPT PACKING pc=0x000000fae62f18e8 sp=0x000000faf7375800
Event: 2.513 Thread 0x000000faf6570000 DEOPT UNPACKING pc=0x000000fade7e782f sp=0x000000faf7375800 mode 2
Event: 2.517 Thread 0x000000faf6570000 Uncommon trap: trap_request=0xffffff4d fr.pc=0x000000fae6327098 relative=0x00000000000002d8
Event: 2.517 Thread 0x000000faf6570000 Uncommon trap: reason=unstable_if action=reinterpret pc=0x000000fae6327098 method=java.lang.String.indexOf([BBILjava/lang/String;I)I @ 54 c2
Event: 2.517 Thread 0x000000faf6570000 DEOPT PACKING pc=0x000000fae6327098 sp=0x000000faf7376210
Event: 2.517 Thread 0x000000faf6570000 DEOPT UNPACKING pc=0x000000fade7e782f sp=0x000000faf7376178 mode 2
Event: 3.035 Thread 0x000000faf6570000 Uncommon trap: trap_request=0xffffff4d fr.pc=0x000000fae62da1fc relative=0x00000000000002dc
Event: 3.035 Thread 0x000000faf6570000 Uncommon trap: reason=unstable_if action=reinterpret pc=0x000000fae62da1fc method=java.lang.StringUTF16.compress([CI[BII)I @ 20 c2
Event: 3.035 Thread 0x000000faf6570000 DEOPT PACKING pc=0x000000fae62da1fc sp=0x000000faf7378100
Event: 3.035 Thread 0x000000faf6570000 DEOPT UNPACKING pc=0x000000fade7e782f sp=0x000000faf7378080 mode 2
Event: 3.037 Thread 0x000000faf6570000 Uncommon trap: trap_request=0xffffffcc fr.pc=0x000000fae6345370 relative=0x00000000000002b0
Event: 3.037 Thread 0x000000faf6570000 Uncommon trap: reason=intrinsic_or_type_checked_inlining action=make_not_entrant pc=0x000000fae6345370 method=java.util.Arrays.copyOf([Ljava/lang/Object;ILjava/lang/Class;)[Ljava/lang/Object; @ 35 c2
Event: 3.037 Thread 0x000000faf6570000 DEOPT PACKING pc=0x000000fae6345370 sp=0x000000faf73783a0
Event: 3.037 Thread 0x000000faf6570000 DEOPT UNPACKING pc=0x000000fade7e782f sp=0x000000faf7378348 mode 2

Classes redefined (0 events):
No events

Internal exceptions (20 events):
Event: 0.990 Thread 0x000000faf6570000 Exception <a 'java/lang/NoSuchMethodError'{0x000000008d9c1af0}: 'void java.lang.invoke.DirectMethodHandle$Holder.invokeStaticInit(java.lang.Object)'> (0x000000008d9c1af0) thrown at [./src/hotspot/share/interpreter/linkResolver.cpp, line 773]
Event: 1.039 Thread 0x000000faf6570000 Exception <a 'java/lang/NoSuchMethodError'{0x000000008e19da50}: 'java.lang.Object java.lang.invoke.DirectMethodHandle$Holder.invokeStatic(java.lang.Object, java.lang.Object, java.lang.Object, java.lang.Object, java.lang.Object, java.lang.Object, java.lang.Object, java.lang.Object, java.lang.Object, java.lang.Object, java.lang.Object, int)'> (0x000000008e19da50) thrown at [./src/hotspot/share/interpreter/linkResolver.cpp, line 773]
Event: 1.043 Thread 0x000000faf6570000 Exception <a 'java/lang/NoSuchMethodError'{0x000000008e1bbbf8}: 'java.lang.Object java.lang.invoke.DirectMethodHandle$Holder.invokeStatic(java.lang.Object, java.lang.Object, java.lang.Object, java.lang.Object, java.lang.Object, java.lang.Object, java.lang.Object, java.lang.Object, java.lang.Object, java.lang.Object, java.lang.Object, int, int)'> (0x000000008e1bbbf8) thrown at [./src/hotspot/share/interpreter/linkResolver.cpp, line 773]
Event: 1.047 Thread 0x000000faf6570000 Exception <a 'java/lang/NoSuchMethodError'{0x000000008e1dac30}: 'java.lang.Object java.lang.invoke.DirectMethodHandle$Holder.invokeStatic(java.lang.Object, java.lang.Object, java.lang.Object, java.lang.Object, java.lang.Object, java.lang.Object, java.lang.Object, java.lang.Object, java.lang.Object, java.lang.Object, java.lang.Object, int, int, java.lang.Object)'> (0x000000008e1dac30) thrown at [./src/hotspot/share/interpreter/linkResolver.cpp, line 773]
Event: 1.050 Thread 0x000000faf6570000 Exception <a 'java/lang/NoSuchMethodError'{0x000000008e1fb390}: 'java.lang.Object java.lang.invoke.DirectMethodHandle$Holder.invokeStatic(java.lang.Object, java.lang.Object, java.lang.Object, java.lang.Object, java.lang.Object, java.lang.Object, java.lang.Object, java.lang.Object, java.lang.Object, java.lang.Object, java.lang.Object, int, int, java.lang.Object, java.lang.Object)'> (0x000000008e1fb390) thrown at [./src/hotspot/share/interpreter/linkResolver.cpp, line 773]
Event: 1.069 Thread 0x000000faf6570000 Exception <a 'java/lang/NoSuchMethodError'{0x000000008e076a38}: 'java.lang.Object java.lang.invoke.DirectMethodHandle$Holder.invokeStatic(java.lang.Object, java.lang.Object, java.lang.Object, java.lang.Object, java.lang.Object, java.lang.Object, java.lang.Object, java.lang.Object, java.lang.Object, java.lang.Object, java.lang.Object, java.lang.Object, java.lang.Object, int)'> (0x000000008e076a38) thrown at [./src/hotspot/share/interpreter/linkResolver.cpp, line 773]
Event: 1.071 Thread 0x000000faf6570000 Exception <a 'java/lang/NoSuchMethodError'{0x000000008df030d8}: 'java.lang.Object java.lang.invoke.DirectMethodHandle$Holder.invokeStatic(java.lang.Object, java.lang.Object, java.lang.Object, java.lang.Object, java.lang.Object, java.lang.Object, java.lang.Object, java.lang.Object, java.lang.Object, java.lang.Object, java.lang.Object, java.lang.Object, java.lang.Object, int, int)'> (0x000000008df030d8) thrown at [./src/hotspot/share/interpreter/linkResolver.cpp, line 773]
Event: 1.085 Thread 0x000000faf6570000 Exception <a 'java/lang/ClassNotFoundException'{0x000000008df57090}: com/sun/java/swing/plaf/windows/resources/spi/windowsProvider> (0x000000008df57090) thrown at [./src/hotspot/share/classfile/systemDictionary.cpp, line 231]
Event: 1.469 Thread 0x000000faf6570000 Exception <a 'java/lang/NoClassDefFoundError'{0x000000008c6a6268}: org/slf4j/impl/StaticLoggerBinder> (0x000000008c6a6268) thrown at [./src/hotspot/share/classfile/systemDictionary.cpp, line 220]
Event: 1.883 Thread 0x000000faf6570000 Exception <a 'java/lang/NoSuchMethodError'{0x000000008cb72770}: 'java.lang.Object java.lang.invoke.DirectMethodHandle$Holder.invokeStatic(java.lang.Object, int, int, int, int)'> (0x000000008cb72770) thrown at [./src/hotspot/share/interpreter/linkResolver.cpp, line 773]
Event: 1.883 Thread 0x000000faf6570000 Exception <a 'java/lang/NoSuchMethodError'{0x000000008cb76090}: 'java.lang.Object java.lang.invoke.DirectMethodHandle$Holder.invokeStaticInit(java.lang.Object, int, int, int, int)'> (0x000000008cb76090) thrown at [./src/hotspot/share/interpreter/linkResolver.cpp, line 773]
Event: 1.947 Thread 0x000000faf6570000 Exception <a 'java/lang/NoSuchMethodError'{0x000000008ca3ca60}: 'java.lang.Object java.lang.invoke.DirectMethodHandle$Holder.invokeStatic(java.lang.Object, java.lang.Object, int, int, int, int)'> (0x000000008ca3ca60) thrown at [./src/hotspot/share/interpreter/linkResolver.cpp, line 773]
Event: 1.947 Thread 0x000000faf6570000 Exception <a 'java/lang/NoSuchMethodError'{0x000000008ca405b0}: 'java.lang.Object java.lang.invoke.DirectMethodHandle$Holder.invokeStaticInit(java.lang.Object, java.lang.Object, int, int, int, int)'> (0x000000008ca405b0) thrown at [./src/hotspot/share/interpreter/linkResolver.cpp, line 773]
Event: 1.991 Thread 0x000000faf6570000 Implicit null exception at 0x000000fae62b10f4 to 0x000000fae62b15d4
Event: 1.992 Thread 0x000000faf6570000 Implicit null exception at 0x000000fae62a9c74 to 0x000000fae62aa12c
Event: 2.019 Thread 0x000000faf8e23800 Exception <a 'java/lang/reflect/InvocationTargetException'{0x000000008c749138}> (0x000000008c749138) thrown at [./src/hotspot/share/runtime/reflection.cpp, line 1247]
Event: 2.019 Thread 0x000000faf910e800 Exception <a 'java/lang/reflect/InvocationTargetException'{0x000000008c88e4e8}> (0x000000008c88e4e8) thrown at [./src/hotspot/share/runtime/reflection.cpp, line 1247]
Event: 2.087 Thread 0x000000faf6570000 Exception <a 'java/lang/NoSuchMethodError'{0x000000008c3cc628}: 'int java.lang.invoke.DirectMethodHandle$Holder.invokeVirtual(java.lang.Object, java.lang.Object)'> (0x000000008c3cc628) thrown at [./src/hotspot/share/interpreter/linkResolver.cpp, line 773]
Event: 2.101 Thread 0x000000faf6570000 Exception <a 'java/lang/reflect/InvocationTargetException'{0x000000008c27aec8}> (0x000000008c27aec8) thrown at [./src/hotspot/share/runtime/reflection.cpp, line 1247]
Event: 3.053 Thread 0x000000faf6570000 Exception <a 'java/lang/NoSuchMethodError'{0x000000008f9e35f8}: 'java.lang.Object java.lang.invoke.Invokers$Holder.linkToTargetMethod(java.lang.Object, int, java.lang.Object)'> (0x000000008f9e35f8) thrown at [./src/hotspot/share/interpreter/linkResolver.cpp, line 773]

Events (20 events):
Event: 3.176 loading class org/jetbrains/skija/paragraph/Alignment
Event: 3.176 loading class org/jetbrains/skija/paragraph/Alignment done
Event: 3.176 loading class org/jetbrains/skija/paragraph/ParagraphBuilder
Event: 3.176 loading class org/jetbrains/skija/paragraph/ParagraphBuilder done
Event: 3.177 loading class org/jetbrains/skija/paragraph/ParagraphBuilder$_FinalizerHolder
Event: 3.177 loading class org/jetbrains/skija/paragraph/ParagraphBuilder$_FinalizerHolder done
Event: 3.177 loading class androidx/compose/ui/text/font/FontListFontFamily
Event: 3.177 loading class androidx/compose/ui/text/font/FontListFontFamily done
Event: 3.177 loading class androidx/compose/ui/text/font/FileBasedFontFamily
Event: 3.177 loading class androidx/compose/ui/text/font/FileBasedFontFamily done
Event: 3.178 loading class org/jetbrains/skija/paragraph/TextStyle$_FinalizerHolder
Event: 3.178 loading class org/jetbrains/skija/paragraph/TextStyle$_FinalizerHolder done
Event: 3.178 loading class org/jetbrains/skija/FontStyle
Event: 3.178 loading class org/jetbrains/skija/FontStyle done
Event: 3.179 loading class org/jetbrains/skija/FontSlant
Event: 3.179 loading class org/jetbrains/skija/FontSlant done
Event: 3.179 loading class org/jetbrains/skija/paragraph/Paragraph
Event: 3.179 loading class org/jetbrains/skija/paragraph/Paragraph done
Event: 3.180 loading class org/jetbrains/skija/paragraph/Paragraph$_FinalizerHolder
Event: 3.180 loading class org/jetbrains/skija/paragraph/Paragraph$_FinalizerHolder done


Dynamic libraries:
0x00007ff70a5d0000 - 0x00007ff70a5da000 	D:\JetBrains\IntelliJ IDEA Community Edition 2020.2.3\jbr\bin\java.exe
0x00007ffab9560000 - 0x00007ffab970a000 	C:\Windows\SYSTEM32\ntdll.dll
0x00007ffab8c80000 - 0x00007ffab8dba000 	C:\Windows\system32\KERNEL32.DLL
0x00007ffab69f0000 - 0x00007ffab6b00000 	C:\Windows\system32\KERNELBASE.dll
0x00007ffaaf570000 - 0x00007ffaaf589000 	D:\JetBrains\IntelliJ IDEA Community Edition 2020.2.3\jbr\bin\jli.dll
0x00007ffaa48a0000 - 0x00007ffaa48b7000 	D:\JetBrains\IntelliJ IDEA Community Edition 2020.2.3\jbr\bin\VCRUNTIME140.dll
0x00007ffaae200000 - 0x00007ffaae204000 	C:\Windows\SYSTEM32\api-ms-win-crt-stdio-l1-1-0.dll
0x00007ffaaec30000 - 0x00007ffaaec34000 	C:\Windows\SYSTEM32\api-ms-win-crt-runtime-l1-1-0.dll
0x00007ffaae1f0000 - 0x00007ffaae1f3000 	C:\Windows\SYSTEM32\api-ms-win-crt-environment-l1-1-0.dll
0x00007ffaae1e0000 - 0x00007ffaae1e5000 	C:\Windows\SYSTEM32\api-ms-win-crt-math-l1-1-0.dll
0x00007ffaae1c0000 - 0x00007ffaae1c3000 	C:\Windows\SYSTEM32\api-ms-win-crt-locale-l1-1-0.dll
0x00007ffaae240000 - 0x00007ffaae243000 	C:\Windows\SYSTEM32\api-ms-win-crt-heap-l1-1-0.dll
0x00007ffab4870000 - 0x00007ffab4aca000 	C:\Windows\WinSxS\amd64_microsoft.windows.common-controls_6595b64144ccf1df_6.0.9600.17031_none_6242a4b3ecbb55a1\COMCTL32.dll
0x00007ffab8e70000 - 0x00007ffab8fe1000 	C:\Windows\system32\USER32.dll
0x00007ffaae1d0000 - 0x00007ffaae1d3000 	C:\Windows\SYSTEM32\api-ms-win-crt-filesystem-l1-1-0.dll
0x00007ffaae210000 - 0x00007ffaae214000 	C:\Windows\SYSTEM32\api-ms-win-crt-string-l1-1-0.dll
0x00007ffaae1b0000 - 0x00007ffaae1b4000 	C:\Windows\SYSTEM32\api-ms-win-crt-convert-l1-1-0.dll
0x00007ffab7230000 - 0x00007ffab72d7000 	C:\Windows\system32\msvcrt.dll
0x00007ffab6de0000 - 0x00007ffab6f25000 	C:\Windows\system32\GDI32.dll
0x00007ffaae0b0000 - 0x00007ffaae1a2000 	C:\Windows\SYSTEM32\ucrtbase.DLL
0x00007ffab7000000 - 0x00007ffab7034000 	C:\Windows\system32\IMM32.DLL
0x00007ffab8b40000 - 0x00007ffab8c79000 	C:\Windows\system32\MSCTF.dll
0x00007ffab6890000 - 0x00007ffab68c0000 	C:\Windows\system32\nvinitx.dll
0x00007ffab6880000 - 0x00007ffab688a000 	C:\Windows\SYSTEM32\VERSION.dll
0x00007ffab6f50000 - 0x00007ffab6ff5000 	C:\Windows\system32\ADVAPI32.dll
0x00007ffab94a0000 - 0x00007ffab94f7000 	C:\Windows\SYSTEM32\sechost.dll
0x00007ffab74c0000 - 0x00007ffab75f6000 	C:\Windows\system32\RPCRT4.dll
0x00000000586a0000 - 0x00000000586a6000 	C:\Program Files\NVIDIA Corporation\CoProcManager\_etoured.dll
0x00007ffab4830000 - 0x00007ffab4868000 	C:\Program Files\NVIDIA Corporation\CoProcManager\nvd3d9wrapx.dll
0x00007ffab7040000 - 0x00007ffab7214000 	C:\Windows\system32\SETUPAPI.dll
0x00007ffab69a0000 - 0x00007ffab69ea000 	C:\Windows\system32\CFGMGR32.dll
0x00007ffab4750000 - 0x00007ffab4774000 	C:\Program Files\NVIDIA Corporation\CoProcManager\nvdxgiwrapx.dll
0x00007ffaa4800000 - 0x00007ffaa489d000 	D:\JetBrains\IntelliJ IDEA Community Edition 2020.2.3\jbr\bin\msvcp140.dll
0x00007ffaaf4f0000 - 0x00007ffaaf4f5000 	C:\Windows\SYSTEM32\api-ms-win-crt-multibyte-l1-1-0.dll
0x00007ffaae220000 - 0x00007ffaae223000 	C:\Windows\SYSTEM32\api-ms-win-crt-time-l1-1-0.dll
0x00007ffaae230000 - 0x00007ffaae233000 	C:\Windows\SYSTEM32\api-ms-win-crt-utility-l1-1-0.dll
0x00007ffaa0ba0000 - 0x00007ffaa1670000 	D:\JetBrains\IntelliJ IDEA Community Edition 2020.2.3\jbr\bin\server\jvm.dll
0x00007ffab1a30000 - 0x00007ffab1a39000 	C:\Windows\SYSTEM32\WSOCK32.dll
0x00007ffab1e30000 - 0x00007ffab1e4f000 	C:\Windows\SYSTEM32\WINMM.dll
0x00007ffab8dc0000 - 0x00007ffab8dc7000 	C:\Windows\system32\PSAPI.DLL
0x00007ffab90b0000 - 0x00007ffab9108000 	C:\Windows\system32\WS2_32.dll
0x00007ffab1d50000 - 0x00007ffab1d7a000 	C:\Windows\SYSTEM32\WINMMBASE.dll
0x00007ffab9490000 - 0x00007ffab9499000 	C:\Windows\system32\NSI.dll
0x00007ffab5710000 - 0x00007ffab5736000 	C:\Windows\SYSTEM32\DEVOBJ.dll
0x00007ffab5760000 - 0x00007ffab576a000 	C:\Windows\SYSTEM32\kernel.appcore.dll
0x00007ffaafc00000 - 0x00007ffaafc11000 	D:\JetBrains\IntelliJ IDEA Community Edition 2020.2.3\jbr\bin\verify.dll
0x00007ffaae340000 - 0x00007ffaae4c8000 	C:\Windows\SYSTEM32\DBGHELP.DLL
0x00007ffaafb70000 - 0x00007ffaafb99000 	D:\JetBrains\IntelliJ IDEA Community Edition 2020.2.3\jbr\bin\java.dll
0x00007ffaafbf0000 - 0x00007ffaafbfb000 	D:\JetBrains\IntelliJ IDEA Community Edition 2020.2.3\jbr\bin\jimage.dll
0x00007ffaae780000 - 0x00007ffaae78f000 	D:\JetBrains\IntelliJ IDEA Community Edition 2020.2.3\jbr\bin\instrument.dll
0x00007ffaafb50000 - 0x00007ffaafb68000 	D:\JetBrains\IntelliJ IDEA Community Edition 2020.2.3\jbr\bin\zip.dll
0x00007ffab7710000 - 0x00007ffab8b27000 	C:\Windows\system32\SHELL32.dll
0x00007ffab72e0000 - 0x00007ffab74b6000 	C:\Windows\SYSTEM32\combase.dll
0x00007ffab7600000 - 0x00007ffab7651000 	C:\Windows\system32\SHLWAPI.dll
0x00007ffab4ce0000 - 0x00007ffab4d7f000 	C:\Windows\SYSTEM32\SHCORE.dll
0x00007ffab68d0000 - 0x00007ffab68e4000 	C:\Windows\SYSTEM32\profapi.dll
0x00007ffaafb30000 - 0x00007ffaafb4a000 	D:\JetBrains\IntelliJ IDEA Community Edition 2020.2.3\jbr\bin\net.dll
0x00007ffaae4d0000 - 0x00007ffaae595000 	C:\Windows\SYSTEM32\WINHTTP.dll
0x00007ffab6150000 - 0x00007ffab61a8000 	C:\Windows\system32\mswsock.dll
0x00007ffaafb10000 - 0x00007ffaafb24000 	D:\JetBrains\IntelliJ IDEA Community Edition 2020.2.3\jbr\bin\nio.dll
0x00007ffaa4680000 - 0x00007ffaa469a000 	D:\JetBrains\IntelliJ IDEA Community Edition 2020.2.3\bin\breakgen64.dll
0x00007ffaa4910000 - 0x00007ffaa4ab4000 	D:\JetBrains\IntelliJ IDEA Community Edition 2020.2.3\jbr\bin\awt.dll
0x00007ffab4b10000 - 0x00007ffab4b30000 	C:\Windows\SYSTEM32\dwmapi.dll
0x00007ffab8ff0000 - 0x00007ffab90a7000 	C:\Windows\system32\OLEAUT32.dll
0x00007ffab54c0000 - 0x00007ffab5548000 	C:\Windows\system32\apphelp.dll
0x00007ffab5590000 - 0x00007ffab56b1000 	C:\Windows\system32\uxtheme.dll
0x00007ffab9310000 - 0x00007ffab9488000 	C:\Windows\system32\ole32.dll
0x00007ffab6760000 - 0x00007ffab676a000 	C:\Windows\SYSTEM32\CRYPTBASE.dll
0x00007ffab6700000 - 0x00007ffab6760000 	C:\Windows\SYSTEM32\bcryptPrimitives.dll
0x00007ffaa0860000 - 0x00007ffaa0981000 	C:\Windows\system32\opengl32.dll
0x00007ffaaf990000 - 0x00007ffaaf9bc000 	C:\Windows\SYSTEM32\GLU32.dll
0x00007ffaa42f0000 - 0x00007ffaa43e4000 	C:\Windows\SYSTEM32\DDRAW.dll
0x00007ffaaf980000 - 0x00007ffaaf989000 	C:\Windows\SYSTEM32\DCIMAN32.dll
0x00007ffa90320000 - 0x00007ffa90f74000 	C:\Users\saeed\.skiko\8c3334e41c9b2498065bff0c9ec17b188524de85f0ebdc43f9e629a7e71e33e8\skiko.dll
0x00007ffab2c00000 - 0x00007ffab2ddf000 	C:\Windows\SYSTEM32\dwrite.dll
0x00007ffab61b0000 - 0x00007ffab61ce000 	C:\Windows\SYSTEM32\CRYPTSP.dll
0x00007ffab5df0000 - 0x00007ffab5e25000 	C:\Windows\system32\rsaenh.dll
0x00007ffab63e0000 - 0x00007ffab6406000 	C:\Windows\SYSTEM32\bcrypt.dll
0x00007ffab5f00000 - 0x00007ffab5f1f000 	C:\Windows\SYSTEM32\USERENV.dll
0x00007ffab18b0000 - 0x00007ffab18d9000 	C:\Windows\SYSTEM32\IPHLPAPI.DLL
0x00007ffab1880000 - 0x00007ffab188a000 	C:\Windows\SYSTEM32\WINNSI.DLL
0x00007ffab1440000 - 0x00007ffab1454000 	C:\Windows\SYSTEM32\dhcpcsvc6.DLL
0x00007ffab1560000 - 0x00007ffab1579000 	C:\Windows\SYSTEM32\dhcpcsvc.DLL
0x00007ffab5f60000 - 0x00007ffab6003000 	C:\Windows\SYSTEM32\DNSAPI.dll
0x00007ffaa4de0000 - 0x00007ffaa4de9000 	C:\Windows\System32\rasadhlp.dll
0x00007ffab1490000 - 0x00007ffab14f7000 	C:\Windows\System32\fwpuclnt.dll
0x00007ffaafa70000 - 0x00007ffaafaf8000 	D:\JetBrains\IntelliJ IDEA Community Edition 2020.2.3\jbr\bin\freetype.dll
0x00007ffaaf9c0000 - 0x00007ffaafa69000 	D:\JetBrains\IntelliJ IDEA Community Edition 2020.2.3\jbr\bin\fontmanager.dll
0x00007ffaa46a0000 - 0x00007ffaa46a8000 	D:\JetBrains\IntelliJ IDEA Community Edition 2020.2.3\jbr\bin\jawt.dll
0x00007ffab6ce0000 - 0x00007ffab6d2c000 	C:\Windows\system32\WINTRUST.dll
0x00007ffab6b00000 - 0x00007ffab6cd7000 	C:\Windows\system32\CRYPT32.dll
0x000000faf68f0000 - 0x000000faf6902000 	C:\Windows\system32\MSASN1.dll
0x00007ffa8fae0000 - 0x00007ffa90311000 	C:\Windows\SYSTEM32\ig7icd64.dll
0x00007ffab2e40000 - 0x00007ffab32a5000 	C:\Windows\SYSTEM32\igdusc64.dll
0x00007ffab5050000 - 0x00007ffab5061000 	C:\Windows\SYSTEM32\WTSAPI32.dll

dbghelp: loaded successfully - version: 4.0.5 - missing functions: none
symbol engine: initialized successfully - sym options: 0x614 - pdb path: .;D:\JetBrains\IntelliJ IDEA Community Edition 2020.2.3\jbr\bin;C:\Windows\SYSTEM32;C:\Windows\WinSxS\amd64_microsoft.windows.common-controls_6595b64144ccf1df_6.0.9600.17031_none_6242a4b3ecbb55a1;C:\Program Files\NVIDIA Corporation\CoProcManager;D:\JetBrains\IntelliJ IDEA Community Edition 2020.2.3\jbr\bin\server;D:\JetBrains\IntelliJ IDEA Community Edition 2020.2.3\bin;C:\Users\saeed\.skiko\8c3334e41c9b2498065bff0c9ec17b188524de85f0ebdc43f9e629a7e71e33e8

VM Arguments:
jvm_args: -javaagent:D:\JetBrains\IntelliJ IDEA Community Edition 2020.2.3\lib\idea_rt.jar=51043:D:\JetBrains\IntelliJ IDEA Community Edition 2020.2.3\bin -Dfile.encoding=UTF-8 
java_command: MainKt
java_class_path (initial): C:\Users\saeed\IdeaProjects\untitled1\build\classes\kotlin\main;C:\Users\saeed\.gradle\caches\modules-2\files-2.1\org.litote.kmongo\kmongo\4.2.5\ce4b193c7c8a9c12875e0afd62d573627e144e35\kmongo-4.2.5.jar;C:\Users\saeed\.gradle\caches\modules-2\files-2.1\org.mongodb\mongodb-driver-sync\4.2.2\701dc782a41912284c21a76b35e96473550fa5cf\mongodb-driver-sync-4.2.2.jar;C:\Users\saeed\.gradle\caches\modules-2\files-2.1\org.jetbrains.kotlin\kotlin-stdlib-jdk8\1.4.20\756521338269950c2a276f1abe6fef8e1a5e5528\kotlin-stdlib-jdk8-1.4.20.jar;C:\Users\saeed\.gradle\caches\modules-2\files-2.1\org.litote.kmongo\kmongo-core\4.2.5\85fd5a31d828e8f809ef4abbbd0489540f06482d\kmongo-core-4.2.5.jar;C:\Users\saeed\.gradle\caches\modules-2\files-2.1\org.litote.kmongo\kmongo-jackson-mapping\4.2.5\e85aec9acd1e854af87bcc8a4a12fe3e7e6fe9b7\kmongo-jackson-mapping-4.2.5.jar;C:\Users\saeed\.gradle\caches\modules-2\files-2.1\org.jetbrains.kotlin\kotlin-stdlib\1.4.31\a58e0fb9812a6a93ca24b5da75e4b5a0cb89c957\kotlin-stdlib-1.4.31.jar;C:\Users\saeed\.gradle\caches\modules-2\files-2.1\org.mongodb\mongodb-driver-core\4.2.2\1b67153f73a3bcaa94b204cd40543e377ccd7c02\mongodb-driver-core-4.2.2.jar;C:\Users\saeed\.gradle\caches\modules-2\files-2.1\org.mongodb\bson\4.2.2\56413d45800ef7391bb038095996f1a659cd8a80\bson-4.2.2.jar;C:\Users\saeed\.gradle\caches\modules-2\files-2.1\com.itextpdf\barcodes\7.1.14\74d4da9c2c91a451f0ad60707b663748860b26d6\barcodes-7.1.14.jar;C:\Users\saeed\.gradle\caches\modules-2\files-2.1\com.itextpdf\font-asian\7.1.14\27e90545cd68fd530c4184edbe8a282c3c85c4f4\font-asian-7.1.14.jar;C:\Users\saeed\.gradle\caches\modules-2\files-2.1\com.itextpdf\sign\7.1.14\ab1d11c1fbfe1e26f1b169d23e5ba2fce790303d\sign-7.1.14.jar;C:\Users\saeed\.gradle\caches\modules-2\files-2.1\com.itextpdf\forms\7.1.14\d6020c4c67b67dfc6e99d8d957bbf0603d726b41\forms-7.1.14.jar;C:\Users\saeed\.gradle\caches\modules-2\files-2.1\com.itextpdf\hyph\7.1.14\52ac60b6aeff1ee56bb26ea0ba410035c660e367\hyph-7.1.
Launcher Type: SUN_STANDARD

[Global flags]
     intx CICompilerCount                          = 3                                         {product} {ergonomic}
     uint ConcGCThreads                            = 1                                         {product} {ergonomic}
     uint G1ConcRefinementThreads                  = 4                                         {product} {ergonomic}
   size_t G1HeapRegionSize                         = 1048576                                   {product} {ergonomic}
    uintx GCDrainStackTargetSize                   = 64                                        {product} {ergonomic}
   size_t InitialHeapSize                          = 127926272                                 {product} {ergonomic}
   size_t MarkStackSize                            = 4194304                                   {product} {ergonomic}
   size_t MaxHeapSize                              = 2038431744                                {product} {ergonomic}
   size_t MaxNewSize                               = 1222639616                                {product} {ergonomic}
   size_t MinHeapDeltaBytes                        = 1048576                                   {product} {ergonomic}
    uintx NonNMethodCodeHeapSize                   = 5830732                                {pd product} {ergonomic}
    uintx NonProfiledCodeHeapSize                  = 122913754                              {pd product} {ergonomic}
    uintx ProfiledCodeHeapSize                     = 122913754                              {pd product} {ergonomic}
    uintx ReservedCodeCacheSize                    = 251658240                              {pd product} {ergonomic}
     bool SegmentedCodeCache                       = true                                      {product} {ergonomic}
     bool UseCompressedClassPointers               = true                                 {lp64_product} {ergonomic}
     bool UseCompressedOops                        = true                                 {lp64_product} {ergonomic}
     bool UseG1GC                                  = true                                      {product} {ergonomic}
     bool UseLargePagesIndividualAllocation        = false                                  {pd product} {ergonomic}

Logging:
Log output configuration:
 #0: stdout all=warning uptime,level,tags
 #1: stderr all=off uptime,level,tags

Environment Variables:
JAVA_HOME=D:\android-studio-2020.3.1.8-windows\android-studio\jre
CLASSPATH=C:\Program Files (x86)\SAP\SAP Business One DI API\JCO\LIB\sbowrapper.jar;C:\Program Files (x86)\SAP\SAP Business One DI API\JCO\LIB\sboapi.jar
PATH=C:\Program Files (x86)\Common Files\Oracle\Java\javapath;C:\Windows\system32;C:\Windows;C:\Windows\System32\Wbem;C:\Windows\System32\WindowsPowerShell\v1.0\;C:\Program Files (x86)\Common Files\Intuit\QBPOSSDKRuntime;C:\Program Files (x86)\Microsoft SQL Server\100\Tools\Binn\;C:\Program Files\Microsoft SQL Server\100\Tools\Binn\;C:\Program Files\Microsoft SQL Server\100\DTS\Binn\;C:\Program Files (x86)\Microsoft SQL Server\100\Tools\Binn\VSShell\Common7\IDE\;C:\Program Files (x86)\Microsoft Visual Studio 9.0\Common7\IDE\PrivateAssemblies\;C:\Program Files (x86)\Microsoft SQL Server\100\DTS\Binn\;C:\Program Files (x86)\Microsoft SQL Server\Client SDK\ODBC\130\Tools\Binn\;C:\Program Files (x86)\Microsoft SQL Server\140\Tools\Binn\;C:\Program Files (x86)\Microsoft SQL Server\140\DTS\Binn\;C:\Program Files (x86)\Microsoft SQL Server\140\Tools\Binn\ManagementStudio\;C:\Program Files\Microsoft SQL Server Migration Assistant for MySQL\bin\;C:\Program Files\Microsoft SQL Server\130\Tools\Binn\;C:\Windows\idmu\common;C:\Program Files\Git\cmd;C:\Program Files (x86)\SAP\SAP Business One DI API\JCO\LIB\;C:\Program Files (x86)\SAP\SAP Business One\
USERNAME=saeed
OS=Windows_NT
PROCESSOR_IDENTIFIER=Intel64 Family 6 Model 58 Stepping 9, GenuineIntel



---------------  S Y S T E M  ---------------

OS: Windows 8.1 , 64 bit Build 9600 (6.3.9600.17031)
OS uptime: 0 days 2:32 hours

CPU:total 4 (initial active 4) (2 cores per cpu, 2 threads per core) family 6 model 58 stepping 9 microcode 0x17, cmov, cx8, fxsr, mmx, sse, sse2, sse3, ssse3, sse4.1, sse4.2, popcnt, avx, clmul, erms, ht, tsc, tscinvbit, tscinv

Memory: 4k page, system-wide physical 7768M (3107M free)
TotalPageFile size 9752M (AvailPageFile size 4229M)
current process WorkingSet (physical memory assigned to process): 199M, peak: 203M
current process commit charge ("private bytes"): 318M, peak: 328M

vm_info: OpenJDK 64-Bit Server VM (11.0.10+8-b1145.96) for windows-amd64 JRE (11.0.10+8-b1145.96), built on Feb 18 2021 01:38:16 by "" with MS VC++ 14.0 (VS2015)

END.
